<?xml version="1.0" encoding="UTF-8"?>
<testsuites name="0.5.5" time="1673" tests="22" failures="5" errors="0">
   <testsuite name="0.5.5" tests="22" failures="5" errors="0" time="1673" timestamp="2019-07-09 15:48:08" hostname="sumankompelly - 10.0.126.233" id="Test Suites/0.5.5">
      <properties>
[...]
</properties>
      <testcase name="Test Cases/COLLECTION PAGE/Sort" classname="Test Cases/COLLECTION PAGE/Sort" status="PASSED">
         <system-out><![CDATA[2019-07-09 15:48:09 - [TEST_CASE][PASSED] - Test Cases/COLLECTION PAGE/Sort: Test Cases/COLLECTION PAGE/Sort

2019-07-09 15:48:09 - [TEST_STEP][PASSED] - callTestCase(findTestCase("CALL - URL"), [:], STOP_ON_FAILURE): Call Test Case 'Test Cases/CALL - URL' successfully

2019-07-09 15:48:09 - [TEST_CASE][PASSED] - Test Cases/CALL - URL: Test Cases/CALL - URL

2019-07-09 15:48:10 - [TEST_STEP][PASSED] - openBrowser(""): Browser is opened with url: ''

2019-07-09 15:48:10 - [MESSAGE][INFO] - Starting 'Firefox' driver

2019-07-09 15:48:10 - [MESSAGE][INFO] - Action delay is set to 0 seconds

2019-07-09 15:48:15 - [MESSAGE][PASSED] - Browser is opened with url: ''

2019-07-09 15:48:15 - [TEST_STEP][PASSED] - navigateToUrl("https://apollo-fireball.myshopify.com/?_ab=0&_fd=0&_sc=1&key=96c2edace7b9967f3a77c2e2b131937136039831e9ec35f31598610005fa8795&preview_theme_id=46803124304"): Navigate to 'https://apollo-fireball.myshopify.com/?_ab=0&_fd=0&_sc=1&key=96c2edace7b9967f3a77c2e2b131937136039831e9ec35f31598610005fa8795&preview_theme_id=46803124304' successfully

2019-07-09 15:48:23 - [MESSAGE][PASSED] - Navigate to 'https://apollo-fireball.myshopify.com/?_ab=0&_fd=0&_sc=1&key=96c2edace7b9967f3a77c2e2b131937136039831e9ec35f31598610005fa8795&preview_theme_id=46803124304' successfully

2019-07-09 15:48:23 - [TEST_STEP][PASSED] - executeJavaScript("var previewBar = document.getElementById("preview-bar-iframe"); previewBar.style.display = "none";", []): Execute JavaScript 'var previewBar = document.getElementById("preview-bar-iframe"); previewBar.style.display = "none";' successfully

2019-07-09 15:48:23 - [MESSAGE][PASSED] - Execute JavaScript 'var previewBar = document.getElementById("preview-bar-iframe"); previewBar.style.display = "none";' successfully

2019-07-09 15:48:23 - [TEST_STEP][PASSED] - maximizeWindow(): Current window maximized

2019-07-09 15:48:24 - [MESSAGE][PASSED] - Current window maximized

2019-07-09 15:48:24 - [MESSAGE][PASSED] - Call Test Case 'Test Cases/CALL - URL' successfully

2019-07-09 15:48:24 - [TEST_STEP][PASSED] - delay(2): Delayed 2 second(s)

2019-07-09 15:48:26 - [MESSAGE][PASSED] - Delayed 2 second(s)

2019-07-09 15:48:26 - [TEST_STEP][PASSED] - click(findTestObject("APOLLO- Desktop/Burger Menu/Burgermenu")): Object: 'Object Repository/APOLLO- Desktop/Burger Menu/Burgermenu' is clicked on

2019-07-09 15:48:27 - [MESSAGE][PASSED] - Object: 'Object Repository/APOLLO- Desktop/Burger Menu/Burgermenu' is clicked on

2019-07-09 15:48:27 - [TEST_STEP][PASSED] - delay(2): Delayed 2 second(s)

2019-07-09 15:48:29 - [MESSAGE][PASSED] - Delayed 2 second(s)

2019-07-09 15:48:29 - [TEST_STEP][PASSED] - click(findTestObject("APOLLO- Desktop/Burger Menu/Shop food")): Object: 'Object Repository/APOLLO- Desktop/Burger Menu/Shop food' is clicked on

2019-07-09 15:48:30 - [MESSAGE][PASSED] - Object: 'Object Repository/APOLLO- Desktop/Burger Menu/Shop food' is clicked on

2019-07-09 15:48:30 - [TEST_STEP][PASSED] - delay(2): Delayed 2 second(s)

2019-07-09 15:48:32 - [MESSAGE][PASSED] - Delayed 2 second(s)

2019-07-09 15:48:32 - [TEST_STEP][PASSED] - click(findTestObject("APOLLO- Desktop/Burger Menu/Beef")): Object: 'Object Repository/APOLLO- Desktop/Burger Menu/Beef' is clicked on

2019-07-09 15:48:35 - [MESSAGE][PASSED] - Object: 'Object Repository/APOLLO- Desktop/Burger Menu/Beef' is clicked on

2019-07-09 15:48:35 - [TEST_STEP][PASSED] - delay(2): Delayed 2 second(s)

2019-07-09 15:48:37 - [MESSAGE][PASSED] - Delayed 2 second(s)

2019-07-09 15:48:37 - [TEST_STEP][PASSED] - executeJavaScript("var previewBar = document.getElementById("preview-bar-iframe"); previewBar.style.display = "none";", []): Execute JavaScript 'var previewBar = document.getElementById("preview-bar-iframe"); previewBar.style.display = "none";' successfully

2019-07-09 15:48:37 - [MESSAGE][PASSED] - Execute JavaScript 'var previewBar = document.getElementById("preview-bar-iframe"); previewBar.style.display = "none";' successfully

2019-07-09 15:48:37 - [TEST_STEP][PASSED] - delay(2): Delayed 2 second(s)

2019-07-09 15:48:39 - [MESSAGE][PASSED] - Delayed 2 second(s)

2019-07-09 15:48:39 - [TEST_STEP][NOT_RUN] - click(findTestObject("APOLLO- Desktop/Collection page/Beef skewers")): NOT_RUN: click(findTestObject("APOLLO- Desktop/Collection page/Beef skewers"))

2019-07-09 15:48:39 - [MESSAGE][NOT_RUN] - NOT_RUN: click(findTestObject("APOLLO- Desktop/Collection page/Beef skewers"))

2019-07-09 15:48:39 - [TEST_STEP][NOT_RUN] - executeJavaScript("var previewBar = document.getElementById("preview-bar-iframe"); previewBar.style.display = "none";", []): NOT_RUN: executeJavaScript("var previewBar = document.getElementById("preview-bar-iframe"); previewBar.style.display = "none";", [])

2019-07-09 15:48:39 - [MESSAGE][NOT_RUN] - NOT_RUN: executeJavaScript("var previewBar = document.getElementById("preview-bar-iframe"); previewBar.style.display = "none";", [])

2019-07-09 15:48:39 - [TEST_STEP][NOT_RUN] - delay(2): NOT_RUN: delay(2)

2019-07-09 15:48:39 - [MESSAGE][NOT_RUN] - NOT_RUN: delay(2)

2019-07-09 15:48:39 - [TEST_STEP][NOT_RUN] - delay(2): NOT_RUN: delay(2)

2019-07-09 15:48:39 - [MESSAGE][NOT_RUN] - NOT_RUN: delay(2)

2019-07-09 15:48:39 - [TEST_STEP][NOT_RUN] - click(findTestObject("APOLLO- Desktop/Burger Menu/Shop food")): NOT_RUN: click(findTestObject("APOLLO- Desktop/Burger Menu/Shop food"))

2019-07-09 15:48:39 - [MESSAGE][NOT_RUN] - NOT_RUN: click(findTestObject("APOLLO- Desktop/Burger Menu/Shop food"))

2019-07-09 15:48:39 - [TEST_STEP][NOT_RUN] - delay(2): NOT_RUN: delay(2)

2019-07-09 15:48:39 - [MESSAGE][NOT_RUN] - NOT_RUN: delay(2)

2019-07-09 15:48:39 - [TEST_STEP][NOT_RUN] - click(findTestObject("APOLLO- Desktop/Burger Menu/Beef")): NOT_RUN: click(findTestObject("APOLLO- Desktop/Burger Menu/Beef"))

2019-07-09 15:48:39 - [MESSAGE][NOT_RUN] - NOT_RUN: click(findTestObject("APOLLO- Desktop/Burger Menu/Beef"))

2019-07-09 15:48:39 - [TEST_STEP][NOT_RUN] - delay(2): NOT_RUN: delay(2)

2019-07-09 15:48:39 - [MESSAGE][NOT_RUN] - NOT_RUN: delay(2)

2019-07-09 15:48:39 - [TEST_STEP][NOT_RUN] - click(findTestObject("APOLLO- Desktop/Burger Menu/Shirts link")): NOT_RUN: click(findTestObject("APOLLO- Desktop/Burger Menu/Shirts link"))

2019-07-09 15:48:39 - [MESSAGE][NOT_RUN] - NOT_RUN: click(findTestObject("APOLLO- Desktop/Burger Menu/Shirts link"))

2019-07-09 15:48:39 - [TEST_STEP][NOT_RUN] - executeJavaScript("var previewBar = document.getElementById("preview-bar-iframe"); previewBar.style.display = "none";", []): NOT_RUN: executeJavaScript("var previewBar = document.getElementById("preview-bar-iframe"); previewBar.style.display = "none";", [])

2019-07-09 15:48:39 - [MESSAGE][NOT_RUN] - NOT_RUN: executeJavaScript("var previewBar = document.getElementById("preview-bar-iframe"); previewBar.style.display = "none";", [])

2019-07-09 15:48:39 - [TEST_STEP][NOT_RUN] - delay(2): NOT_RUN: delay(2)

2019-07-09 15:48:39 - [MESSAGE][NOT_RUN] - NOT_RUN: delay(2)

2019-07-09 15:48:39 - [TEST_STEP][NOT_RUN] - executeJavaScript("var previewBar = document.getElementById("preview-bar-iframe"); previewBar.style.display = "none";", []): NOT_RUN: executeJavaScript("var previewBar = document.getElementById("preview-bar-iframe"); previewBar.style.display = "none";", [])

2019-07-09 15:48:39 - [MESSAGE][NOT_RUN] - NOT_RUN: executeJavaScript("var previewBar = document.getElementById("preview-bar-iframe"); previewBar.style.display = "none";", [])

2019-07-09 15:48:39 - [TEST_STEP][NOT_RUN] - delay(2): NOT_RUN: delay(2)

2019-07-09 15:48:39 - [MESSAGE][NOT_RUN] - NOT_RUN: delay(2)

2019-07-09 15:48:39 - [TEST_STEP][PASSED] - click(findTestObject("APOLLO- Desktop/Collection page/sort/Filter dropdown")): Object: 'Object Repository/APOLLO- Desktop/Collection page/sort/Filter dropdown' is clicked on

2019-07-09 15:48:40 - [MESSAGE][PASSED] - Object: 'Object Repository/APOLLO- Desktop/Collection page/sort/Filter dropdown' is clicked on

2019-07-09 15:48:40 - [TEST_STEP][PASSED] - delay(2): Delayed 2 second(s)

2019-07-09 15:48:42 - [MESSAGE][PASSED] - Delayed 2 second(s)

2019-07-09 15:48:42 - [TEST_STEP][PASSED] - click(findTestObject("APOLLO- Desktop/Collection page/sort/Featured")): Object: 'Object Repository/APOLLO- Desktop/Collection page/sort/Featured' is clicked on

2019-07-09 15:48:42 - [MESSAGE][PASSED] - Object: 'Object Repository/APOLLO- Desktop/Collection page/sort/Featured' is clicked on

2019-07-09 15:48:42 - [TEST_STEP][PASSED] - delay(2): Delayed 2 second(s)

2019-07-09 15:48:44 - [MESSAGE][PASSED] - Delayed 2 second(s)

2019-07-09 15:48:44 - [TEST_STEP][PASSED] - click(findTestObject("APOLLO- Desktop/Collection page/sort/Filter dropdown")): Object: 'Object Repository/APOLLO- Desktop/Collection page/sort/Filter dropdown' is clicked on

2019-07-09 15:48:44 - [MESSAGE][PASSED] - Object: 'Object Repository/APOLLO- Desktop/Collection page/sort/Filter dropdown' is clicked on

2019-07-09 15:48:44 - [TEST_STEP][PASSED] - delay(2): Delayed 2 second(s)

2019-07-09 15:48:46 - [MESSAGE][PASSED] - Delayed 2 second(s)

2019-07-09 15:48:46 - [TEST_STEP][PASSED] - takeScreenshot(): Taking screenshot successfully

2019-07-09 15:48:47 - [MESSAGE][PASSED] - Taking screenshot successfully
[[ATTACHMENT|/Users/sumankompelly/Katalon Studio/APOLLO - FIRE/APOLLO - FIRE- DESKTOP/Reports/0.5.5/20190709_154806/1562701726662.png]]

2019-07-09 15:48:47 - [TEST_STEP][PASSED] - delay(2): Delayed 2 second(s)

2019-07-09 15:48:49 - [MESSAGE][PASSED] - Delayed 2 second(s)

2019-07-09 15:48:49 - [TEST_STEP][PASSED] - click(findTestObject("APOLLO- Desktop/Collection page/sort/Filter dropdown")): Object: 'Object Repository/APOLLO- Desktop/Collection page/sort/Filter dropdown' is clicked on

2019-07-09 15:48:50 - [MESSAGE][PASSED] - Object: 'Object Repository/APOLLO- Desktop/Collection page/sort/Filter dropdown' is clicked on

2019-07-09 15:48:50 - [TEST_STEP][PASSED] - delay(2): Delayed 2 second(s)

2019-07-09 15:48:52 - [MESSAGE][PASSED] - Delayed 2 second(s)

2019-07-09 15:48:52 - [TEST_STEP][PASSED] - click(findTestObject("APOLLO- Desktop/Collection page/sort/Best selling")): Object: 'Object Repository/APOLLO- Desktop/Collection page/sort/Best selling' is clicked on

2019-07-09 15:48:52 - [MESSAGE][PASSED] - Object: 'Object Repository/APOLLO- Desktop/Collection page/sort/Best selling' is clicked on

2019-07-09 15:48:52 - [TEST_STEP][PASSED] - delay(2): Delayed 2 second(s)

2019-07-09 15:48:54 - [MESSAGE][PASSED] - Delayed 2 second(s)

2019-07-09 15:48:54 - [TEST_STEP][PASSED] - click(findTestObject("APOLLO- Desktop/Collection page/sort/Filter dropdown")): Object: 'Object Repository/APOLLO- Desktop/Collection page/sort/Filter dropdown' is clicked on

2019-07-09 15:48:54 - [MESSAGE][PASSED] - Object: 'Object Repository/APOLLO- Desktop/Collection page/sort/Filter dropdown' is clicked on

2019-07-09 15:48:54 - [TEST_STEP][PASSED] - delay(2): Delayed 2 second(s)

2019-07-09 15:48:56 - [MESSAGE][PASSED] - Delayed 2 second(s)

2019-07-09 15:48:56 - [TEST_STEP][PASSED] - takeScreenshot(): Taking screenshot successfully

2019-07-09 15:48:57 - [MESSAGE][PASSED] - Taking screenshot successfully
[[ATTACHMENT|/Users/sumankompelly/Katalon Studio/APOLLO - FIRE/APOLLO - FIRE- DESKTOP/Reports/0.5.5/20190709_154806/1562701736652.png]]

2019-07-09 15:48:57 - [TEST_STEP][PASSED] - delay(2): Delayed 2 second(s)

2019-07-09 15:48:59 - [MESSAGE][PASSED] - Delayed 2 second(s)

2019-07-09 15:48:59 - [TEST_STEP][PASSED] - click(findTestObject("APOLLO- Desktop/Collection page/sort/Filter dropdown")): Object: 'Object Repository/APOLLO- Desktop/Collection page/sort/Filter dropdown' is clicked on

2019-07-09 15:48:59 - [MESSAGE][PASSED] - Object: 'Object Repository/APOLLO- Desktop/Collection page/sort/Filter dropdown' is clicked on

2019-07-09 15:48:59 - [TEST_STEP][PASSED] - delay(2): Delayed 2 second(s)

2019-07-09 15:49:01 - [MESSAGE][PASSED] - Delayed 2 second(s)

2019-07-09 15:49:01 - [TEST_STEP][PASSED] - click(findTestObject("APOLLO- Desktop/Collection page/sort/Alphabetically A-Z")): Object: 'Object Repository/APOLLO- Desktop/Collection page/sort/Alphabetically A-Z' is clicked on

2019-07-09 15:49:02 - [MESSAGE][PASSED] - Object: 'Object Repository/APOLLO- Desktop/Collection page/sort/Alphabetically A-Z' is clicked on

2019-07-09 15:49:02 - [TEST_STEP][PASSED] - delay(2): Delayed 2 second(s)

2019-07-09 15:49:04 - [MESSAGE][PASSED] - Delayed 2 second(s)

2019-07-09 15:49:04 - [TEST_STEP][PASSED] - click(findTestObject("APOLLO- Desktop/Collection page/sort/Filter dropdown")): Object: 'Object Repository/APOLLO- Desktop/Collection page/sort/Filter dropdown' is clicked on

2019-07-09 15:49:04 - [MESSAGE][PASSED] - Object: 'Object Repository/APOLLO- Desktop/Collection page/sort/Filter dropdown' is clicked on

2019-07-09 15:49:04 - [TEST_STEP][PASSED] - delay(2): Delayed 2 second(s)

2019-07-09 15:49:06 - [MESSAGE][PASSED] - Delayed 2 second(s)

2019-07-09 15:49:06 - [TEST_STEP][PASSED] - takeScreenshot(): Taking screenshot successfully

2019-07-09 15:49:07 - [MESSAGE][PASSED] - Taking screenshot successfully
[[ATTACHMENT|/Users/sumankompelly/Katalon Studio/APOLLO - FIRE/APOLLO - FIRE- DESKTOP/Reports/0.5.5/20190709_154806/1562701746490.png]]

2019-07-09 15:49:07 - [TEST_STEP][PASSED] - delay(2): Delayed 2 second(s)

2019-07-09 15:49:09 - [MESSAGE][PASSED] - Delayed 2 second(s)

2019-07-09 15:49:09 - [TEST_STEP][PASSED] - click(findTestObject("APOLLO- Desktop/Collection page/sort/Filter dropdown")): Object: 'Object Repository/APOLLO- Desktop/Collection page/sort/Filter dropdown' is clicked on

2019-07-09 15:49:09 - [MESSAGE][PASSED] - Object: 'Object Repository/APOLLO- Desktop/Collection page/sort/Filter dropdown' is clicked on

2019-07-09 15:49:09 - [TEST_STEP][PASSED] - delay(2): Delayed 2 second(s)

2019-07-09 15:49:11 - [MESSAGE][PASSED] - Delayed 2 second(s)

2019-07-09 15:49:11 - [TEST_STEP][PASSED] - click(findTestObject("APOLLO- Desktop/Collection page/sort/Alphabetically Z-A")): Object: 'Object Repository/APOLLO- Desktop/Collection page/sort/Alphabetically Z-A' is clicked on

2019-07-09 15:49:11 - [MESSAGE][PASSED] - Object: 'Object Repository/APOLLO- Desktop/Collection page/sort/Alphabetically Z-A' is clicked on

2019-07-09 15:49:11 - [TEST_STEP][PASSED] - delay(2): Delayed 2 second(s)

2019-07-09 15:49:13 - [MESSAGE][PASSED] - Delayed 2 second(s)

2019-07-09 15:49:13 - [TEST_STEP][PASSED] - click(findTestObject("APOLLO- Desktop/Collection page/sort/Filter dropdown")): Object: 'Object Repository/APOLLO- Desktop/Collection page/sort/Filter dropdown' is clicked on

2019-07-09 15:49:14 - [MESSAGE][PASSED] - Object: 'Object Repository/APOLLO- Desktop/Collection page/sort/Filter dropdown' is clicked on

2019-07-09 15:49:14 - [TEST_STEP][PASSED] - delay(2): Delayed 2 second(s)

2019-07-09 15:49:16 - [MESSAGE][PASSED] - Delayed 2 second(s)

2019-07-09 15:49:16 - [TEST_STEP][PASSED] - takeScreenshot(): Taking screenshot successfully

2019-07-09 15:49:16 - [MESSAGE][PASSED] - Taking screenshot successfully
[[ATTACHMENT|/Users/sumankompelly/Katalon Studio/APOLLO - FIRE/APOLLO - FIRE- DESKTOP/Reports/0.5.5/20190709_154806/1562701756065.png]]

2019-07-09 15:49:16 - [TEST_STEP][PASSED] - delay(2): Delayed 2 second(s)

2019-07-09 15:49:18 - [MESSAGE][PASSED] - Delayed 2 second(s)

2019-07-09 15:49:18 - [TEST_STEP][PASSED] - click(findTestObject("APOLLO- Desktop/Collection page/sort/Filter dropdown")): Object: 'Object Repository/APOLLO- Desktop/Collection page/sort/Filter dropdown' is clicked on

2019-07-09 15:49:19 - [MESSAGE][PASSED] - Object: 'Object Repository/APOLLO- Desktop/Collection page/sort/Filter dropdown' is clicked on

2019-07-09 15:49:19 - [TEST_STEP][PASSED] - delay(2): Delayed 2 second(s)

2019-07-09 15:49:21 - [MESSAGE][PASSED] - Delayed 2 second(s)

2019-07-09 15:49:21 - [TEST_STEP][PASSED] - click(findTestObject("APOLLO- Desktop/Collection page/sort/Price-Low to high")): Object: 'Object Repository/APOLLO- Desktop/Collection page/sort/Price-Low to high' is clicked on

2019-07-09 15:49:21 - [MESSAGE][PASSED] - Object: 'Object Repository/APOLLO- Desktop/Collection page/sort/Price-Low to high' is clicked on

2019-07-09 15:49:21 - [TEST_STEP][PASSED] - delay(2): Delayed 2 second(s)

2019-07-09 15:49:23 - [MESSAGE][PASSED] - Delayed 2 second(s)

2019-07-09 15:49:23 - [TEST_STEP][PASSED] - click(findTestObject("APOLLO- Desktop/Collection page/sort/Filter dropdown")): Object: 'Object Repository/APOLLO- Desktop/Collection page/sort/Filter dropdown' is clicked on

2019-07-09 15:49:23 - [MESSAGE][PASSED] - Object: 'Object Repository/APOLLO- Desktop/Collection page/sort/Filter dropdown' is clicked on

2019-07-09 15:49:23 - [TEST_STEP][PASSED] - delay(2): Delayed 2 second(s)

2019-07-09 15:49:25 - [MESSAGE][PASSED] - Delayed 2 second(s)

2019-07-09 15:49:25 - [TEST_STEP][PASSED] - takeScreenshot(): Taking screenshot successfully

2019-07-09 15:49:26 - [MESSAGE][PASSED] - Taking screenshot successfully
[[ATTACHMENT|/Users/sumankompelly/Katalon Studio/APOLLO - FIRE/APOLLO - FIRE- DESKTOP/Reports/0.5.5/20190709_154806/1562701765653.png]]

2019-07-09 15:49:26 - [TEST_STEP][PASSED] - delay(2): Delayed 2 second(s)

2019-07-09 15:49:28 - [MESSAGE][PASSED] - Delayed 2 second(s)

2019-07-09 15:49:28 - [TEST_STEP][PASSED] - click(findTestObject("APOLLO- Desktop/Collection page/sort/Filter dropdown")): Object: 'Object Repository/APOLLO- Desktop/Collection page/sort/Filter dropdown' is clicked on

2019-07-09 15:49:28 - [MESSAGE][PASSED] - Object: 'Object Repository/APOLLO- Desktop/Collection page/sort/Filter dropdown' is clicked on

2019-07-09 15:49:28 - [TEST_STEP][PASSED] - delay(2): Delayed 2 second(s)

2019-07-09 15:49:30 - [MESSAGE][PASSED] - Delayed 2 second(s)

2019-07-09 15:49:30 - [TEST_STEP][PASSED] - click(findTestObject("APOLLO- Desktop/Collection page/sort/price-High to low")): Object: 'Object Repository/APOLLO- Desktop/Collection page/sort/price-High to low' is clicked on

2019-07-09 15:49:30 - [MESSAGE][PASSED] - Object: 'Object Repository/APOLLO- Desktop/Collection page/sort/price-High to low' is clicked on

2019-07-09 15:49:30 - [TEST_STEP][PASSED] - delay(2): Delayed 2 second(s)

2019-07-09 15:49:32 - [MESSAGE][PASSED] - Delayed 2 second(s)

2019-07-09 15:49:32 - [TEST_STEP][PASSED] - click(findTestObject("APOLLO- Desktop/Collection page/sort/Filter dropdown")): Object: 'Object Repository/APOLLO- Desktop/Collection page/sort/Filter dropdown' is clicked on

2019-07-09 15:49:33 - [MESSAGE][PASSED] - Object: 'Object Repository/APOLLO- Desktop/Collection page/sort/Filter dropdown' is clicked on

2019-07-09 15:49:33 - [TEST_STEP][PASSED] - delay(2): Delayed 2 second(s)

2019-07-09 15:49:35 - [MESSAGE][PASSED] - Delayed 2 second(s)

2019-07-09 15:49:35 - [TEST_STEP][PASSED] - takeScreenshot(): Taking screenshot successfully

2019-07-09 15:49:35 - [MESSAGE][PASSED] - Taking screenshot successfully
[[ATTACHMENT|/Users/sumankompelly/Katalon Studio/APOLLO - FIRE/APOLLO - FIRE- DESKTOP/Reports/0.5.5/20190709_154806/1562701775231.png]]

2019-07-09 15:49:35 - [TEST_STEP][PASSED] - delay(2): Delayed 2 second(s)

2019-07-09 15:49:37 - [MESSAGE][PASSED] - Delayed 2 second(s)

2019-07-09 15:49:37 - [TEST_STEP][PASSED] - click(findTestObject("APOLLO- Desktop/Collection page/sort/Filter dropdown")): Object: 'Object Repository/APOLLO- Desktop/Collection page/sort/Filter dropdown' is clicked on

2019-07-09 15:49:38 - [MESSAGE][PASSED] - Object: 'Object Repository/APOLLO- Desktop/Collection page/sort/Filter dropdown' is clicked on

2019-07-09 15:49:38 - [TEST_STEP][PASSED] - delay(2): Delayed 2 second(s)

2019-07-09 15:49:40 - [MESSAGE][PASSED] - Delayed 2 second(s)

2019-07-09 15:49:40 - [TEST_STEP][PASSED] - click(findTestObject("APOLLO- Desktop/Collection page/sort/Date - old to new")): Object: 'Object Repository/APOLLO- Desktop/Collection page/sort/Date - old to new' is clicked on

2019-07-09 15:49:40 - [MESSAGE][PASSED] - Object: 'Object Repository/APOLLO- Desktop/Collection page/sort/Date - old to new' is clicked on

2019-07-09 15:49:40 - [TEST_STEP][PASSED] - delay(3): Delayed 3 second(s)

2019-07-09 15:49:43 - [MESSAGE][PASSED] - Delayed 3 second(s)

2019-07-09 15:49:43 - [TEST_STEP][PASSED] - click(findTestObject("APOLLO- Desktop/Collection page/sort/Filter dropdown")): Object: 'Object Repository/APOLLO- Desktop/Collection page/sort/Filter dropdown' is clicked on

2019-07-09 15:49:43 - [MESSAGE][PASSED] - Object: 'Object Repository/APOLLO- Desktop/Collection page/sort/Filter dropdown' is clicked on

2019-07-09 15:49:43 - [TEST_STEP][PASSED] - delay(2): Delayed 2 second(s)

2019-07-09 15:49:45 - [MESSAGE][PASSED] - Delayed 2 second(s)

2019-07-09 15:49:45 - [TEST_STEP][PASSED] - takeScreenshot(): Taking screenshot successfully

2019-07-09 15:49:46 - [MESSAGE][PASSED] - Taking screenshot successfully
[[ATTACHMENT|/Users/sumankompelly/Katalon Studio/APOLLO - FIRE/APOLLO - FIRE- DESKTOP/Reports/0.5.5/20190709_154806/1562701785649.png]]

2019-07-09 15:49:46 - [TEST_STEP][PASSED] - delay(2): Delayed 2 second(s)

2019-07-09 15:49:48 - [MESSAGE][PASSED] - Delayed 2 second(s)

2019-07-09 15:49:48 - [TEST_STEP][PASSED] - click(findTestObject("APOLLO- Desktop/Collection page/sort/Filter dropdown")): Object: 'Object Repository/APOLLO- Desktop/Collection page/sort/Filter dropdown' is clicked on

2019-07-09 15:49:48 - [MESSAGE][PASSED] - Object: 'Object Repository/APOLLO- Desktop/Collection page/sort/Filter dropdown' is clicked on

2019-07-09 15:49:48 - [TEST_STEP][PASSED] - delay(2): Delayed 2 second(s)

2019-07-09 15:49:50 - [MESSAGE][PASSED] - Delayed 2 second(s)

2019-07-09 15:49:50 - [TEST_STEP][PASSED] - click(findTestObject("APOLLO- Desktop/Collection page/sort/Date- new to old")): Object: 'Object Repository/APOLLO- Desktop/Collection page/sort/Date- new to old' is clicked on

2019-07-09 15:49:50 - [MESSAGE][PASSED] - Object: 'Object Repository/APOLLO- Desktop/Collection page/sort/Date- new to old' is clicked on

2019-07-09 15:49:50 - [TEST_STEP][PASSED] - delay(2): Delayed 2 second(s)

2019-07-09 15:49:52 - [MESSAGE][PASSED] - Delayed 2 second(s)

2019-07-09 15:49:52 - [TEST_STEP][PASSED] - click(findTestObject("APOLLO- Desktop/Collection page/sort/Filter dropdown")): Object: 'Object Repository/APOLLO- Desktop/Collection page/sort/Filter dropdown' is clicked on

2019-07-09 15:49:52 - [MESSAGE][PASSED] - Object: 'Object Repository/APOLLO- Desktop/Collection page/sort/Filter dropdown' is clicked on

2019-07-09 15:49:52 - [TEST_STEP][PASSED] - takeScreenshot(): Taking screenshot successfully

2019-07-09 15:49:54 - [MESSAGE][PASSED] - Taking screenshot successfully
[[ATTACHMENT|/Users/sumankompelly/Katalon Studio/APOLLO - FIRE/APOLLO - FIRE- DESKTOP/Reports/0.5.5/20190709_154806/1562701792973.png]]

2019-07-09 15:49:54 - [TEST_STEP][PASSED] - delay(2): Delayed 2 second(s)

2019-07-09 15:49:56 - [MESSAGE][PASSED] - Delayed 2 second(s)]]></system-out>
         <system-err><![CDATA[]]></system-err>
      </testcase>
      <testcase name="Test Cases/COLLECTION PAGE/Prouducts layout style" classname="Test Cases/COLLECTION PAGE/Prouducts layout style" status="PASSED">
         <system-out><![CDATA[2019-07-09 15:49:56 - [TEST_CASE][PASSED] - Test Cases/COLLECTION PAGE/Prouducts layout style: Test Cases/COLLECTION PAGE/Prouducts layout style

2019-07-09 15:49:56 - [TEST_STEP][PASSED] - callTestCase(findTestCase("CALL - URL"), [:], STOP_ON_FAILURE): Call Test Case 'Test Cases/CALL - URL' successfully

2019-07-09 15:49:56 - [TEST_CASE][PASSED] - Test Cases/CALL - URL: Test Cases/CALL - URL

2019-07-09 15:49:56 - [TEST_STEP][PASSED] - openBrowser(""): Browser is opened with url: ''

2019-07-09 15:49:56 - [MESSAGE][WARNING] - A browser is already opened. Closing browser and opening a new one

2019-07-09 15:49:57 - [MESSAGE][INFO] - Starting 'Firefox' driver

2019-07-09 15:49:59 - [MESSAGE][PASSED] - Browser is opened with url: ''

2019-07-09 15:49:59 - [TEST_STEP][PASSED] - navigateToUrl("https://apollo-fireball.myshopify.com/?_ab=0&_fd=0&_sc=1&key=96c2edace7b9967f3a77c2e2b131937136039831e9ec35f31598610005fa8795&preview_theme_id=46803124304"): Navigate to 'https://apollo-fireball.myshopify.com/?_ab=0&_fd=0&_sc=1&key=96c2edace7b9967f3a77c2e2b131937136039831e9ec35f31598610005fa8795&preview_theme_id=46803124304' successfully

2019-07-09 15:50:06 - [MESSAGE][PASSED] - Navigate to 'https://apollo-fireball.myshopify.com/?_ab=0&_fd=0&_sc=1&key=96c2edace7b9967f3a77c2e2b131937136039831e9ec35f31598610005fa8795&preview_theme_id=46803124304' successfully

2019-07-09 15:50:06 - [TEST_STEP][PASSED] - executeJavaScript("var previewBar = document.getElementById("preview-bar-iframe"); previewBar.style.display = "none";", []): Execute JavaScript 'var previewBar = document.getElementById("preview-bar-iframe"); previewBar.style.display = "none";' successfully

2019-07-09 15:50:06 - [MESSAGE][PASSED] - Execute JavaScript 'var previewBar = document.getElementById("preview-bar-iframe"); previewBar.style.display = "none";' successfully

2019-07-09 15:50:06 - [TEST_STEP][PASSED] - maximizeWindow(): Current window maximized

2019-07-09 15:50:07 - [MESSAGE][PASSED] - Current window maximized

2019-07-09 15:50:07 - [MESSAGE][PASSED] - Call Test Case 'Test Cases/CALL - URL' successfully

2019-07-09 15:50:07 - [TEST_STEP][PASSED] - delay(2): Delayed 2 second(s)

2019-07-09 15:50:09 - [MESSAGE][PASSED] - Delayed 2 second(s)

2019-07-09 15:50:09 - [TEST_STEP][PASSED] - click(findTestObject("APOLLO- Desktop/Burger Menu/Burgermenu")): Object: 'Object Repository/APOLLO- Desktop/Burger Menu/Burgermenu' is clicked on

2019-07-09 15:50:10 - [MESSAGE][PASSED] - Object: 'Object Repository/APOLLO- Desktop/Burger Menu/Burgermenu' is clicked on

2019-07-09 15:50:10 - [TEST_STEP][PASSED] - delay(2): Delayed 2 second(s)

2019-07-09 15:50:12 - [MESSAGE][PASSED] - Delayed 2 second(s)

2019-07-09 15:50:12 - [TEST_STEP][PASSED] - click(findTestObject("APOLLO- Desktop/Burger Menu/Shop food")): Object: 'Object Repository/APOLLO- Desktop/Burger Menu/Shop food' is clicked on

2019-07-09 15:50:12 - [MESSAGE][PASSED] - Object: 'Object Repository/APOLLO- Desktop/Burger Menu/Shop food' is clicked on

2019-07-09 15:50:12 - [TEST_STEP][PASSED] - delay(2): Delayed 2 second(s)

2019-07-09 15:50:14 - [MESSAGE][PASSED] - Delayed 2 second(s)

2019-07-09 15:50:14 - [TEST_STEP][PASSED] - click(findTestObject("APOLLO- Desktop/Burger Menu/Beef")): Object: 'Object Repository/APOLLO- Desktop/Burger Menu/Beef' is clicked on

2019-07-09 15:50:17 - [MESSAGE][PASSED] - Object: 'Object Repository/APOLLO- Desktop/Burger Menu/Beef' is clicked on

2019-07-09 15:50:17 - [TEST_STEP][PASSED] - delay(2): Delayed 2 second(s)

2019-07-09 15:50:19 - [MESSAGE][PASSED] - Delayed 2 second(s)

2019-07-09 15:50:19 - [TEST_STEP][PASSED] - executeJavaScript("var previewBar = document.getElementById("preview-bar-iframe"); previewBar.style.display = "none";", []): Execute JavaScript 'var previewBar = document.getElementById("preview-bar-iframe"); previewBar.style.display = "none";' successfully

2019-07-09 15:50:19 - [MESSAGE][PASSED] - Execute JavaScript 'var previewBar = document.getElementById("preview-bar-iframe"); previewBar.style.display = "none";' successfully

2019-07-09 15:50:19 - [TEST_STEP][PASSED] - delay(2): Delayed 2 second(s)

2019-07-09 15:50:21 - [MESSAGE][PASSED] - Delayed 2 second(s)

2019-07-09 15:50:21 - [TEST_STEP][PASSED] - click(findTestObject("APOLLO- Desktop/Collection page/layout less")): Object: 'Object Repository/APOLLO- Desktop/Collection page/layout less' is clicked on

2019-07-09 15:50:22 - [MESSAGE][PASSED] - Object: 'Object Repository/APOLLO- Desktop/Collection page/layout less' is clicked on

2019-07-09 15:50:22 - [TEST_STEP][PASSED] - delay(2): Delayed 2 second(s)

2019-07-09 15:50:24 - [MESSAGE][PASSED] - Delayed 2 second(s)

2019-07-09 15:50:24 - [TEST_STEP][PASSED] - a = getPageHeight(): Current page's height is 3656

2019-07-09 15:50:24 - [MESSAGE][PASSED] - Current page's height is 3656

2019-07-09 15:50:24 - [TEST_STEP][PASSED] - comment("a=" + a): a=3656

2019-07-09 15:50:24 - [MESSAGE][INFO] - a=3656

2019-07-09 15:50:24 - [TEST_STEP][PASSED] - delay(2): Delayed 2 second(s)

2019-07-09 15:50:26 - [MESSAGE][PASSED] - Delayed 2 second(s)

2019-07-09 15:50:26 - [TEST_STEP][PASSED] - click(findTestObject("APOLLO- Desktop/Collection page/layout more")): Object: 'Object Repository/APOLLO- Desktop/Collection page/layout more' is clicked on

2019-07-09 15:50:28 - [MESSAGE][PASSED] - Object: 'Object Repository/APOLLO- Desktop/Collection page/layout more' is clicked on

2019-07-09 15:50:28 - [TEST_STEP][PASSED] - delay(2): Delayed 2 second(s)

2019-07-09 15:50:30 - [MESSAGE][PASSED] - Delayed 2 second(s)

2019-07-09 15:50:30 - [TEST_STEP][PASSED] - b = getPageHeight(): Current page's height is 2070

2019-07-09 15:50:30 - [MESSAGE][PASSED] - Current page's height is 2070

2019-07-09 15:50:30 - [TEST_STEP][PASSED] - comment("b=" + b): b=2070

2019-07-09 15:50:30 - [MESSAGE][INFO] - b=2070

2019-07-09 15:50:30 - [TEST_STEP][PASSED] - verifyLessThan(b, a): Actual number '2,070' is less than expected number '3,656'

2019-07-09 15:50:30 - [MESSAGE][PASSED] - Actual number '2,070' is less than expected number '3,656']]></system-out>
         <system-err><![CDATA[]]></system-err>
      </testcase>
      <testcase name="Test Cases/COLLECTION PAGE/Filter" classname="Test Cases/COLLECTION PAGE/Filter" status="PASSED">
         <system-out><![CDATA[2019-07-09 15:50:30 - [TEST_CASE][PASSED] - Test Cases/COLLECTION PAGE/Filter: Test Cases/COLLECTION PAGE/Filter

2019-07-09 15:50:30 - [TEST_STEP][PASSED] - callTestCase(findTestCase("CALL - URL"), [:], STOP_ON_FAILURE): Call Test Case 'Test Cases/CALL - URL' successfully

2019-07-09 15:50:30 - [TEST_CASE][PASSED] - Test Cases/CALL - URL: Test Cases/CALL - URL

2019-07-09 15:50:30 - [TEST_STEP][PASSED] - openBrowser(""): Browser is opened with url: ''

2019-07-09 15:50:30 - [MESSAGE][WARNING] - A browser is already opened. Closing browser and opening a new one

2019-07-09 15:50:31 - [MESSAGE][INFO] - Starting 'Firefox' driver

2019-07-09 15:50:33 - [MESSAGE][PASSED] - Browser is opened with url: ''

2019-07-09 15:50:33 - [TEST_STEP][PASSED] - navigateToUrl("https://apollo-fireball.myshopify.com/?_ab=0&_fd=0&_sc=1&key=96c2edace7b9967f3a77c2e2b131937136039831e9ec35f31598610005fa8795&preview_theme_id=46803124304"): Navigate to 'https://apollo-fireball.myshopify.com/?_ab=0&_fd=0&_sc=1&key=96c2edace7b9967f3a77c2e2b131937136039831e9ec35f31598610005fa8795&preview_theme_id=46803124304' successfully

2019-07-09 15:50:40 - [MESSAGE][PASSED] - Navigate to 'https://apollo-fireball.myshopify.com/?_ab=0&_fd=0&_sc=1&key=96c2edace7b9967f3a77c2e2b131937136039831e9ec35f31598610005fa8795&preview_theme_id=46803124304' successfully

2019-07-09 15:50:40 - [TEST_STEP][PASSED] - executeJavaScript("var previewBar = document.getElementById("preview-bar-iframe"); previewBar.style.display = "none";", []): Execute JavaScript 'var previewBar = document.getElementById("preview-bar-iframe"); previewBar.style.display = "none";' successfully

2019-07-09 15:50:40 - [MESSAGE][PASSED] - Execute JavaScript 'var previewBar = document.getElementById("preview-bar-iframe"); previewBar.style.display = "none";' successfully

2019-07-09 15:50:40 - [TEST_STEP][PASSED] - maximizeWindow(): Current window maximized

2019-07-09 15:50:41 - [MESSAGE][PASSED] - Current window maximized

2019-07-09 15:50:41 - [MESSAGE][PASSED] - Call Test Case 'Test Cases/CALL - URL' successfully

2019-07-09 15:50:41 - [TEST_STEP][PASSED] - delay(2): Delayed 2 second(s)

2019-07-09 15:50:43 - [MESSAGE][PASSED] - Delayed 2 second(s)

2019-07-09 15:50:43 - [TEST_STEP][PASSED] - click(findTestObject("APOLLO- Desktop/Burger Menu/Burgermenu")): Object: 'Object Repository/APOLLO- Desktop/Burger Menu/Burgermenu' is clicked on

2019-07-09 15:50:43 - [MESSAGE][PASSED] - Object: 'Object Repository/APOLLO- Desktop/Burger Menu/Burgermenu' is clicked on

2019-07-09 15:50:43 - [TEST_STEP][PASSED] - delay(2): Delayed 2 second(s)

2019-07-09 15:50:45 - [MESSAGE][PASSED] - Delayed 2 second(s)

2019-07-09 15:50:45 - [TEST_STEP][PASSED] - click(findTestObject("APOLLO- Desktop/Burger Menu/Shop food")): Object: 'Object Repository/APOLLO- Desktop/Burger Menu/Shop food' is clicked on

2019-07-09 15:50:46 - [MESSAGE][PASSED] - Object: 'Object Repository/APOLLO- Desktop/Burger Menu/Shop food' is clicked on

2019-07-09 15:50:46 - [TEST_STEP][PASSED] - delay(2): Delayed 2 second(s)

2019-07-09 15:50:48 - [MESSAGE][PASSED] - Delayed 2 second(s)

2019-07-09 15:50:48 - [TEST_STEP][PASSED] - click(findTestObject("APOLLO- Desktop/Burger Menu/Sides")): Object: 'Object Repository/APOLLO- Desktop/Burger Menu/Sides' is clicked on

2019-07-09 15:50:51 - [MESSAGE][PASSED] - Object: 'Object Repository/APOLLO- Desktop/Burger Menu/Sides' is clicked on

2019-07-09 15:50:51 - [TEST_STEP][PASSED] - delay(2): Delayed 2 second(s)

2019-07-09 15:50:53 - [MESSAGE][PASSED] - Delayed 2 second(s)

2019-07-09 15:50:53 - [TEST_STEP][PASSED] - executeJavaScript("var previewBar = document.getElementById("preview-bar-iframe"); previewBar.style.display = "none";", []): Execute JavaScript 'var previewBar = document.getElementById("preview-bar-iframe"); previewBar.style.display = "none";' successfully

2019-07-09 15:50:53 - [MESSAGE][PASSED] - Execute JavaScript 'var previewBar = document.getElementById("preview-bar-iframe"); previewBar.style.display = "none";' successfully

2019-07-09 15:50:53 - [TEST_STEP][PASSED] - delay(2): Delayed 2 second(s)

2019-07-09 15:50:55 - [MESSAGE][PASSED] - Delayed 2 second(s)

2019-07-09 15:50:55 - [TEST_STEP][PASSED] - click(findTestObject("APOLLO- Desktop/Collection page/Filter/Filter dropdown")): Object: 'Object Repository/APOLLO- Desktop/Collection page/Filter/Filter dropdown' is clicked on

2019-07-09 15:50:55 - [MESSAGE][PASSED] - Object: 'Object Repository/APOLLO- Desktop/Collection page/Filter/Filter dropdown' is clicked on

2019-07-09 15:50:55 - [TEST_STEP][PASSED] - delay(2): Delayed 2 second(s)

2019-07-09 15:50:57 - [MESSAGE][PASSED] - Delayed 2 second(s)

2019-07-09 15:50:57 - [TEST_STEP][PASSED] - click(findTestObject("APOLLO- Desktop/Collection page/Filter/Pork")): Object: 'Object Repository/APOLLO- Desktop/Collection page/Filter/Pork' is clicked on

2019-07-09 15:50:57 - [MESSAGE][PASSED] - Object: 'Object Repository/APOLLO- Desktop/Collection page/Filter/Pork' is clicked on

2019-07-09 15:50:57 - [TEST_STEP][PASSED] - delay(2): Delayed 2 second(s)

2019-07-09 15:50:59 - [MESSAGE][PASSED] - Delayed 2 second(s)

2019-07-09 15:50:59 - [TEST_STEP][PASSED] - click(findTestObject("APOLLO- Desktop/Collection page/Filter/Filter dropdown")): Object: 'Object Repository/APOLLO- Desktop/Collection page/Filter/Filter dropdown' is clicked on

2019-07-09 15:51:00 - [MESSAGE][PASSED] - Object: 'Object Repository/APOLLO- Desktop/Collection page/Filter/Filter dropdown' is clicked on

2019-07-09 15:51:00 - [TEST_STEP][PASSED] - delay(2): Delayed 2 second(s)

2019-07-09 15:51:02 - [MESSAGE][PASSED] - Delayed 2 second(s)

2019-07-09 15:51:02 - [TEST_STEP][PASSED] - a = getText(findTestObject("APOLLO- Desktop/Collection page/Filter/Filtered count")): Text of object 'Object Repository/APOLLO- Desktop/Collection page/Filter/Filtered count' is: '1'

2019-07-09 15:51:02 - [MESSAGE][PASSED] - Text of object 'Object Repository/APOLLO- Desktop/Collection page/Filter/Filtered count' is: '1'

2019-07-09 15:51:02 - [TEST_STEP][PASSED] - delay(2): Delayed 2 second(s)

2019-07-09 15:51:04 - [MESSAGE][PASSED] - Delayed 2 second(s)

2019-07-09 15:51:04 - [TEST_STEP][PASSED] - comment("a=" + a): a=1

2019-07-09 15:51:04 - [MESSAGE][INFO] - a=1

2019-07-09 15:51:04 - [TEST_STEP][PASSED] - b = 0: null

2019-07-09 15:51:04 - [TEST_STEP][PASSED] - verifyNotEqual("a", "b"): Actual object 'a' and expected object 'b' are not equal

2019-07-09 15:51:04 - [MESSAGE][PASSED] - Actual object 'a' and expected object 'b' are not equal

2019-07-09 15:51:04 - [TEST_STEP][PASSED] - delay(2): Delayed 2 second(s)

2019-07-09 15:51:06 - [MESSAGE][PASSED] - Delayed 2 second(s)

2019-07-09 15:51:06 - [TEST_STEP][PASSED] - click(findTestObject("APOLLO- Desktop/Collection page/Filter/Filter dropdown")): Object: 'Object Repository/APOLLO- Desktop/Collection page/Filter/Filter dropdown' is clicked on

2019-07-09 15:51:06 - [MESSAGE][PASSED] - Object: 'Object Repository/APOLLO- Desktop/Collection page/Filter/Filter dropdown' is clicked on

2019-07-09 15:51:06 - [TEST_STEP][PASSED] - delay(2): Delayed 2 second(s)

2019-07-09 15:51:08 - [MESSAGE][PASSED] - Delayed 2 second(s)

2019-07-09 15:51:08 - [TEST_STEP][PASSED] - click(findTestObject("APOLLO- Desktop/Collection page/Filter/Sides")): Object: 'Object Repository/APOLLO- Desktop/Collection page/Filter/Sides' is clicked on

2019-07-09 15:51:08 - [MESSAGE][PASSED] - Object: 'Object Repository/APOLLO- Desktop/Collection page/Filter/Sides' is clicked on

2019-07-09 15:51:08 - [TEST_STEP][PASSED] - delay(2): Delayed 2 second(s)

2019-07-09 15:51:10 - [MESSAGE][PASSED] - Delayed 2 second(s)

2019-07-09 15:51:10 - [TEST_STEP][PASSED] - click(findTestObject("APOLLO- Desktop/Collection page/Filter/Filter dropdown")): Object: 'Object Repository/APOLLO- Desktop/Collection page/Filter/Filter dropdown' is clicked on

2019-07-09 15:51:10 - [MESSAGE][PASSED] - Object: 'Object Repository/APOLLO- Desktop/Collection page/Filter/Filter dropdown' is clicked on

2019-07-09 15:51:10 - [TEST_STEP][PASSED] - delay(2): Delayed 2 second(s)

2019-07-09 15:51:12 - [MESSAGE][PASSED] - Delayed 2 second(s)

2019-07-09 15:51:12 - [TEST_STEP][PASSED] - a4 = getText(findTestObject("APOLLO- Desktop/Collection page/Filter/Filtered count")): Text of object 'Object Repository/APOLLO- Desktop/Collection page/Filter/Filtered count' is: '6'

2019-07-09 15:51:12 - [MESSAGE][PASSED] - Text of object 'Object Repository/APOLLO- Desktop/Collection page/Filter/Filtered count' is: '6'

2019-07-09 15:51:12 - [TEST_STEP][PASSED] - comment("a4=" + a4): a4=6

2019-07-09 15:51:12 - [MESSAGE][INFO] - a4=6

2019-07-09 15:51:12 - [TEST_STEP][PASSED] - verifyNotEqual("a4", "b"): Actual object 'a4' and expected object 'b' are not equal

2019-07-09 15:51:12 - [MESSAGE][PASSED] - Actual object 'a4' and expected object 'b' are not equal

2019-07-09 15:51:12 - [TEST_STEP][PASSED] - delay(4): Delayed 4 second(s)

2019-07-09 15:51:16 - [MESSAGE][PASSED] - Delayed 4 second(s)

2019-07-09 15:51:16 - [TEST_STEP][PASSED] - delay(2): Delayed 2 second(s)

2019-07-09 15:51:18 - [MESSAGE][PASSED] - Delayed 2 second(s)

2019-07-09 15:51:18 - [TEST_STEP][PASSED] - click(findTestObject("APOLLO- Desktop/Collection page/Filter/a_Clear all filters")): Object: 'Object Repository/APOLLO- Desktop/Collection page/Filter/a_Clear all filters' is clicked on

2019-07-09 15:51:19 - [MESSAGE][PASSED] - Object: 'Object Repository/APOLLO- Desktop/Collection page/Filter/a_Clear all filters' is clicked on

2019-07-09 15:51:19 - [TEST_STEP][PASSED] - delay(2): Delayed 2 second(s)

2019-07-09 15:51:21 - [MESSAGE][PASSED] - Delayed 2 second(s)

2019-07-09 15:51:21 - [TEST_STEP][PASSED] - a12 = getText(findTestObject("APOLLO- Desktop/Collection page/Filter/Filtered count")): Text of object 'Object Repository/APOLLO- Desktop/Collection page/Filter/Filtered count' is: '6'

2019-07-09 15:51:21 - [MESSAGE][PASSED] - Text of object 'Object Repository/APOLLO- Desktop/Collection page/Filter/Filtered count' is: '6'

2019-07-09 15:51:21 - [TEST_STEP][PASSED] - delay(2): Delayed 2 second(s)

2019-07-09 15:51:23 - [MESSAGE][PASSED] - Delayed 2 second(s)

2019-07-09 15:51:23 - [TEST_STEP][PASSED] - comment("a12=" + a12): a12=6

2019-07-09 15:51:23 - [MESSAGE][INFO] - a12=6

2019-07-09 15:51:23 - [TEST_STEP][PASSED] - verifyNotEqual("a12", "b"): Actual object 'a12' and expected object 'b' are not equal

2019-07-09 15:51:23 - [MESSAGE][PASSED] - Actual object 'a12' and expected object 'b' are not equal]]></system-out>
         <system-err><![CDATA[]]></system-err>
      </testcase>
      <testcase name="Test Cases/HOME PAGE/Welcome to ur store and gettting hungry" classname="Test Cases/HOME PAGE/Welcome to ur store and gettting hungry" status="PASSED">
         <system-out><![CDATA[2019-07-09 15:51:23 - [TEST_CASE][PASSED] - Test Cases/HOME PAGE/Welcome to ur store and gettting hungry: Test Cases/HOME PAGE/Welcome to ur store and gettting hungry

2019-07-09 15:51:23 - [TEST_STEP][PASSED] - callTestCase(findTestCase("CALL - URL"), [:], STOP_ON_FAILURE): Call Test Case 'Test Cases/CALL - URL' successfully

2019-07-09 15:51:23 - [TEST_CASE][PASSED] - Test Cases/CALL - URL: Test Cases/CALL - URL

2019-07-09 15:51:23 - [TEST_STEP][PASSED] - openBrowser(""): Browser is opened with url: ''

2019-07-09 15:51:23 - [MESSAGE][WARNING] - A browser is already opened. Closing browser and opening a new one

2019-07-09 15:51:23 - [MESSAGE][INFO] - Starting 'Firefox' driver

2019-07-09 15:51:26 - [MESSAGE][PASSED] - Browser is opened with url: ''

2019-07-09 15:51:26 - [TEST_STEP][PASSED] - navigateToUrl("https://apollo-fireball.myshopify.com/?_ab=0&_fd=0&_sc=1&key=96c2edace7b9967f3a77c2e2b131937136039831e9ec35f31598610005fa8795&preview_theme_id=46803124304"): Navigate to 'https://apollo-fireball.myshopify.com/?_ab=0&_fd=0&_sc=1&key=96c2edace7b9967f3a77c2e2b131937136039831e9ec35f31598610005fa8795&preview_theme_id=46803124304' successfully

2019-07-09 15:51:33 - [MESSAGE][PASSED] - Navigate to 'https://apollo-fireball.myshopify.com/?_ab=0&_fd=0&_sc=1&key=96c2edace7b9967f3a77c2e2b131937136039831e9ec35f31598610005fa8795&preview_theme_id=46803124304' successfully

2019-07-09 15:51:33 - [TEST_STEP][PASSED] - executeJavaScript("var previewBar = document.getElementById("preview-bar-iframe"); previewBar.style.display = "none";", []): Execute JavaScript 'var previewBar = document.getElementById("preview-bar-iframe"); previewBar.style.display = "none";' successfully

2019-07-09 15:51:33 - [MESSAGE][PASSED] - Execute JavaScript 'var previewBar = document.getElementById("preview-bar-iframe"); previewBar.style.display = "none";' successfully

2019-07-09 15:51:33 - [TEST_STEP][PASSED] - maximizeWindow(): Current window maximized

2019-07-09 15:51:34 - [MESSAGE][PASSED] - Current window maximized

2019-07-09 15:51:34 - [MESSAGE][PASSED] - Call Test Case 'Test Cases/CALL - URL' successfully

2019-07-09 15:51:34 - [TEST_STEP][PASSED] - delay(2): Delayed 2 second(s)

2019-07-09 15:51:36 - [MESSAGE][PASSED] - Delayed 2 second(s)

2019-07-09 15:51:36 - [TEST_STEP][PASSED] - scrollToElement(findTestObject("APOLLO- Desktop/Home page/Welcome to our store/Welcome to ur stire"), 0): Scroll to object 'Object Repository/APOLLO- Desktop/Home page/Welcome to our store/Welcome to ur stire' successfully

2019-07-09 15:51:36 - [MESSAGE][WARNING] - Timeout '0' is invalid. Using default page load timeout: '30'

2019-07-09 15:51:36 - [MESSAGE][PASSED] - Scroll to object 'Object Repository/APOLLO- Desktop/Home page/Welcome to our store/Welcome to ur stire' successfully

2019-07-09 15:51:36 - [TEST_STEP][PASSED] - delay(2): Delayed 2 second(s)

2019-07-09 15:51:38 - [MESSAGE][PASSED] - Delayed 2 second(s)

2019-07-09 15:51:38 - [TEST_STEP][PASSED] - click(findTestObject("APOLLO- Desktop/Home page/Welcome to our store/About Us")): Object: 'Object Repository/APOLLO- Desktop/Home page/Welcome to our store/About Us' is clicked on

2019-07-09 15:51:40 - [MESSAGE][PASSED] - Object: 'Object Repository/APOLLO- Desktop/Home page/Welcome to our store/About Us' is clicked on

2019-07-09 15:51:40 - [TEST_STEP][PASSED] - back(): Navigate back successfully

2019-07-09 15:51:43 - [MESSAGE][PASSED] - Navigate back successfully

2019-07-09 15:51:43 - [TEST_STEP][PASSED] - executeJavaScript("var previewBar = document.getElementById("preview-bar-iframe"); previewBar.style.display = "none";", []): Execute JavaScript 'var previewBar = document.getElementById("preview-bar-iframe"); previewBar.style.display = "none";' successfully

2019-07-09 15:51:43 - [MESSAGE][PASSED] - Execute JavaScript 'var previewBar = document.getElementById("preview-bar-iframe"); previewBar.style.display = "none";' successfully

2019-07-09 15:51:43 - [TEST_STEP][PASSED] - click(findTestObject("APOLLO- Desktop/Home page/Welcome to our store/Shop collection")): Object: 'Object Repository/APOLLO- Desktop/Home page/Welcome to our store/Shop collection' is clicked on

2019-07-09 15:51:48 - [MESSAGE][PASSED] - Object: 'Object Repository/APOLLO- Desktop/Home page/Welcome to our store/Shop collection' is clicked on

2019-07-09 15:51:48 - [TEST_STEP][PASSED] - back(): Navigate back successfully

2019-07-09 15:51:50 - [MESSAGE][PASSED] - Navigate back successfully

2019-07-09 15:51:50 - [TEST_STEP][PASSED] - executeJavaScript("var previewBar = document.getElementById("preview-bar-iframe"); previewBar.style.display = "none";", []): Execute JavaScript 'var previewBar = document.getElementById("preview-bar-iframe"); previewBar.style.display = "none";' successfully

2019-07-09 15:51:50 - [MESSAGE][PASSED] - Execute JavaScript 'var previewBar = document.getElementById("preview-bar-iframe"); previewBar.style.display = "none";' successfully

2019-07-09 15:51:50 - [TEST_STEP][PASSED] - click(findTestObject("APOLLO- Desktop/Home page/Welcome to our store/learn more about us")): Object: 'Object Repository/APOLLO- Desktop/Home page/Welcome to our store/learn more about us' is clicked on

2019-07-09 15:51:51 - [MESSAGE][PASSED] - Object: 'Object Repository/APOLLO- Desktop/Home page/Welcome to our store/learn more about us' is clicked on

2019-07-09 15:51:51 - [TEST_STEP][PASSED] - back(): Navigate back successfully

2019-07-09 15:51:54 - [MESSAGE][PASSED] - Navigate back successfully

2019-07-09 15:51:54 - [TEST_STEP][PASSED] - executeJavaScript("var previewBar = document.getElementById("preview-bar-iframe"); previewBar.style.display = "none";", []): Execute JavaScript 'var previewBar = document.getElementById("preview-bar-iframe"); previewBar.style.display = "none";' successfully

2019-07-09 15:51:54 - [MESSAGE][PASSED] - Execute JavaScript 'var previewBar = document.getElementById("preview-bar-iframe"); previewBar.style.display = "none";' successfully

2019-07-09 15:51:54 - [TEST_STEP][PASSED] - scrollToElement(findTestObject("APOLLO- Desktop/Home page/Welcome to our store/Getting hungry"), 0): Scroll to object 'Object Repository/APOLLO- Desktop/Home page/Welcome to our store/Getting hungry' successfully

2019-07-09 15:51:54 - [MESSAGE][WARNING] - Timeout '0' is invalid. Using default page load timeout: '30'

2019-07-09 15:51:54 - [MESSAGE][PASSED] - Scroll to object 'Object Repository/APOLLO- Desktop/Home page/Welcome to our store/Getting hungry' successfully

2019-07-09 15:51:54 - [TEST_STEP][PASSED] - delay(2): Delayed 2 second(s)

2019-07-09 15:51:56 - [MESSAGE][PASSED] - Delayed 2 second(s)

2019-07-09 15:51:56 - [TEST_STEP][PASSED] - click(findTestObject("APOLLO- Desktop/Home page/Welcome to our store/COntact us")): Object: 'Object Repository/APOLLO- Desktop/Home page/Welcome to our store/COntact us' is clicked on

2019-07-09 15:51:57 - [MESSAGE][PASSED] - Object: 'Object Repository/APOLLO- Desktop/Home page/Welcome to our store/COntact us' is clicked on]]></system-out>
         <system-err><![CDATA[]]></system-err>
      </testcase>
      <testcase name="Test Cases/HOME PAGE/Hero banner - CTA" classname="Test Cases/HOME PAGE/Hero banner - CTA" status="PASSED">
         <system-out><![CDATA[2019-07-09 15:51:57 - [TEST_CASE][PASSED] - Test Cases/HOME PAGE/Hero banner - CTA: Test Cases/HOME PAGE/Hero banner - CTA

2019-07-09 15:51:57 - [TEST_STEP][PASSED] - callTestCase(findTestCase("CALL - URL"), [:], STOP_ON_FAILURE): Call Test Case 'Test Cases/CALL - URL' successfully

2019-07-09 15:51:57 - [TEST_CASE][PASSED] - Test Cases/CALL - URL: Test Cases/CALL - URL

2019-07-09 15:51:57 - [TEST_STEP][PASSED] - openBrowser(""): Browser is opened with url: ''

2019-07-09 15:51:57 - [MESSAGE][WARNING] - A browser is already opened. Closing browser and opening a new one

2019-07-09 15:51:58 - [MESSAGE][INFO] - Starting 'Firefox' driver

2019-07-09 15:52:00 - [MESSAGE][PASSED] - Browser is opened with url: ''

2019-07-09 15:52:00 - [TEST_STEP][PASSED] - navigateToUrl("https://apollo-fireball.myshopify.com/?_ab=0&_fd=0&_sc=1&key=96c2edace7b9967f3a77c2e2b131937136039831e9ec35f31598610005fa8795&preview_theme_id=46803124304"): Navigate to 'https://apollo-fireball.myshopify.com/?_ab=0&_fd=0&_sc=1&key=96c2edace7b9967f3a77c2e2b131937136039831e9ec35f31598610005fa8795&preview_theme_id=46803124304' successfully

2019-07-09 15:52:07 - [MESSAGE][PASSED] - Navigate to 'https://apollo-fireball.myshopify.com/?_ab=0&_fd=0&_sc=1&key=96c2edace7b9967f3a77c2e2b131937136039831e9ec35f31598610005fa8795&preview_theme_id=46803124304' successfully

2019-07-09 15:52:07 - [TEST_STEP][PASSED] - executeJavaScript("var previewBar = document.getElementById("preview-bar-iframe"); previewBar.style.display = "none";", []): Execute JavaScript 'var previewBar = document.getElementById("preview-bar-iframe"); previewBar.style.display = "none";' successfully

2019-07-09 15:52:07 - [MESSAGE][PASSED] - Execute JavaScript 'var previewBar = document.getElementById("preview-bar-iframe"); previewBar.style.display = "none";' successfully

2019-07-09 15:52:07 - [TEST_STEP][PASSED] - maximizeWindow(): Current window maximized

2019-07-09 15:52:08 - [MESSAGE][PASSED] - Current window maximized

2019-07-09 15:52:08 - [MESSAGE][PASSED] - Call Test Case 'Test Cases/CALL - URL' successfully

2019-07-09 15:52:08 - [TEST_STEP][PASSED] - delay(2): Delayed 2 second(s)

2019-07-09 15:52:10 - [MESSAGE][PASSED] - Delayed 2 second(s)

2019-07-09 15:52:10 - [TEST_STEP][PASSED] - click(findTestObject("APOLLO- Desktop/Home page/Hero banner - CTA/First slick slide")): Object: 'Object Repository/APOLLO- Desktop/Home page/Hero banner - CTA/First slick slide' is clicked on

2019-07-09 15:52:10 - [MESSAGE][PASSED] - Object: 'Object Repository/APOLLO- Desktop/Home page/Hero banner - CTA/First slick slide' is clicked on

2019-07-09 15:52:10 - [TEST_STEP][PASSED] - delay(2): Delayed 2 second(s)

2019-07-09 15:52:12 - [MESSAGE][PASSED] - Delayed 2 second(s)

2019-07-09 15:52:12 - [TEST_STEP][PASSED] - click(findTestObject("APOLLO- Desktop/Home page/Hero banner - CTA/Shop healthy meals")): Object: 'Object Repository/APOLLO- Desktop/Home page/Hero banner - CTA/Shop healthy meals' is clicked on

2019-07-09 15:52:15 - [MESSAGE][PASSED] - Object: 'Object Repository/APOLLO- Desktop/Home page/Hero banner - CTA/Shop healthy meals' is clicked on

2019-07-09 15:52:15 - [TEST_STEP][PASSED] - delay(2): Delayed 2 second(s)

2019-07-09 15:52:17 - [MESSAGE][PASSED] - Delayed 2 second(s)

2019-07-09 15:52:17 - [TEST_STEP][PASSED] - click(findTestObject("APOLLO- Desktop/Home page/Hero banner - CTA/Apollo icon")): Object: 'Object Repository/APOLLO- Desktop/Home page/Hero banner - CTA/Apollo icon' is clicked on

2019-07-09 15:52:19 - [MESSAGE][PASSED] - Object: 'Object Repository/APOLLO- Desktop/Home page/Hero banner - CTA/Apollo icon' is clicked on

2019-07-09 15:52:19 - [TEST_STEP][PASSED] - delay(2): Delayed 2 second(s)

2019-07-09 15:52:21 - [MESSAGE][PASSED] - Delayed 2 second(s)

2019-07-09 15:52:21 - [TEST_STEP][PASSED] - click(findTestObject("APOLLO- Desktop/Home page/Hero banner - CTA/second slick slide")): Object: 'Object Repository/APOLLO- Desktop/Home page/Hero banner - CTA/second slick slide' is clicked on

2019-07-09 15:52:21 - [MESSAGE][PASSED] - Object: 'Object Repository/APOLLO- Desktop/Home page/Hero banner - CTA/second slick slide' is clicked on

2019-07-09 15:52:21 - [TEST_STEP][PASSED] - delay(2): Delayed 2 second(s)

2019-07-09 15:52:23 - [MESSAGE][PASSED] - Delayed 2 second(s)

2019-07-09 15:52:23 - [TEST_STEP][PASSED] - click(findTestObject("APOLLO- Desktop/Home page/Hero banner - CTA/Shop sides")): Object: 'Object Repository/APOLLO- Desktop/Home page/Hero banner - CTA/Shop sides' is clicked on

2019-07-09 15:52:27 - [MESSAGE][PASSED] - Object: 'Object Repository/APOLLO- Desktop/Home page/Hero banner - CTA/Shop sides' is clicked on

2019-07-09 15:52:27 - [TEST_STEP][PASSED] - delay(2): Delayed 2 second(s)

2019-07-09 15:52:29 - [MESSAGE][PASSED] - Delayed 2 second(s)

2019-07-09 15:52:29 - [TEST_STEP][PASSED] - click(findTestObject("APOLLO- Desktop/Home page/Hero banner - CTA/Apollo icon")): Object: 'Object Repository/APOLLO- Desktop/Home page/Hero banner - CTA/Apollo icon' is clicked on

2019-07-09 15:52:31 - [MESSAGE][PASSED] - Object: 'Object Repository/APOLLO- Desktop/Home page/Hero banner - CTA/Apollo icon' is clicked on

2019-07-09 15:52:32 - [TEST_STEP][PASSED] - delay(2): Delayed 2 second(s)

2019-07-09 15:52:34 - [MESSAGE][PASSED] - Delayed 2 second(s)

2019-07-09 15:52:34 - [TEST_STEP][PASSED] - click(findTestObject("APOLLO- Desktop/Home page/Hero banner - CTA/First slick slide")): Object: 'Object Repository/APOLLO- Desktop/Home page/Hero banner - CTA/First slick slide' is clicked on

2019-07-09 15:52:34 - [MESSAGE][PASSED] - Object: 'Object Repository/APOLLO- Desktop/Home page/Hero banner - CTA/First slick slide' is clicked on

2019-07-09 15:52:34 - [TEST_STEP][PASSED] - delay(2): Delayed 2 second(s)

2019-07-09 15:52:36 - [MESSAGE][PASSED] - Delayed 2 second(s)

2019-07-09 15:52:36 - [TEST_STEP][PASSED] - mouseOver(findTestObject("APOLLO- Desktop/Home page/Hero banner - CTA/Next button chevron")): Object: 'Object Repository/APOLLO- Desktop/Home page/Hero banner - CTA/Next button chevron' is hovered

2019-07-09 15:52:36 - [MESSAGE][PASSED] - Object: 'Object Repository/APOLLO- Desktop/Home page/Hero banner - CTA/Next button chevron' is hovered

2019-07-09 15:52:36 - [TEST_STEP][PASSED] - delay(2): Delayed 2 second(s)

2019-07-09 15:52:38 - [MESSAGE][PASSED] - Delayed 2 second(s)

2019-07-09 15:52:38 - [TEST_STEP][PASSED] - click(findTestObject("APOLLO- Desktop/Home page/Hero banner - CTA/Next button chevron")): Object: 'Object Repository/APOLLO- Desktop/Home page/Hero banner - CTA/Next button chevron' is clicked on

2019-07-09 15:52:38 - [MESSAGE][PASSED] - Object: 'Object Repository/APOLLO- Desktop/Home page/Hero banner - CTA/Next button chevron' is clicked on

2019-07-09 15:52:38 - [TEST_STEP][PASSED] - delay(2): Delayed 2 second(s)

2019-07-09 15:52:40 - [MESSAGE][PASSED] - Delayed 2 second(s)

2019-07-09 15:52:40 - [TEST_STEP][PASSED] - click(findTestObject("APOLLO- Desktop/Home page/Hero banner - CTA/Previous button chevron")): Object: 'Object Repository/APOLLO- Desktop/Home page/Hero banner - CTA/Previous button chevron' is clicked on

2019-07-09 15:52:40 - [MESSAGE][PASSED] - Object: 'Object Repository/APOLLO- Desktop/Home page/Hero banner - CTA/Previous button chevron' is clicked on

2019-07-09 15:52:40 - [TEST_STEP][PASSED] - delay(2): Delayed 2 second(s)

2019-07-09 15:52:42 - [MESSAGE][PASSED] - Delayed 2 second(s)

2019-07-09 15:52:42 - [TEST_STEP][PASSED] - click(findTestObject("APOLLO- Desktop/Home page/Hero banner - CTA/button_Next section")): Object: 'Object Repository/APOLLO- Desktop/Home page/Hero banner - CTA/button_Next section' is clicked on

2019-07-09 15:52:43 - [MESSAGE][PASSED] - Object: 'Object Repository/APOLLO- Desktop/Home page/Hero banner - CTA/button_Next section' is clicked on

2019-07-09 15:52:43 - [TEST_STEP][PASSED] - delay(2): Delayed 2 second(s)

2019-07-09 15:52:45 - [MESSAGE][PASSED] - Delayed 2 second(s)

2019-07-09 15:52:45 - [TEST_STEP][PASSED] - verifyTextPresent("Chicken Wings", false): Text 'Chicken Wings' is present on page 

2019-07-09 15:52:46 - [MESSAGE][PASSED] - Text 'Chicken Wings' is present on page]]></system-out>
         <system-err><![CDATA[]]></system-err>
      </testcase>
      <testcase name="Test Cases/HOME PAGE/Burger menu - navigation links" classname="Test Cases/HOME PAGE/Burger menu - navigation links" status="PASSED">
         <system-out><![CDATA[2019-07-09 15:52:46 - [TEST_CASE][PASSED] - Test Cases/HOME PAGE/Burger menu - navigation links: Test Cases/HOME PAGE/Burger menu - navigation links

2019-07-09 15:52:46 - [TEST_STEP][PASSED] - callTestCase(findTestCase("CALL - URL"), [:], STOP_ON_FAILURE): Call Test Case 'Test Cases/CALL - URL' successfully

2019-07-09 15:52:46 - [TEST_CASE][PASSED] - Test Cases/CALL - URL: Test Cases/CALL - URL

2019-07-09 15:52:46 - [TEST_STEP][PASSED] - openBrowser(""): Browser is opened with url: ''

2019-07-09 15:52:46 - [MESSAGE][WARNING] - A browser is already opened. Closing browser and opening a new one

2019-07-09 15:52:47 - [MESSAGE][INFO] - Starting 'Firefox' driver

2019-07-09 15:52:49 - [MESSAGE][PASSED] - Browser is opened with url: ''

2019-07-09 15:52:49 - [TEST_STEP][PASSED] - navigateToUrl("https://apollo-fireball.myshopify.com/?_ab=0&_fd=0&_sc=1&key=96c2edace7b9967f3a77c2e2b131937136039831e9ec35f31598610005fa8795&preview_theme_id=46803124304"): Navigate to 'https://apollo-fireball.myshopify.com/?_ab=0&_fd=0&_sc=1&key=96c2edace7b9967f3a77c2e2b131937136039831e9ec35f31598610005fa8795&preview_theme_id=46803124304' successfully

2019-07-09 15:52:58 - [MESSAGE][PASSED] - Navigate to 'https://apollo-fireball.myshopify.com/?_ab=0&_fd=0&_sc=1&key=96c2edace7b9967f3a77c2e2b131937136039831e9ec35f31598610005fa8795&preview_theme_id=46803124304' successfully

2019-07-09 15:52:58 - [TEST_STEP][PASSED] - executeJavaScript("var previewBar = document.getElementById("preview-bar-iframe"); previewBar.style.display = "none";", []): Execute JavaScript 'var previewBar = document.getElementById("preview-bar-iframe"); previewBar.style.display = "none";' successfully

2019-07-09 15:52:58 - [MESSAGE][PASSED] - Execute JavaScript 'var previewBar = document.getElementById("preview-bar-iframe"); previewBar.style.display = "none";' successfully

2019-07-09 15:52:58 - [TEST_STEP][PASSED] - maximizeWindow(): Current window maximized

2019-07-09 15:52:59 - [MESSAGE][PASSED] - Current window maximized

2019-07-09 15:52:59 - [MESSAGE][PASSED] - Call Test Case 'Test Cases/CALL - URL' successfully

2019-07-09 15:52:59 - [TEST_STEP][PASSED] - delay(2): Delayed 2 second(s)

2019-07-09 15:53:01 - [MESSAGE][PASSED] - Delayed 2 second(s)

2019-07-09 15:53:01 - [TEST_STEP][PASSED] - click(findTestObject("APOLLO- Desktop/Burger Menu/Burgermenu")): Object: 'Object Repository/APOLLO- Desktop/Burger Menu/Burgermenu' is clicked on

2019-07-09 15:53:01 - [MESSAGE][PASSED] - Object: 'Object Repository/APOLLO- Desktop/Burger Menu/Burgermenu' is clicked on

2019-07-09 15:53:01 - [TEST_STEP][PASSED] - delay(2): Delayed 2 second(s)

2019-07-09 15:53:03 - [MESSAGE][PASSED] - Delayed 2 second(s)

2019-07-09 15:53:03 - [TEST_STEP][PASSED] - click(findTestObject("APOLLO- Desktop/Burger Menu/Shop food")): Object: 'Object Repository/APOLLO- Desktop/Burger Menu/Shop food' is clicked on

2019-07-09 15:53:03 - [MESSAGE][PASSED] - Object: 'Object Repository/APOLLO- Desktop/Burger Menu/Shop food' is clicked on

2019-07-09 15:53:03 - [TEST_STEP][PASSED] - delay(2): Delayed 2 second(s)

2019-07-09 15:53:05 - [MESSAGE][PASSED] - Delayed 2 second(s)

2019-07-09 15:53:05 - [TEST_STEP][PASSED] - click(findTestObject("APOLLO- Desktop/Burger Menu/Beef")): Object: 'Object Repository/APOLLO- Desktop/Burger Menu/Beef' is clicked on

2019-07-09 15:53:10 - [MESSAGE][PASSED] - Object: 'Object Repository/APOLLO- Desktop/Burger Menu/Beef' is clicked on

2019-07-09 15:53:10 - [TEST_STEP][PASSED] - delay(2): Delayed 2 second(s)

2019-07-09 15:53:12 - [MESSAGE][PASSED] - Delayed 2 second(s)

2019-07-09 15:53:12 - [TEST_STEP][PASSED] - delay(2): Delayed 2 second(s)

2019-07-09 15:53:14 - [MESSAGE][PASSED] - Delayed 2 second(s)

2019-07-09 15:53:14 - [TEST_STEP][PASSED] - click(findTestObject("APOLLO- Desktop/Burger Menu/Burgermenu")): Object: 'Object Repository/APOLLO- Desktop/Burger Menu/Burgermenu' is clicked on

2019-07-09 15:53:14 - [MESSAGE][PASSED] - Object: 'Object Repository/APOLLO- Desktop/Burger Menu/Burgermenu' is clicked on

2019-07-09 15:53:14 - [TEST_STEP][PASSED] - delay(2): Delayed 2 second(s)

2019-07-09 15:53:16 - [MESSAGE][PASSED] - Delayed 2 second(s)

2019-07-09 15:53:16 - [TEST_STEP][PASSED] - click(findTestObject("APOLLO- Desktop/Burger Menu/Shop food")): Object: 'Object Repository/APOLLO- Desktop/Burger Menu/Shop food' is clicked on

2019-07-09 15:53:16 - [MESSAGE][PASSED] - Object: 'Object Repository/APOLLO- Desktop/Burger Menu/Shop food' is clicked on

2019-07-09 15:53:16 - [TEST_STEP][PASSED] - delay(2): Delayed 2 second(s)

2019-07-09 15:53:18 - [MESSAGE][PASSED] - Delayed 2 second(s)

2019-07-09 15:53:18 - [TEST_STEP][PASSED] - click(findTestObject("APOLLO- Desktop/Burger Menu/Chicken")): Object: 'Object Repository/APOLLO- Desktop/Burger Menu/Chicken' is clicked on

2019-07-09 15:53:21 - [MESSAGE][PASSED] - Object: 'Object Repository/APOLLO- Desktop/Burger Menu/Chicken' is clicked on

2019-07-09 15:53:21 - [TEST_STEP][PASSED] - delay(2): Delayed 2 second(s)

2019-07-09 15:53:23 - [MESSAGE][PASSED] - Delayed 2 second(s)

2019-07-09 15:53:23 - [TEST_STEP][PASSED] - delay(2): Delayed 2 second(s)

2019-07-09 15:53:25 - [MESSAGE][PASSED] - Delayed 2 second(s)

2019-07-09 15:53:25 - [TEST_STEP][PASSED] - click(findTestObject("APOLLO- Desktop/Burger Menu/Burgermenu")): Object: 'Object Repository/APOLLO- Desktop/Burger Menu/Burgermenu' is clicked on

2019-07-09 15:53:25 - [MESSAGE][PASSED] - Object: 'Object Repository/APOLLO- Desktop/Burger Menu/Burgermenu' is clicked on

2019-07-09 15:53:25 - [TEST_STEP][PASSED] - delay(2): Delayed 2 second(s)

2019-07-09 15:53:27 - [MESSAGE][PASSED] - Delayed 2 second(s)

2019-07-09 15:53:27 - [TEST_STEP][PASSED] - click(findTestObject("APOLLO- Desktop/Burger Menu/Shop food")): Object: 'Object Repository/APOLLO- Desktop/Burger Menu/Shop food' is clicked on

2019-07-09 15:53:28 - [MESSAGE][PASSED] - Object: 'Object Repository/APOLLO- Desktop/Burger Menu/Shop food' is clicked on

2019-07-09 15:53:28 - [TEST_STEP][PASSED] - delay(2): Delayed 2 second(s)

2019-07-09 15:53:30 - [MESSAGE][PASSED] - Delayed 2 second(s)

2019-07-09 15:53:30 - [TEST_STEP][PASSED] - click(findTestObject("APOLLO- Desktop/Burger Menu/Pork")): Object: 'Object Repository/APOLLO- Desktop/Burger Menu/Pork' is clicked on

2019-07-09 15:53:35 - [MESSAGE][PASSED] - Object: 'Object Repository/APOLLO- Desktop/Burger Menu/Pork' is clicked on

2019-07-09 15:53:35 - [TEST_STEP][PASSED] - delay(2): Delayed 2 second(s)

2019-07-09 15:53:37 - [MESSAGE][PASSED] - Delayed 2 second(s)

2019-07-09 15:53:37 - [TEST_STEP][PASSED] - delay(2): Delayed 2 second(s)

2019-07-09 15:53:39 - [MESSAGE][PASSED] - Delayed 2 second(s)

2019-07-09 15:53:39 - [TEST_STEP][PASSED] - click(findTestObject("APOLLO- Desktop/Burger Menu/Burgermenu")): Object: 'Object Repository/APOLLO- Desktop/Burger Menu/Burgermenu' is clicked on

2019-07-09 15:53:39 - [MESSAGE][PASSED] - Object: 'Object Repository/APOLLO- Desktop/Burger Menu/Burgermenu' is clicked on

2019-07-09 15:53:39 - [TEST_STEP][PASSED] - delay(2): Delayed 2 second(s)

2019-07-09 15:53:41 - [MESSAGE][PASSED] - Delayed 2 second(s)

2019-07-09 15:53:41 - [TEST_STEP][PASSED] - click(findTestObject("APOLLO- Desktop/Burger Menu/Shop food")): Object: 'Object Repository/APOLLO- Desktop/Burger Menu/Shop food' is clicked on

2019-07-09 15:53:42 - [MESSAGE][PASSED] - Object: 'Object Repository/APOLLO- Desktop/Burger Menu/Shop food' is clicked on

2019-07-09 15:53:42 - [TEST_STEP][PASSED] - delay(2): Delayed 2 second(s)

2019-07-09 15:53:44 - [MESSAGE][PASSED] - Delayed 2 second(s)

2019-07-09 15:53:44 - [TEST_STEP][PASSED] - click(findTestObject("APOLLO- Desktop/Burger Menu/lamb")): Object: 'Object Repository/APOLLO- Desktop/Burger Menu/lamb' is clicked on

2019-07-09 15:53:47 - [MESSAGE][PASSED] - Object: 'Object Repository/APOLLO- Desktop/Burger Menu/lamb' is clicked on

2019-07-09 15:53:47 - [TEST_STEP][PASSED] - delay(2): Delayed 2 second(s)

2019-07-09 15:53:49 - [MESSAGE][PASSED] - Delayed 2 second(s)

2019-07-09 15:53:49 - [TEST_STEP][PASSED] - delay(2): Delayed 2 second(s)

2019-07-09 15:53:51 - [MESSAGE][PASSED] - Delayed 2 second(s)

2019-07-09 15:53:51 - [TEST_STEP][PASSED] - click(findTestObject("APOLLO- Desktop/Burger Menu/Burgermenu")): Object: 'Object Repository/APOLLO- Desktop/Burger Menu/Burgermenu' is clicked on

2019-07-09 15:53:51 - [MESSAGE][PASSED] - Object: 'Object Repository/APOLLO- Desktop/Burger Menu/Burgermenu' is clicked on

2019-07-09 15:53:51 - [TEST_STEP][PASSED] - delay(2): Delayed 2 second(s)

2019-07-09 15:53:53 - [MESSAGE][PASSED] - Delayed 2 second(s)

2019-07-09 15:53:53 - [TEST_STEP][PASSED] - click(findTestObject("APOLLO- Desktop/Burger Menu/Shop food")): Object: 'Object Repository/APOLLO- Desktop/Burger Menu/Shop food' is clicked on

2019-07-09 15:53:53 - [MESSAGE][PASSED] - Object: 'Object Repository/APOLLO- Desktop/Burger Menu/Shop food' is clicked on

2019-07-09 15:53:53 - [TEST_STEP][PASSED] - delay(2): Delayed 2 second(s)

2019-07-09 15:53:55 - [MESSAGE][PASSED] - Delayed 2 second(s)

2019-07-09 15:53:55 - [TEST_STEP][PASSED] - click(findTestObject("APOLLO- Desktop/Burger Menu/Sides")): Object: 'Object Repository/APOLLO- Desktop/Burger Menu/Sides' is clicked on

2019-07-09 15:53:58 - [MESSAGE][PASSED] - Object: 'Object Repository/APOLLO- Desktop/Burger Menu/Sides' is clicked on

2019-07-09 15:53:58 - [TEST_STEP][PASSED] - delay(2): Delayed 2 second(s)

2019-07-09 15:54:00 - [MESSAGE][PASSED] - Delayed 2 second(s)

2019-07-09 15:54:00 - [TEST_STEP][PASSED] - delay(2): Delayed 2 second(s)

2019-07-09 15:54:02 - [MESSAGE][PASSED] - Delayed 2 second(s)

2019-07-09 15:54:02 - [TEST_STEP][PASSED] - click(findTestObject("APOLLO- Desktop/Burger Menu/Burgermenu")): Object: 'Object Repository/APOLLO- Desktop/Burger Menu/Burgermenu' is clicked on

2019-07-09 15:54:02 - [MESSAGE][PASSED] - Object: 'Object Repository/APOLLO- Desktop/Burger Menu/Burgermenu' is clicked on

2019-07-09 15:54:02 - [TEST_STEP][PASSED] - delay(2): Delayed 2 second(s)

2019-07-09 15:54:04 - [MESSAGE][PASSED] - Delayed 2 second(s)

2019-07-09 15:54:04 - [TEST_STEP][PASSED] - click(findTestObject("APOLLO- Desktop/Burger Menu/Shop food")): Object: 'Object Repository/APOLLO- Desktop/Burger Menu/Shop food' is clicked on

2019-07-09 15:54:04 - [MESSAGE][PASSED] - Object: 'Object Repository/APOLLO- Desktop/Burger Menu/Shop food' is clicked on

2019-07-09 15:54:04 - [TEST_STEP][PASSED] - delay(2): Delayed 2 second(s)

2019-07-09 15:54:06 - [MESSAGE][PASSED] - Delayed 2 second(s)

2019-07-09 15:54:06 - [TEST_STEP][PASSED] - click(findTestObject("APOLLO- Desktop/Burger Menu/Burger menu - Shop All")): Object: 'Object Repository/APOLLO- Desktop/Burger Menu/Burger menu - Shop All' is clicked on

2019-07-09 15:54:12 - [MESSAGE][PASSED] - Object: 'Object Repository/APOLLO- Desktop/Burger Menu/Burger menu - Shop All' is clicked on

2019-07-09 15:54:12 - [TEST_STEP][PASSED] - delay(2): Delayed 2 second(s)

2019-07-09 15:54:14 - [MESSAGE][PASSED] - Delayed 2 second(s)

2019-07-09 15:54:14 - [TEST_STEP][PASSED] - delay(2): Delayed 2 second(s)

2019-07-09 15:54:16 - [MESSAGE][PASSED] - Delayed 2 second(s)

2019-07-09 15:54:16 - [TEST_STEP][PASSED] - click(findTestObject("APOLLO- Desktop/Burger Menu/Burgermenu")): Object: 'Object Repository/APOLLO- Desktop/Burger Menu/Burgermenu' is clicked on

2019-07-09 15:54:16 - [MESSAGE][PASSED] - Object: 'Object Repository/APOLLO- Desktop/Burger Menu/Burgermenu' is clicked on

2019-07-09 15:54:16 - [TEST_STEP][PASSED] - delay(2): Delayed 2 second(s)

2019-07-09 15:54:18 - [MESSAGE][PASSED] - Delayed 2 second(s)

2019-07-09 15:54:18 - [TEST_STEP][PASSED] - click(findTestObject("APOLLO- Desktop/Burger Menu/collections")): Object: 'Object Repository/APOLLO- Desktop/Burger Menu/collections' is clicked on

2019-07-09 15:54:19 - [MESSAGE][PASSED] - Object: 'Object Repository/APOLLO- Desktop/Burger Menu/collections' is clicked on

2019-07-09 15:54:19 - [TEST_STEP][PASSED] - delay(2): Delayed 2 second(s)

2019-07-09 15:54:21 - [MESSAGE][PASSED] - Delayed 2 second(s)

2019-07-09 15:54:21 - [TEST_STEP][PASSED] - delay(2): Delayed 2 second(s)

2019-07-09 15:54:23 - [MESSAGE][PASSED] - Delayed 2 second(s)

2019-07-09 15:54:23 - [TEST_STEP][PASSED] - delay(2): Delayed 2 second(s)

2019-07-09 15:54:25 - [MESSAGE][PASSED] - Delayed 2 second(s)

2019-07-09 15:54:25 - [TEST_STEP][PASSED] - click(findTestObject("APOLLO- Desktop/Burger Menu/Burgermenu")): Object: 'Object Repository/APOLLO- Desktop/Burger Menu/Burgermenu' is clicked on

2019-07-09 15:54:26 - [MESSAGE][PASSED] - Object: 'Object Repository/APOLLO- Desktop/Burger Menu/Burgermenu' is clicked on

2019-07-09 15:54:26 - [TEST_STEP][PASSED] - delay(2): Delayed 2 second(s)

2019-07-09 15:54:28 - [MESSAGE][PASSED] - Delayed 2 second(s)

2019-07-09 15:54:28 - [TEST_STEP][PASSED] - click(findTestObject("APOLLO- Desktop/Burger Menu/About")): Object: 'Object Repository/APOLLO- Desktop/Burger Menu/About' is clicked on

2019-07-09 15:54:29 - [MESSAGE][PASSED] - Object: 'Object Repository/APOLLO- Desktop/Burger Menu/About' is clicked on

2019-07-09 15:54:29 - [TEST_STEP][PASSED] - delay(2): Delayed 2 second(s)

2019-07-09 15:54:31 - [MESSAGE][PASSED] - Delayed 2 second(s)

2019-07-09 15:54:31 - [TEST_STEP][PASSED] - delay(2): Delayed 2 second(s)

2019-07-09 15:54:33 - [MESSAGE][PASSED] - Delayed 2 second(s)

2019-07-09 15:54:33 - [TEST_STEP][PASSED] - delay(2): Delayed 2 second(s)

2019-07-09 15:54:35 - [MESSAGE][PASSED] - Delayed 2 second(s)

2019-07-09 15:54:35 - [TEST_STEP][PASSED] - click(findTestObject("APOLLO- Desktop/Burger Menu/Burgermenu")): Object: 'Object Repository/APOLLO- Desktop/Burger Menu/Burgermenu' is clicked on

2019-07-09 15:54:35 - [MESSAGE][PASSED] - Object: 'Object Repository/APOLLO- Desktop/Burger Menu/Burgermenu' is clicked on

2019-07-09 15:54:35 - [TEST_STEP][PASSED] - delay(2): Delayed 2 second(s)

2019-07-09 15:54:37 - [MESSAGE][PASSED] - Delayed 2 second(s)

2019-07-09 15:54:37 - [TEST_STEP][PASSED] - click(findTestObject("APOLLO- Desktop/Burger Menu/Blog")): Object: 'Object Repository/APOLLO- Desktop/Burger Menu/Blog' is clicked on

2019-07-09 15:54:39 - [MESSAGE][PASSED] - Object: 'Object Repository/APOLLO- Desktop/Burger Menu/Blog' is clicked on

2019-07-09 15:54:39 - [TEST_STEP][PASSED] - delay(2): Delayed 2 second(s)

2019-07-09 15:54:41 - [MESSAGE][PASSED] - Delayed 2 second(s)

2019-07-09 15:54:41 - [TEST_STEP][PASSED] - click(findTestObject("APOLLO- Desktop/Burger Menu/Burgermenu")): Object: 'Object Repository/APOLLO- Desktop/Burger Menu/Burgermenu' is clicked on

2019-07-09 15:54:41 - [MESSAGE][PASSED] - Object: 'Object Repository/APOLLO- Desktop/Burger Menu/Burgermenu' is clicked on

2019-07-09 15:54:41 - [TEST_STEP][PASSED] - delay(2): Delayed 2 second(s)

2019-07-09 15:54:43 - [MESSAGE][PASSED] - Delayed 2 second(s)

2019-07-09 15:54:43 - [TEST_STEP][PASSED] - click(findTestObject("APOLLO- Desktop/Burger Menu/Contact us")): Object: 'Object Repository/APOLLO- Desktop/Burger Menu/Contact us' is clicked on

2019-07-09 15:54:44 - [MESSAGE][PASSED] - Object: 'Object Repository/APOLLO- Desktop/Burger Menu/Contact us' is clicked on

2019-07-09 15:54:44 - [TEST_STEP][PASSED] - delay(2): Delayed 2 second(s)

2019-07-09 15:54:46 - [MESSAGE][PASSED] - Delayed 2 second(s)]]></system-out>
         <system-err><![CDATA[]]></system-err>
      </testcase>
      <testcase name="Test Cases/HOME PAGE/Featured blog posts" classname="Test Cases/HOME PAGE/Featured blog posts" status="PASSED">
         <system-out><![CDATA[2019-07-09 15:54:46 - [TEST_CASE][PASSED] - Test Cases/HOME PAGE/Featured blog posts: Test Cases/HOME PAGE/Featured blog posts

2019-07-09 15:54:46 - [TEST_STEP][PASSED] - callTestCase(findTestCase("CALL - URL"), [:], STOP_ON_FAILURE): Call Test Case 'Test Cases/CALL - URL' successfully

2019-07-09 15:54:46 - [TEST_CASE][PASSED] - Test Cases/CALL - URL: Test Cases/CALL - URL

2019-07-09 15:54:46 - [TEST_STEP][PASSED] - openBrowser(""): Browser is opened with url: ''

2019-07-09 15:54:46 - [MESSAGE][WARNING] - A browser is already opened. Closing browser and opening a new one

2019-07-09 15:54:47 - [MESSAGE][INFO] - Starting 'Firefox' driver

2019-07-09 15:54:49 - [MESSAGE][PASSED] - Browser is opened with url: ''

2019-07-09 15:54:49 - [TEST_STEP][PASSED] - navigateToUrl("https://apollo-fireball.myshopify.com/?_ab=0&_fd=0&_sc=1&key=96c2edace7b9967f3a77c2e2b131937136039831e9ec35f31598610005fa8795&preview_theme_id=46803124304"): Navigate to 'https://apollo-fireball.myshopify.com/?_ab=0&_fd=0&_sc=1&key=96c2edace7b9967f3a77c2e2b131937136039831e9ec35f31598610005fa8795&preview_theme_id=46803124304' successfully

2019-07-09 15:54:59 - [MESSAGE][PASSED] - Navigate to 'https://apollo-fireball.myshopify.com/?_ab=0&_fd=0&_sc=1&key=96c2edace7b9967f3a77c2e2b131937136039831e9ec35f31598610005fa8795&preview_theme_id=46803124304' successfully

2019-07-09 15:54:59 - [TEST_STEP][PASSED] - executeJavaScript("var previewBar = document.getElementById("preview-bar-iframe"); previewBar.style.display = "none";", []): Execute JavaScript 'var previewBar = document.getElementById("preview-bar-iframe"); previewBar.style.display = "none";' successfully

2019-07-09 15:54:59 - [MESSAGE][PASSED] - Execute JavaScript 'var previewBar = document.getElementById("preview-bar-iframe"); previewBar.style.display = "none";' successfully

2019-07-09 15:54:59 - [TEST_STEP][PASSED] - maximizeWindow(): Current window maximized

2019-07-09 15:55:00 - [MESSAGE][PASSED] - Current window maximized

2019-07-09 15:55:00 - [MESSAGE][PASSED] - Call Test Case 'Test Cases/CALL - URL' successfully

2019-07-09 15:55:00 - [TEST_STEP][PASSED] - delay(2): Delayed 2 second(s)

2019-07-09 15:55:02 - [MESSAGE][PASSED] - Delayed 2 second(s)

2019-07-09 15:55:02 - [TEST_STEP][PASSED] - scrollToElement(findTestObject("APOLLO- Desktop/Home page/Featured blog posts/Featured Blog posts"), 0): Scroll to object 'Object Repository/APOLLO- Desktop/Home page/Featured blog posts/Featured Blog posts' successfully

2019-07-09 15:55:02 - [MESSAGE][WARNING] - Timeout '0' is invalid. Using default page load timeout: '30'

2019-07-09 15:55:02 - [MESSAGE][PASSED] - Scroll to object 'Object Repository/APOLLO- Desktop/Home page/Featured blog posts/Featured Blog posts' successfully

2019-07-09 15:55:02 - [TEST_STEP][PASSED] - delay(2): Delayed 2 second(s)

2019-07-09 15:55:04 - [MESSAGE][PASSED] - Delayed 2 second(s)

2019-07-09 15:55:04 - [TEST_STEP][PASSED] - click(findTestObject("APOLLO- Desktop/Home page/Featured blog posts/second slider")): Object: 'Object Repository/APOLLO- Desktop/Home page/Featured blog posts/second slider' is clicked on

2019-07-09 15:55:04 - [MESSAGE][PASSED] - Object: 'Object Repository/APOLLO- Desktop/Home page/Featured blog posts/second slider' is clicked on

2019-07-09 15:55:04 - [TEST_STEP][PASSED] - delay(2): Delayed 2 second(s)

2019-07-09 15:55:06 - [MESSAGE][PASSED] - Delayed 2 second(s)

2019-07-09 15:55:06 - [TEST_STEP][PASSED] - click(findTestObject("APOLLO- Desktop/Home page/Featured blog posts/third slider")): Object: 'Object Repository/APOLLO- Desktop/Home page/Featured blog posts/third slider' is clicked on

2019-07-09 15:55:07 - [MESSAGE][PASSED] - Object: 'Object Repository/APOLLO- Desktop/Home page/Featured blog posts/third slider' is clicked on

2019-07-09 15:55:07 - [TEST_STEP][PASSED] - delay(2): Delayed 2 second(s)

2019-07-09 15:55:09 - [MESSAGE][PASSED] - Delayed 2 second(s)

2019-07-09 15:55:09 - [TEST_STEP][PASSED] - click(findTestObject("APOLLO- Desktop/Home page/Featured blog posts/first slider")): Object: 'Object Repository/APOLLO- Desktop/Home page/Featured blog posts/first slider' is clicked on

2019-07-09 15:55:09 - [MESSAGE][PASSED] - Object: 'Object Repository/APOLLO- Desktop/Home page/Featured blog posts/first slider' is clicked on

2019-07-09 15:55:09 - [TEST_STEP][PASSED] - delay(2): Delayed 2 second(s)

2019-07-09 15:55:11 - [MESSAGE][PASSED] - Delayed 2 second(s)

2019-07-09 15:55:11 - [TEST_STEP][PASSED] - click(findTestObject("APOLLO- Desktop/Home page/Featured blog posts/Visit Blog")): Object: 'Object Repository/APOLLO- Desktop/Home page/Featured blog posts/Visit Blog' is clicked on

2019-07-09 15:55:12 - [MESSAGE][PASSED] - Object: 'Object Repository/APOLLO- Desktop/Home page/Featured blog posts/Visit Blog' is clicked on

2019-07-09 15:55:12 - [TEST_STEP][PASSED] - delay(2): Delayed 2 second(s)

2019-07-09 15:55:14 - [MESSAGE][PASSED] - Delayed 2 second(s)

2019-07-09 15:55:14 - [TEST_STEP][PASSED] - click(findTestObject("APOLLO- Desktop/Home page/Hero banner - CTA/Apollo icon")): Object: 'Object Repository/APOLLO- Desktop/Home page/Hero banner - CTA/Apollo icon' is clicked on

2019-07-09 15:55:17 - [MESSAGE][PASSED] - Object: 'Object Repository/APOLLO- Desktop/Home page/Hero banner - CTA/Apollo icon' is clicked on

2019-07-09 15:55:17 - [TEST_STEP][PASSED] - executeJavaScript("var previewBar = document.getElementById("preview-bar-iframe"); previewBar.style.display = "none";", []): Execute JavaScript 'var previewBar = document.getElementById("preview-bar-iframe"); previewBar.style.display = "none";' successfully

2019-07-09 15:55:17 - [MESSAGE][PASSED] - Execute JavaScript 'var previewBar = document.getElementById("preview-bar-iframe"); previewBar.style.display = "none";' successfully

2019-07-09 15:55:17 - [TEST_STEP][PASSED] - delay(2): Delayed 2 second(s)

2019-07-09 15:55:19 - [MESSAGE][PASSED] - Delayed 2 second(s)

2019-07-09 15:55:19 - [TEST_STEP][PASSED] - scrollToElement(findTestObject("APOLLO- Desktop/Home page/Featured blog posts/Featured Blog posts"), 0): Scroll to object 'Object Repository/APOLLO- Desktop/Home page/Featured blog posts/Featured Blog posts' successfully

2019-07-09 15:55:19 - [MESSAGE][WARNING] - Timeout '0' is invalid. Using default page load timeout: '30'

2019-07-09 15:55:19 - [MESSAGE][PASSED] - Scroll to object 'Object Repository/APOLLO- Desktop/Home page/Featured blog posts/Featured Blog posts' successfully

2019-07-09 15:55:19 - [TEST_STEP][PASSED] - delay(2): Delayed 2 second(s)

2019-07-09 15:55:21 - [MESSAGE][PASSED] - Delayed 2 second(s)

2019-07-09 15:55:21 - [TEST_STEP][PASSED] - click(findTestObject("APOLLO- Desktop/Home page/Featured blog posts/Read more link")): Object: 'Object Repository/APOLLO- Desktop/Home page/Featured blog posts/Read more link' is clicked on

2019-07-09 15:55:23 - [MESSAGE][PASSED] - Object: 'Object Repository/APOLLO- Desktop/Home page/Featured blog posts/Read more link' is clicked on

2019-07-09 15:55:23 - [TEST_STEP][PASSED] - delay(2): Delayed 2 second(s)

2019-07-09 15:55:25 - [MESSAGE][PASSED] - Delayed 2 second(s)

2019-07-09 15:55:25 - [TEST_STEP][PASSED] - click(findTestObject("APOLLO- Desktop/Home page/Hero banner - CTA/Apollo icon")): Object: 'Object Repository/APOLLO- Desktop/Home page/Hero banner - CTA/Apollo icon' is clicked on

2019-07-09 15:55:28 - [MESSAGE][PASSED] - Object: 'Object Repository/APOLLO- Desktop/Home page/Hero banner - CTA/Apollo icon' is clicked on

2019-07-09 15:55:28 - [TEST_STEP][PASSED] - executeJavaScript("var previewBar = document.getElementById("preview-bar-iframe"); previewBar.style.display = "none";", []): Execute JavaScript 'var previewBar = document.getElementById("preview-bar-iframe"); previewBar.style.display = "none";' successfully

2019-07-09 15:55:28 - [MESSAGE][PASSED] - Execute JavaScript 'var previewBar = document.getElementById("preview-bar-iframe"); previewBar.style.display = "none";' successfully

2019-07-09 15:55:28 - [TEST_STEP][PASSED] - delay(2): Delayed 2 second(s)

2019-07-09 15:55:30 - [MESSAGE][PASSED] - Delayed 2 second(s)

[...]

2019-07-09 16:15:58 - [TEST_STEP][PASSED] - delay(2): Delayed 2 second(s)

2019-07-09 16:16:00 - [MESSAGE][PASSED] - Delayed 2 second(s)

2019-07-09 16:16:00 - [TEST_STEP][FAILED] - click(findTestObject("APOLLO- Desktop/Collection page/Grilled lemon chicken")): click(findTestObject("APOLLO- Desktop/Collection page/Grilled lemon chicken")) FAILED.
Reason:
com.kms.katalon.core.exception.StepFailedException: Unable to click on object 'Object Repository/APOLLO- Desktop/Collection page/Grilled lemon chicken' (Root cause: org.openqa.selenium.ElementClickInterceptedException: Element <div class="o-square-image js-tile-image"> is not clickable at point (178,767) because another element <iframe id="preview-bar-iframe" src="https://apollo-fireball.myshopify.com/preview_bar"> obscures it
Build info: version: '3.7.1', revision: '8a0099a', time: '2017-11-06T21:07:36.161Z'
System info: host: 'sumans-MacBook-Pro.local', ip: 'fe80:0:0:0:47c:ca88:4245:b7a7%en0', os.name: 'Mac OS X', os.arch: 'x86_64', os.version: '10.13.6', java.version: '1.8.0_181'
Driver info: com.kms.katalon.core.webui.driver.firefox.CGeckoDriver
Capabilities {acceptInsecureCerts: true, browserName: firefox, browserVersion: 67.0.4, javascriptEnabled: true, moz:accessibilityChecks: false, moz:buildID: 20190619235627, moz:geckodriverVersion: 0.23.0, moz:headless: false, moz:processID: 2657, moz:profile: /var/folders/1t/c55l8xzs6gq..., moz:shutdownTimeout: 60000, moz:useNonSpecCompliantPointerOrigin: false, moz:webdriverClick: true, pageLoadStrategy: normal, platform: MAC, platformName: MAC, platformVersion: 17.7.0, proxy: Proxy(direct), rotatable: false, setWindowRect: true, strictFileInteractability: false, timeouts: {implicit: 0, pageLoad: 300000, script: 30000}, unhandledPromptBehavior: dismiss and notify}
Session ID: a48c5495-85ab-0e45-aadf-8db2c31a480d)
	at com.kms.katalon.core.keyword.internal.KeywordMain.stepFailed(KeywordMain.groovy:36)
	at com.kms.katalon.core.webui.keyword.internal.WebUIKeywordMain.stepFailed(WebUIKeywordMain.groovy:65)
	at com.kms.katalon.core.webui.keyword.internal.WebUIKeywordMain.runKeyword(WebUIKeywordMain.groovy:27)
	at com.kms.katalon.core.webui.keyword.builtin.ClickKeyword.click(ClickKeyword.groovy:86)
	at com.kms.katalon.core.webui.keyword.builtin.ClickKeyword.execute(ClickKeyword.groovy:67)
	at com.kms.katalon.core.keyword.internal.KeywordExecutor.executeKeywordForPlatform(KeywordExecutor.groovy:53)
	at com.kms.katalon.core.webui.keyword.WebUiBuiltInKeywords.click(WebUiBuiltInKeywords.groovy:616)
	at com.kms.katalon.core.webui.keyword.WebUiBuiltInKeywords$click$3.call(Unknown Source)
	at Price comparison - Cart flyout.run(Price comparison - Cart flyout:68)
	at com.kms.katalon.core.main.ScriptEngine.run(ScriptEngine.java:194)
	at com.kms.katalon.core.main.ScriptEngine.runScriptAsRawText(ScriptEngine.java:119)
	at com.kms.katalon.core.main.TestCaseExecutor.runScript(TestCaseExecutor.java:328)
	at com.kms.katalon.core.main.TestCaseExecutor.doExecute(TestCaseExecutor.java:319)
	at com.kms.katalon.core.main.TestCaseExecutor.processExecutionPhase(TestCaseExecutor.java:298)
	at com.kms.katalon.core.main.TestCaseExecutor.accessMainPhase(TestCaseExecutor.java:290)
	at com.kms.katalon.core.main.TestCaseExecutor.execute(TestCaseExecutor.java:224)
	at com.kms.katalon.core.main.TestSuiteExecutor.accessTestCaseMainPhase(TestSuiteExecutor.java:129)
	at com.kms.katalon.core.main.TestSuiteExecutor.accessTestSuiteMainPhase(TestSuiteExecutor.java:112)
	at com.kms.katalon.core.main.TestSuiteExecutor.execute(TestSuiteExecutor.java:81)
	at com.kms.katalon.core.main.TestCaseMain.startTestSuite(TestCaseMain.java:149)
	at com.kms.katalon.core.main.TestCaseMain$startTestSuite$0.call(Unknown Source)
	at TempTestSuite1562701686673.run(TempTestSuite1562701686673.groovy:36)


2019-07-09 16:16:01 - [MESSAGE][FAILED] - Unable to click on object 'Object Repository/APOLLO- Desktop/Collection page/Grilled lemon chicken' (Root cause: org.openqa.selenium.ElementClickInterceptedException: Element <div class="o-square-image js-tile-image"> is not clickable at point (178,767) because another element <iframe id="preview-bar-iframe" src="https://apollo-fireball.myshopify.com/preview_bar"> obscures it
Build info: version: '3.7.1', revision: '8a0099a', time: '2017-11-06T21:07:36.161Z'
System info: host: 'sumans-MacBook-Pro.local', ip: 'fe80:0:0:0:47c:ca88:4245:b7a7%en0', os.name: 'Mac OS X', os.arch: 'x86_64', os.version: '10.13.6', java.version: '1.8.0_181'
Driver info: com.kms.katalon.core.webui.driver.firefox.CGeckoDriver
Capabilities {acceptInsecureCerts: true, browserName: firefox, browserVersion: 67.0.4, javascriptEnabled: true, moz:accessibilityChecks: false, moz:buildID: 20190619235627, moz:geckodriverVersion: 0.23.0, moz:headless: false, moz:processID: 2657, moz:profile: /var/folders/1t/c55l8xzs6gq..., moz:shutdownTimeout: 60000, moz:useNonSpecCompliantPointerOrigin: false, moz:webdriverClick: true, pageLoadStrategy: normal, platform: MAC, platformName: MAC, platformVersion: 17.7.0, proxy: Proxy(direct), rotatable: false, setWindowRect: true, strictFileInteractability: false, timeouts: {implicit: 0, pageLoad: 300000, script: 30000}, unhandledPromptBehavior: dismiss and notify}
Session ID: a48c5495-85ab-0e45-aadf-8db2c31a480d)
[[ATTACHMENT|/Users/sumankompelly/Katalon Studio/APOLLO - FIRE/APOLLO - FIRE- DESKTOP/Reports/0.5.5/20190709_154806/1562703360628.png]]

2019-07-09 16:16:01 - [MESSAGE][FAILED] - click(findTestObject("APOLLO- Desktop/Collection page/Grilled lemon chicken")) FAILED.
Reason:
com.kms.katalon.core.exception.StepFailedException: Unable to click on object 'Object Repository/APOLLO- Desktop/Collection page/Grilled lemon chicken' (Root cause: org.openqa.selenium.ElementClickInterceptedException: Element <div class="o-square-image js-tile-image"> is not clickable at point (178,767) because another element <iframe id="preview-bar-iframe" src="https://apollo-fireball.myshopify.com/preview_bar"> obscures it
Build info: version: '3.7.1', revision: '8a0099a', time: '2017-11-06T21:07:36.161Z'
System info: host: 'sumans-MacBook-Pro.local', ip: 'fe80:0:0:0:47c:ca88:4245:b7a7%en0', os.name: 'Mac OS X', os.arch: 'x86_64', os.version: '10.13.6', java.version: '1.8.0_181'
Driver info: com.kms.katalon.core.webui.driver.firefox.CGeckoDriver
Capabilities {acceptInsecureCerts: true, browserName: firefox, browserVersion: 67.0.4, javascriptEnabled: true, moz:accessibilityChecks: false, moz:buildID: 20190619235627, moz:geckodriverVersion: 0.23.0, moz:headless: false, moz:processID: 2657, moz:profile: /var/folders/1t/c55l8xzs6gq..., moz:shutdownTimeout: 60000, moz:useNonSpecCompliantPointerOrigin: false, moz:webdriverClick: true, pageLoadStrategy: normal, platform: MAC, platformName: MAC, platformVersion: 17.7.0, proxy: Proxy(direct), rotatable: false, setWindowRect: true, strictFileInteractability: false, timeouts: {implicit: 0, pageLoad: 300000, script: 30000}, unhandledPromptBehavior: dismiss and notify}
Session ID: a48c5495-85ab-0e45-aadf-8db2c31a480d)
	at com.kms.katalon.core.keyword.internal.KeywordMain.stepFailed(KeywordMain.groovy:36)
	at com.kms.katalon.core.webui.keyword.internal.WebUIKeywordMain.stepFailed(WebUIKeywordMain.groovy:65)
	at com.kms.katalon.core.webui.keyword.internal.WebUIKeywordMain.runKeyword(WebUIKeywordMain.groovy:27)
	at com.kms.katalon.core.webui.keyword.builtin.ClickKeyword.click(ClickKeyword.groovy:86)
	at com.kms.katalon.core.webui.keyword.builtin.ClickKeyword.execute(ClickKeyword.groovy:67)
	at com.kms.katalon.core.keyword.internal.KeywordExecutor.executeKeywordForPlatform(KeywordExecutor.groovy:53)
	at com.kms.katalon.core.webui.keyword.WebUiBuiltInKeywords.click(WebUiBuiltInKeywords.groovy:616)
	at com.kms.katalon.core.webui.keyword.WebUiBuiltInKeywords$click$3.call(Unknown Source)
	at Price comparison - Cart flyout.run(Price comparison - Cart flyout:68)
	at com.kms.katalon.core.main.ScriptEngine.run(ScriptEngine.java:194)
	at com.kms.katalon.core.main.ScriptEngine.runScriptAsRawText(ScriptEngine.java:119)
	at com.kms.katalon.core.main.TestCaseExecutor.runScript(TestCaseExecutor.java:328)
	at com.kms.katalon.core.main.TestCaseExecutor.doExecute(TestCaseExecutor.java:319)
	at com.kms.katalon.core.main.TestCaseExecutor.processExecutionPhase(TestCaseExecutor.java:298)
	at com.kms.katalon.core.main.TestCaseExecutor.accessMainPhase(TestCaseExecutor.java:290)
	at com.kms.katalon.core.main.TestCaseExecutor.execute(TestCaseExecutor.java:224)
	at com.kms.katalon.core.main.TestSuiteExecutor.accessTestCaseMainPhase(TestSuiteExecutor.java:129)
	at com.kms.katalon.core.main.TestSuiteExecutor.accessTestSuiteMainPhase(TestSuiteExecutor.java:112)
	at com.kms.katalon.core.main.TestSuiteExecutor.execute(TestSuiteExecutor.java:81)
	at com.kms.katalon.core.main.TestCaseMain.startTestSuite(TestCaseMain.java:149)
	at com.kms.katalon.core.main.TestCaseMain$startTestSuite$0.call(Unknown Source)
	at TempTestSuite1562701686673.run(TempTestSuite1562701686673.groovy:36)]]></system-out>
         <system-err><![CDATA[2019-07-09 16:15:18 - [TEST_CASE][FAILED] - Test Cases/CRITICAL PATH/Price comparison - Cart flyout: Test Cases/CRITICAL PATH/Price comparison - Cart flyout FAILED.
Reason:
com.kms.katalon.core.exception.StepFailedException: Unable to click on object 'Object Repository/APOLLO- Desktop/Collection page/Grilled lemon chicken' (Root cause: org.openqa.selenium.ElementClickInterceptedException: Element <div class="o-square-image js-tile-image"> is not clickable at point (178,767) because another element <iframe id="preview-bar-iframe" src="https://apollo-fireball.myshopify.com/preview_bar"> obscures it
Build info: version: '3.7.1', revision: '8a0099a', time: '2017-11-06T21:07:36.161Z'
System info: host: 'sumans-MacBook-Pro.local', ip: 'fe80:0:0:0:47c:ca88:4245:b7a7%en0', os.name: 'Mac OS X', os.arch: 'x86_64', os.version: '10.13.6', java.version: '1.8.0_181'
Driver info: com.kms.katalon.core.webui.driver.firefox.CGeckoDriver
Capabilities {acceptInsecureCerts: true, browserName: firefox, browserVersion: 67.0.4, javascriptEnabled: true, moz:accessibilityChecks: false, moz:buildID: 20190619235627, moz:geckodriverVersion: 0.23.0, moz:headless: false, moz:processID: 2657, moz:profile: /var/folders/1t/c55l8xzs6gq..., moz:shutdownTimeout: 60000, moz:useNonSpecCompliantPointerOrigin: false, moz:webdriverClick: true, pageLoadStrategy: normal, platform: MAC, platformName: MAC, platformVersion: 17.7.0, proxy: Proxy(direct), rotatable: false, setWindowRect: true, strictFileInteractability: false, timeouts: {implicit: 0, pageLoad: 300000, script: 30000}, unhandledPromptBehavior: dismiss and notify}
Session ID: a48c5495-85ab-0e45-aadf-8db2c31a480d)
	at com.kms.katalon.core.keyword.internal.KeywordMain.stepFailed(KeywordMain.groovy:36)
	at com.kms.katalon.core.webui.keyword.internal.WebUIKeywordMain.stepFailed(WebUIKeywordMain.groovy:65)
	at com.kms.katalon.core.webui.keyword.internal.WebUIKeywordMain.runKeyword(WebUIKeywordMain.groovy:27)
	at com.kms.katalon.core.webui.keyword.builtin.ClickKeyword.click(ClickKeyword.groovy:86)
	at com.kms.katalon.core.webui.keyword.builtin.ClickKeyword.execute(ClickKeyword.groovy:67)
	at com.kms.katalon.core.keyword.internal.KeywordExecutor.executeKeywordForPlatform(KeywordExecutor.groovy:53)
	at com.kms.katalon.core.webui.keyword.WebUiBuiltInKeywords.click(WebUiBuiltInKeywords.groovy:616)
	at com.kms.katalon.core.webui.keyword.WebUiBuiltInKeywords$click$3.call(Unknown Source)
	at Price comparison - Cart flyout.run(Price comparison - Cart flyout:68)
	at com.kms.katalon.core.main.ScriptEngine.run(ScriptEngine.java:194)
	at com.kms.katalon.core.main.ScriptEngine.runScriptAsRawText(ScriptEngine.java:119)
	at com.kms.katalon.core.main.TestCaseExecutor.runScript(TestCaseExecutor.java:328)
	at com.kms.katalon.core.main.TestCaseExecutor.doExecute(TestCaseExecutor.java:319)
	at com.kms.katalon.core.main.TestCaseExecutor.processExecutionPhase(TestCaseExecutor.java:298)
	at com.kms.katalon.core.main.TestCaseExecutor.accessMainPhase(TestCaseExecutor.java:290)
	at com.kms.katalon.core.main.TestCaseExecutor.execute(TestCaseExecutor.java:224)
	at com.kms.katalon.core.main.TestSuiteExecutor.accessTestCaseMainPhase(TestSuiteExecutor.java:129)
	at com.kms.katalon.core.main.TestSuiteExecutor.accessTestSuiteMainPhase(TestSuiteExecutor.java:112)
	at com.kms.katalon.core.main.TestSuiteExecutor.execute(TestSuiteExecutor.java:81)
	at com.kms.katalon.core.main.TestCaseMain.startTestSuite(TestCaseMain.java:149)
	at com.kms.katalon.core.main.TestCaseMain$startTestSuite$0.call(Unknown Source)
	at TempTestSuite1562701686673.run(TempTestSuite1562701686673.groovy:36)]]></system-err>
      </testcase>
      <system-out><![CDATA[2019-07-09 15:48:08 - [TEST_SUITE][FAILED] - 0.5.5: Test Cases/CRITICAL PATH/Adding diff prods to cart FAILED.
Reason:
com.kms.katalon.core.exception.StepFailedException: Unable to click on object 'Object Repository/APOLLO- Desktop/Collection page/Grilled lemon chicken' (Root cause: org.openqa.selenium.ElementClickInterceptedException: Element <div class="o-square-image js-tile-image"> is not clickable at point (178,767) because another element <iframe id="preview-bar-iframe" src="https://apollo-fireball.myshopify.com/preview_bar"> obscures it
Build info: version: '3.7.1', revision: '8a0099a', time: '2017-11-06T21:07:36.161Z'
System info: host: 'sumans-MacBook-Pro.local', ip: 'fe80:0:0:0:47c:ca88:4245:b7a7%en0', os.name: 'Mac OS X', os.arch: 'x86_64', os.version: '10.13.6', java.version: '1.8.0_181'
Driver info: com.kms.katalon.core.webui.driver.firefox.CGeckoDriver
Capabilities {acceptInsecureCerts: true, browserName: firefox, browserVersion: 67.0.4, javascriptEnabled: true, moz:accessibilityChecks: false, moz:buildID: 20190619235627, moz:geckodriverVersion: 0.23.0, moz:headless: false, moz:processID: 2594, moz:profile: /var/folders/1t/c55l8xzs6gq..., moz:shutdownTimeout: 60000, moz:useNonSpecCompliantPointerOrigin: false, moz:webdriverClick: true, pageLoadStrategy: normal, platform: MAC, platformName: MAC, platformVersion: 17.7.0, proxy: Proxy(direct), rotatable: false, setWindowRect: true, strictFileInteractability: false, timeouts: {implicit: 0, pageLoad: 300000, script: 30000}, unhandledPromptBehavior: dismiss and notify}
Session ID: 72a0f7d6-43b6-9541-8661-b6d17a7b6b6b)
	at com.kms.katalon.core.keyword.internal.KeywordMain.stepFailed(KeywordMain.groovy:36)
	at com.kms.katalon.core.webui.keyword.internal.WebUIKeywordMain.stepFailed(WebUIKeywordMain.groovy:65)
	at com.kms.katalon.core.webui.keyword.internal.WebUIKeywordMain.runKeyword(WebUIKeywordMain.groovy:27)
	at com.kms.katalon.core.webui.keyword.builtin.ClickKeyword.click(ClickKeyword.groovy:86)
	at com.kms.katalon.core.webui.keyword.builtin.ClickKeyword.execute(ClickKeyword.groovy:67)
	at com.kms.katalon.core.keyword.internal.KeywordExecutor.executeKeywordForPlatform(KeywordExecutor.groovy:53)
	at com.kms.katalon.core.webui.keyword.WebUiBuiltInKeywords.click(WebUiBuiltInKeywords.groovy:616)
	at com.kms.katalon.core.webui.keyword.WebUiBuiltInKeywords$click$3.call(Unknown Source)
	at Adding diff prods to cart.run(Adding diff prods to cart:90)
	at com.kms.katalon.core.main.ScriptEngine.run(ScriptEngine.java:194)
	at com.kms.katalon.core.main.ScriptEngine.runScriptAsRawText(ScriptEngine.java:119)
	at com.kms.katalon.core.main.TestCaseExecutor.runScript(TestCaseExecutor.java:328)
	at com.kms.katalon.core.main.TestCaseExecutor.doExecute(TestCaseExecutor.java:319)
	at com.kms.katalon.core.main.TestCaseExecutor.processExecutionPhase(TestCaseExecutor.java:298)
	at com.kms.katalon.core.main.TestCaseExecutor.accessMainPhase(TestCaseExecutor.java:290)
	at com.kms.katalon.core.main.TestCaseExecutor.execute(TestCaseExecutor.java:224)
	at com.kms.katalon.core.main.TestSuiteExecutor.accessTestCaseMainPhase(TestSuiteExecutor.java:129)
	at com.kms.katalon.core.main.TestSuiteExecutor.accessTestSuiteMainPhase(TestSuiteExecutor.java:112)
	at com.kms.katalon.core.main.TestSuiteExecutor.execute(TestSuiteExecutor.java:81)
	at com.kms.katalon.core.main.TestCaseMain.startTestSuite(TestCaseMain.java:149)
	at com.kms.katalon.core.main.TestCaseMain$startTestSuite$0.call(Unknown Source)
	at TempTestSuite1562701686673.run(TempTestSuite1562701686673.groovy:36)]]></system-out>
      <system-err><![CDATA[2019-07-09 15:48:08 - [TEST_SUITE][FAILED] - 0.5.5: Test Cases/CRITICAL PATH/Adding diff prods to cart FAILED.
Reason:
com.kms.katalon.core.exception.StepFailedException: Unable to click on object 'Object Repository/APOLLO- Desktop/Collection page/Grilled lemon chicken' (Root cause: org.openqa.selenium.ElementClickInterceptedException: Element <div class="o-square-image js-tile-image"> is not clickable at point (178,767) because another element <iframe id="preview-bar-iframe" src="https://apollo-fireball.myshopify.com/preview_bar"> obscures it
Build info: version: '3.7.1', revision: '8a0099a', time: '2017-11-06T21:07:36.161Z'
System info: host: 'sumans-MacBook-Pro.local', ip: 'fe80:0:0:0:47c:ca88:4245:b7a7%en0', os.name: 'Mac OS X', os.arch: 'x86_64', os.version: '10.13.6', java.version: '1.8.0_181'
Driver info: com.kms.katalon.core.webui.driver.firefox.CGeckoDriver
Capabilities {acceptInsecureCerts: true, browserName: firefox, browserVersion: 67.0.4, javascriptEnabled: true, moz:accessibilityChecks: false, moz:buildID: 20190619235627, moz:geckodriverVersion: 0.23.0, moz:headless: false, moz:processID: 2594, moz:profile: /var/folders/1t/c55l8xzs6gq..., moz:shutdownTimeout: 60000, moz:useNonSpecCompliantPointerOrigin: false, moz:webdriverClick: true, pageLoadStrategy: normal, platform: MAC, platformName: MAC, platformVersion: 17.7.0, proxy: Proxy(direct), rotatable: false, setWindowRect: true, strictFileInteractability: false, timeouts: {implicit: 0, pageLoad: 300000, script: 30000}, unhandledPromptBehavior: dismiss and notify}
Session ID: 72a0f7d6-43b6-9541-8661-b6d17a7b6b6b)
	at com.kms.katalon.core.keyword.internal.KeywordMain.stepFailed(KeywordMain.groovy:36)
	at com.kms.katalon.core.webui.keyword.internal.WebUIKeywordMain.stepFailed(WebUIKeywordMain.groovy:65)
	at com.kms.katalon.core.webui.keyword.internal.WebUIKeywordMain.runKeyword(WebUIKeywordMain.groovy:27)
	at com.kms.katalon.core.webui.keyword.builtin.ClickKeyword.click(ClickKeyword.groovy:86)
	at com.kms.katalon.core.webui.keyword.builtin.ClickKeyword.execute(ClickKeyword.groovy:67)
	at com.kms.katalon.core.keyword.internal.KeywordExecutor.executeKeywordForPlatform(KeywordExecutor.groovy:53)
	at com.kms.katalon.core.webui.keyword.WebUiBuiltInKeywords.click(WebUiBuiltInKeywords.groovy:616)
	at com.kms.katalon.core.webui.keyword.WebUiBuiltInKeywords$click$3.call(Unknown Source)
	at Adding diff prods to cart.run(Adding diff prods to cart:90)
	at com.kms.katalon.core.main.ScriptEngine.run(ScriptEngine.java:194)
	at com.kms.katalon.core.main.ScriptEngine.runScriptAsRawText(ScriptEngine.java:119)
	at com.kms.katalon.core.main.TestCaseExecutor.runScript(TestCaseExecutor.java:328)
	at com.kms.katalon.core.main.TestCaseExecutor.doExecute(TestCaseExecutor.java:319)
	at com.kms.katalon.core.main.TestCaseExecutor.processExecutionPhase(TestCaseExecutor.java:298)
	at com.kms.katalon.core.main.TestCaseExecutor.accessMainPhase(TestCaseExecutor.java:290)
	at com.kms.katalon.core.main.TestCaseExecutor.execute(TestCaseExecutor.java:224)
	at com.kms.katalon.core.main.TestSuiteExecutor.accessTestCaseMainPhase(TestSuiteExecutor.java:129)
	at com.kms.katalon.core.main.TestSuiteExecutor.accessTestSuiteMainPhase(TestSuiteExecutor.java:112)
	at com.kms.katalon.core.main.TestSuiteExecutor.execute(TestSuiteExecutor.java:81)
	at com.kms.katalon.core.main.TestCaseMain.startTestSuite(TestCaseMain.java:149)
	at com.kms.katalon.core.main.TestCaseMain$startTestSuite$0.call(Unknown Source)
	at TempTestSuite1562701686673.run(TempTestSuite1562701686673.groovy:36)]]></system-err>
   </testsuite>
</testsuites>
