<?xml version="1.0" encoding="UTF-8"?>
<testsuites name="0.5.5" time="2871" tests="24" failures="3" errors="0">
   <testsuite name="0.5.5" tests="24" failures="3" errors="0" time="2871" timestamp="2019-07-09 17:52:16" hostname="sumankompelly - 10.0.126.233" id="Test Suites/0.5.5">
      <properties>
[...]
</properties>
      <testcase name="Test Cases/COLLECTION PAGE/Sort" classname="Test Cases/COLLECTION PAGE/Sort" status="PASSED">
         <system-out><![CDATA[2019-07-09 17:52:16 - [TEST_CASE][PASSED] - Test Cases/COLLECTION PAGE/Sort: Test Cases/COLLECTION PAGE/Sort

2019-07-09 17:52:17 - [TEST_STEP][PASSED] - callTestCase(findTestCase("CALL - URL"), [:], STOP_ON_FAILURE): Call Test Case 'Test Cases/CALL - URL' successfully

2019-07-09 17:52:17 - [TEST_CASE][PASSED] - Test Cases/CALL - URL: Test Cases/CALL - URL

2019-07-09 17:52:17 - [TEST_STEP][PASSED] - openBrowser(""): Browser is opened with url: ''

2019-07-09 17:52:18 - [MESSAGE][INFO] - Starting 'Remote' driver

2019-07-09 17:52:18 - [MESSAGE][INFO] - User set preference: ['os', 'Windows']

2019-07-09 17:52:18 - [MESSAGE][INFO] - User set preference: ['os_version', '10']

2019-07-09 17:52:18 - [MESSAGE][INFO] - User set preference: ['browser', 'Chrome']

2019-07-09 17:52:18 - [MESSAGE][INFO] - User set preference: ['browser_version', '75.0']

2019-07-09 17:52:18 - [MESSAGE][INFO] - User set preference: ['resolution', '1280x1024']

2019-07-09 17:52:18 - [MESSAGE][INFO] - User set preference: ['browserstack.local', 'false']

2019-07-09 17:52:18 - [MESSAGE][INFO] - Connecting to remote web server 'https://dianatest3:Z3oqw9ysqTeRQJq5wFCp@hub-cloud.browserstack.com/wd/hub' with type 'Selenium'

2019-07-09 17:52:18 - [MESSAGE][INFO] - Action delay is set to 0 seconds

2019-07-09 17:52:26 - [MESSAGE][PASSED] - Browser is opened with url: ''

2019-07-09 17:52:26 - [TEST_STEP][PASSED] - navigateToUrl("https://apollo-fireball.myshopify.com/?_ab=0&_fd=0&_sc=1&key=96c2edace7b9967f3a77c2e2b131937136039831e9ec35f31598610005fa8795&preview_theme_id=46803124304"): Navigate to 'https://apollo-fireball.myshopify.com/?_ab=0&_fd=0&_sc=1&key=96c2edace7b9967f3a77c2e2b131937136039831e9ec35f31598610005fa8795&preview_theme_id=46803124304' successfully

2019-07-09 17:52:33 - [MESSAGE][PASSED] - Navigate to 'https://apollo-fireball.myshopify.com/?_ab=0&_fd=0&_sc=1&key=96c2edace7b9967f3a77c2e2b131937136039831e9ec35f31598610005fa8795&preview_theme_id=46803124304' successfully

2019-07-09 17:52:33 - [TEST_STEP][PASSED] - executeJavaScript("var previewBar = document.getElementById("preview-bar-iframe"); previewBar.style.display = "none";", []): Execute JavaScript 'var previewBar = document.getElementById("preview-bar-iframe"); previewBar.style.display = "none";' successfully

2019-07-09 17:52:34 - [MESSAGE][PASSED] - Execute JavaScript 'var previewBar = document.getElementById("preview-bar-iframe"); previewBar.style.display = "none";' successfully

2019-07-09 17:52:34 - [TEST_STEP][PASSED] - maximizeWindow(): Current window maximized

2019-07-09 17:52:36 - [MESSAGE][PASSED] - Current window maximized

2019-07-09 17:52:36 - [MESSAGE][PASSED] - Call Test Case 'Test Cases/CALL - URL' successfully

2019-07-09 17:52:36 - [TEST_STEP][PASSED] - delay(2): Delayed 2 second(s)

2019-07-09 17:52:38 - [MESSAGE][PASSED] - Delayed 2 second(s)

2019-07-09 17:52:38 - [TEST_STEP][PASSED] - click(findTestObject("APOLLO- Desktop/Burger Menu/Burgermenu")): Object: 'Object Repository/APOLLO- Desktop/Burger Menu/Burgermenu' is clicked on

2019-07-09 17:52:38 - [MESSAGE][PASSED] - Object: 'Object Repository/APOLLO- Desktop/Burger Menu/Burgermenu' is clicked on

2019-07-09 17:52:38 - [TEST_STEP][PASSED] - delay(2): Delayed 2 second(s)

2019-07-09 17:52:40 - [MESSAGE][PASSED] - Delayed 2 second(s)

2019-07-09 17:52:40 - [TEST_STEP][PASSED] - click(findTestObject("APOLLO- Desktop/Burger Menu/Shop food")): Object: 'Object Repository/APOLLO- Desktop/Burger Menu/Shop food' is clicked on

2019-07-09 17:52:42 - [MESSAGE][PASSED] - Object: 'Object Repository/APOLLO- Desktop/Burger Menu/Shop food' is clicked on

2019-07-09 17:52:42 - [TEST_STEP][PASSED] - delay(2): Delayed 2 second(s)

2019-07-09 17:52:44 - [MESSAGE][PASSED] - Delayed 2 second(s)

2019-07-09 17:52:44 - [TEST_STEP][PASSED] - click(findTestObject("APOLLO- Desktop/Burger Menu/Beef")): Object: 'Object Repository/APOLLO- Desktop/Burger Menu/Beef' is clicked on

2019-07-09 17:52:48 - [MESSAGE][PASSED] - Object: 'Object Repository/APOLLO- Desktop/Burger Menu/Beef' is clicked on

2019-07-09 17:52:48 - [TEST_STEP][PASSED] - delay(2): Delayed 2 second(s)

2019-07-09 17:52:50 - [MESSAGE][PASSED] - Delayed 2 second(s)

2019-07-09 17:52:50 - [TEST_STEP][PASSED] - executeJavaScript("var previewBar = document.getElementById("preview-bar-iframe"); previewBar.style.display = "none";", []): Execute JavaScript 'var previewBar = document.getElementById("preview-bar-iframe"); previewBar.style.display = "none";' successfully

2019-07-09 17:52:52 - [MESSAGE][PASSED] - Execute JavaScript 'var previewBar = document.getElementById("preview-bar-iframe"); previewBar.style.display = "none";' successfully

2019-07-09 17:52:52 - [TEST_STEP][PASSED] - delay(2): Delayed 2 second(s)

2019-07-09 17:52:54 - [MESSAGE][PASSED] - Delayed 2 second(s)

2019-07-09 17:52:54 - [TEST_STEP][NOT_RUN] - click(findTestObject("APOLLO- Desktop/Collection page/Beef skewers")): NOT_RUN: click(findTestObject("APOLLO- Desktop/Collection page/Beef skewers"))

2019-07-09 17:52:54 - [MESSAGE][NOT_RUN] - NOT_RUN: click(findTestObject("APOLLO- Desktop/Collection page/Beef skewers"))

2019-07-09 17:52:54 - [TEST_STEP][NOT_RUN] - executeJavaScript("var previewBar = document.getElementById("preview-bar-iframe"); previewBar.style.display = "none";", []): NOT_RUN: executeJavaScript("var previewBar = document.getElementById("preview-bar-iframe"); previewBar.style.display = "none";", [])

2019-07-09 17:52:54 - [MESSAGE][NOT_RUN] - NOT_RUN: executeJavaScript("var previewBar = document.getElementById("preview-bar-iframe"); previewBar.style.display = "none";", [])

2019-07-09 17:52:54 - [TEST_STEP][NOT_RUN] - delay(2): NOT_RUN: delay(2)

2019-07-09 17:52:54 - [MESSAGE][NOT_RUN] - NOT_RUN: delay(2)

2019-07-09 17:52:54 - [TEST_STEP][NOT_RUN] - delay(2): NOT_RUN: delay(2)

2019-07-09 17:52:54 - [MESSAGE][NOT_RUN] - NOT_RUN: delay(2)

2019-07-09 17:52:54 - [TEST_STEP][NOT_RUN] - click(findTestObject("APOLLO- Desktop/Burger Menu/Shop food")): NOT_RUN: click(findTestObject("APOLLO- Desktop/Burger Menu/Shop food"))

2019-07-09 17:52:54 - [MESSAGE][NOT_RUN] - NOT_RUN: click(findTestObject("APOLLO- Desktop/Burger Menu/Shop food"))

2019-07-09 17:52:54 - [TEST_STEP][NOT_RUN] - delay(2): NOT_RUN: delay(2)

2019-07-09 17:52:54 - [MESSAGE][NOT_RUN] - NOT_RUN: delay(2)

2019-07-09 17:52:54 - [TEST_STEP][NOT_RUN] - click(findTestObject("APOLLO- Desktop/Burger Menu/Beef")): NOT_RUN: click(findTestObject("APOLLO- Desktop/Burger Menu/Beef"))

2019-07-09 17:52:54 - [MESSAGE][NOT_RUN] - NOT_RUN: click(findTestObject("APOLLO- Desktop/Burger Menu/Beef"))

2019-07-09 17:52:54 - [TEST_STEP][NOT_RUN] - delay(2): NOT_RUN: delay(2)

2019-07-09 17:52:54 - [MESSAGE][NOT_RUN] - NOT_RUN: delay(2)

2019-07-09 17:52:54 - [TEST_STEP][NOT_RUN] - click(findTestObject("APOLLO- Desktop/Burger Menu/Shirts link")): NOT_RUN: click(findTestObject("APOLLO- Desktop/Burger Menu/Shirts link"))

2019-07-09 17:52:54 - [MESSAGE][NOT_RUN] - NOT_RUN: click(findTestObject("APOLLO- Desktop/Burger Menu/Shirts link"))

2019-07-09 17:52:54 - [TEST_STEP][NOT_RUN] - executeJavaScript("var previewBar = document.getElementById("preview-bar-iframe"); previewBar.style.display = "none";", []): NOT_RUN: executeJavaScript("var previewBar = document.getElementById("preview-bar-iframe"); previewBar.style.display = "none";", [])

2019-07-09 17:52:54 - [MESSAGE][NOT_RUN] - NOT_RUN: executeJavaScript("var previewBar = document.getElementById("preview-bar-iframe"); previewBar.style.display = "none";", [])

2019-07-09 17:52:54 - [TEST_STEP][NOT_RUN] - delay(2): NOT_RUN: delay(2)

2019-07-09 17:52:54 - [MESSAGE][NOT_RUN] - NOT_RUN: delay(2)

2019-07-09 17:52:54 - [TEST_STEP][NOT_RUN] - executeJavaScript("var previewBar = document.getElementById("preview-bar-iframe"); previewBar.style.display = "none";", []): NOT_RUN: executeJavaScript("var previewBar = document.getElementById("preview-bar-iframe"); previewBar.style.display = "none";", [])

2019-07-09 17:52:54 - [MESSAGE][NOT_RUN] - NOT_RUN: executeJavaScript("var previewBar = document.getElementById("preview-bar-iframe"); previewBar.style.display = "none";", [])

2019-07-09 17:52:54 - [TEST_STEP][NOT_RUN] - delay(2): NOT_RUN: delay(2)

2019-07-09 17:52:54 - [MESSAGE][NOT_RUN] - NOT_RUN: delay(2)

2019-07-09 17:52:54 - [TEST_STEP][PASSED] - click(findTestObject("APOLLO- Desktop/Collection page/sort/Filter dropdown")): Object: 'Object Repository/APOLLO- Desktop/Collection page/sort/Filter dropdown' is clicked on

2019-07-09 17:52:54 - [MESSAGE][PASSED] - Object: 'Object Repository/APOLLO- Desktop/Collection page/sort/Filter dropdown' is clicked on

2019-07-09 17:52:54 - [TEST_STEP][PASSED] - delay(2): Delayed 2 second(s)

2019-07-09 17:52:56 - [MESSAGE][PASSED] - Delayed 2 second(s)

2019-07-09 17:52:56 - [TEST_STEP][PASSED] - click(findTestObject("APOLLO- Desktop/Collection page/sort/Featured")): Object: 'Object Repository/APOLLO- Desktop/Collection page/sort/Featured' is clicked on

2019-07-09 17:52:56 - [MESSAGE][PASSED] - Object: 'Object Repository/APOLLO- Desktop/Collection page/sort/Featured' is clicked on

2019-07-09 17:52:56 - [TEST_STEP][PASSED] - delay(2): Delayed 2 second(s)

2019-07-09 17:52:58 - [MESSAGE][PASSED] - Delayed 2 second(s)

2019-07-09 17:52:58 - [TEST_STEP][PASSED] - click(findTestObject("APOLLO- Desktop/Collection page/sort/Filter dropdown")): Object: 'Object Repository/APOLLO- Desktop/Collection page/sort/Filter dropdown' is clicked on

2019-07-09 17:52:59 - [MESSAGE][PASSED] - Object: 'Object Repository/APOLLO- Desktop/Collection page/sort/Filter dropdown' is clicked on

2019-07-09 17:52:59 - [TEST_STEP][PASSED] - delay(2): Delayed 2 second(s)

2019-07-09 17:53:01 - [MESSAGE][PASSED] - Delayed 2 second(s)

2019-07-09 17:53:01 - [TEST_STEP][PASSED] - takeScreenshot(): Taking screenshot successfully

2019-07-09 17:53:03 - [MESSAGE][PASSED] - Taking screenshot successfully
[[ATTACHMENT|/Users/sumankompelly/Katalon Studio/APOLLO - FIRE/APOLLO - FIRE- DESKTOP/Reports/0.5.5/20190709_175214/1562709181194.png]]

2019-07-09 17:53:03 - [TEST_STEP][PASSED] - delay(2): Delayed 2 second(s)

2019-07-09 17:53:05 - [MESSAGE][PASSED] - Delayed 2 second(s)

2019-07-09 17:53:05 - [TEST_STEP][PASSED] - click(findTestObject("APOLLO- Desktop/Collection page/sort/Filter dropdown")): Object: 'Object Repository/APOLLO- Desktop/Collection page/sort/Filter dropdown' is clicked on

2019-07-09 17:53:05 - [MESSAGE][PASSED] - Object: 'Object Repository/APOLLO- Desktop/Collection page/sort/Filter dropdown' is clicked on

2019-07-09 17:53:05 - [TEST_STEP][PASSED] - delay(2): Delayed 2 second(s)

2019-07-09 17:53:07 - [MESSAGE][PASSED] - Delayed 2 second(s)

2019-07-09 17:53:07 - [TEST_STEP][PASSED] - click(findTestObject("APOLLO- Desktop/Collection page/sort/Best selling")): Object: 'Object Repository/APOLLO- Desktop/Collection page/sort/Best selling' is clicked on

2019-07-09 17:53:08 - [MESSAGE][PASSED] - Object: 'Object Repository/APOLLO- Desktop/Collection page/sort/Best selling' is clicked on

2019-07-09 17:53:08 - [TEST_STEP][PASSED] - delay(2): Delayed 2 second(s)

2019-07-09 17:53:10 - [MESSAGE][PASSED] - Delayed 2 second(s)

2019-07-09 17:53:10 - [TEST_STEP][PASSED] - click(findTestObject("APOLLO- Desktop/Collection page/sort/Filter dropdown")): Object: 'Object Repository/APOLLO- Desktop/Collection page/sort/Filter dropdown' is clicked on

2019-07-09 17:53:10 - [MESSAGE][PASSED] - Object: 'Object Repository/APOLLO- Desktop/Collection page/sort/Filter dropdown' is clicked on

2019-07-09 17:53:10 - [TEST_STEP][PASSED] - delay(2): Delayed 2 second(s)

2019-07-09 17:53:12 - [MESSAGE][PASSED] - Delayed 2 second(s)

2019-07-09 17:53:12 - [TEST_STEP][PASSED] - takeScreenshot(): Taking screenshot successfully

2019-07-09 17:53:14 - [MESSAGE][PASSED] - Taking screenshot successfully
[[ATTACHMENT|/Users/sumankompelly/Katalon Studio/APOLLO - FIRE/APOLLO - FIRE- DESKTOP/Reports/0.5.5/20190709_175214/1562709192609.png]]

2019-07-09 17:53:14 - [TEST_STEP][PASSED] - delay(2): Delayed 2 second(s)

2019-07-09 17:53:16 - [MESSAGE][PASSED] - Delayed 2 second(s)

2019-07-09 17:53:16 - [TEST_STEP][PASSED] - click(findTestObject("APOLLO- Desktop/Collection page/sort/Filter dropdown")): Object: 'Object Repository/APOLLO- Desktop/Collection page/sort/Filter dropdown' is clicked on

2019-07-09 17:53:17 - [MESSAGE][PASSED] - Object: 'Object Repository/APOLLO- Desktop/Collection page/sort/Filter dropdown' is clicked on

2019-07-09 17:53:17 - [TEST_STEP][PASSED] - delay(2): Delayed 2 second(s)

2019-07-09 17:53:19 - [MESSAGE][PASSED] - Delayed 2 second(s)

2019-07-09 17:53:19 - [TEST_STEP][PASSED] - click(findTestObject("APOLLO- Desktop/Collection page/sort/Alphabetically A-Z")): Object: 'Object Repository/APOLLO- Desktop/Collection page/sort/Alphabetically A-Z' is clicked on

2019-07-09 17:53:19 - [MESSAGE][PASSED] - Object: 'Object Repository/APOLLO- Desktop/Collection page/sort/Alphabetically A-Z' is clicked on

2019-07-09 17:53:19 - [TEST_STEP][PASSED] - delay(2): Delayed 2 second(s)

2019-07-09 17:53:21 - [MESSAGE][PASSED] - Delayed 2 second(s)

2019-07-09 17:53:21 - [TEST_STEP][PASSED] - click(findTestObject("APOLLO- Desktop/Collection page/sort/Filter dropdown")): Object: 'Object Repository/APOLLO- Desktop/Collection page/sort/Filter dropdown' is clicked on

2019-07-09 17:53:22 - [MESSAGE][PASSED] - Object: 'Object Repository/APOLLO- Desktop/Collection page/sort/Filter dropdown' is clicked on

2019-07-09 17:53:22 - [TEST_STEP][PASSED] - delay(2): Delayed 2 second(s)

2019-07-09 17:53:24 - [MESSAGE][PASSED] - Delayed 2 second(s)

2019-07-09 17:53:24 - [TEST_STEP][PASSED] - takeScreenshot(): Taking screenshot successfully

2019-07-09 17:53:26 - [MESSAGE][PASSED] - Taking screenshot successfully
[[ATTACHMENT|/Users/sumankompelly/Katalon Studio/APOLLO - FIRE/APOLLO - FIRE- DESKTOP/Reports/0.5.5/20190709_175214/1562709204233.png]]

2019-07-09 17:53:26 - [TEST_STEP][PASSED] - delay(2): Delayed 2 second(s)

2019-07-09 17:53:28 - [MESSAGE][PASSED] - Delayed 2 second(s)

2019-07-09 17:53:28 - [TEST_STEP][PASSED] - click(findTestObject("APOLLO- Desktop/Collection page/sort/Filter dropdown")): Object: 'Object Repository/APOLLO- Desktop/Collection page/sort/Filter dropdown' is clicked on

2019-07-09 17:53:28 - [MESSAGE][PASSED] - Object: 'Object Repository/APOLLO- Desktop/Collection page/sort/Filter dropdown' is clicked on

2019-07-09 17:53:28 - [TEST_STEP][PASSED] - delay(2): Delayed 2 second(s)

2019-07-09 17:53:30 - [MESSAGE][PASSED] - Delayed 2 second(s)

2019-07-09 17:53:30 - [TEST_STEP][PASSED] - click(findTestObject("APOLLO- Desktop/Collection page/sort/Alphabetically Z-A")): Object: 'Object Repository/APOLLO- Desktop/Collection page/sort/Alphabetically Z-A' is clicked on

2019-07-09 17:53:31 - [MESSAGE][PASSED] - Object: 'Object Repository/APOLLO- Desktop/Collection page/sort/Alphabetically Z-A' is clicked on

2019-07-09 17:53:31 - [TEST_STEP][PASSED] - delay(2): Delayed 2 second(s)

2019-07-09 17:53:33 - [MESSAGE][PASSED] - Delayed 2 second(s)

2019-07-09 17:53:33 - [TEST_STEP][PASSED] - click(findTestObject("APOLLO- Desktop/Collection page/sort/Filter dropdown")): Object: 'Object Repository/APOLLO- Desktop/Collection page/sort/Filter dropdown' is clicked on

2019-07-09 17:53:33 - [MESSAGE][PASSED] - Object: 'Object Repository/APOLLO- Desktop/Collection page/sort/Filter dropdown' is clicked on

2019-07-09 17:53:33 - [TEST_STEP][PASSED] - delay(2): Delayed 2 second(s)

2019-07-09 17:53:35 - [MESSAGE][PASSED] - Delayed 2 second(s)

2019-07-09 17:53:35 - [TEST_STEP][PASSED] - takeScreenshot(): Taking screenshot successfully

2019-07-09 17:53:37 - [MESSAGE][PASSED] - Taking screenshot successfully
[[ATTACHMENT|/Users/sumankompelly/Katalon Studio/APOLLO - FIRE/APOLLO - FIRE- DESKTOP/Reports/0.5.5/20190709_175214/1562709215446.png]]

2019-07-09 17:53:37 - [TEST_STEP][PASSED] - delay(2): Delayed 2 second(s)

2019-07-09 17:53:39 - [MESSAGE][PASSED] - Delayed 2 second(s)

2019-07-09 17:53:39 - [TEST_STEP][PASSED] - click(findTestObject("APOLLO- Desktop/Collection page/sort/Filter dropdown")): Object: 'Object Repository/APOLLO- Desktop/Collection page/sort/Filter dropdown' is clicked on

2019-07-09 17:53:39 - [MESSAGE][PASSED] - Object: 'Object Repository/APOLLO- Desktop/Collection page/sort/Filter dropdown' is clicked on

2019-07-09 17:53:39 - [TEST_STEP][PASSED] - delay(2): Delayed 2 second(s)

2019-07-09 17:53:41 - [MESSAGE][PASSED] - Delayed 2 second(s)

2019-07-09 17:53:41 - [TEST_STEP][PASSED] - click(findTestObject("APOLLO- Desktop/Collection page/sort/Price-Low to high")): Object: 'Object Repository/APOLLO- Desktop/Collection page/sort/Price-Low to high' is clicked on

2019-07-09 17:53:42 - [MESSAGE][PASSED] - Object: 'Object Repository/APOLLO- Desktop/Collection page/sort/Price-Low to high' is clicked on

2019-07-09 17:53:42 - [TEST_STEP][PASSED] - delay(2): Delayed 2 second(s)

2019-07-09 17:53:44 - [MESSAGE][PASSED] - Delayed 2 second(s)

2019-07-09 17:53:44 - [TEST_STEP][PASSED] - click(findTestObject("APOLLO- Desktop/Collection page/sort/Filter dropdown")): Object: 'Object Repository/APOLLO- Desktop/Collection page/sort/Filter dropdown' is clicked on

2019-07-09 17:53:44 - [MESSAGE][PASSED] - Object: 'Object Repository/APOLLO- Desktop/Collection page/sort/Filter dropdown' is clicked on

2019-07-09 17:53:44 - [TEST_STEP][PASSED] - delay(2): Delayed 2 second(s)

2019-07-09 17:53:46 - [MESSAGE][PASSED] - Delayed 2 second(s)

2019-07-09 17:53:46 - [TEST_STEP][PASSED] - takeScreenshot(): Taking screenshot successfully

2019-07-09 17:53:48 - [MESSAGE][PASSED] - Taking screenshot successfully
[[ATTACHMENT|/Users/sumankompelly/Katalon Studio/APOLLO - FIRE/APOLLO - FIRE- DESKTOP/Reports/0.5.5/20190709_175214/1562709226701.png]]

2019-07-09 17:53:48 - [TEST_STEP][PASSED] - delay(2): Delayed 2 second(s)

2019-07-09 17:53:50 - [MESSAGE][PASSED] - Delayed 2 second(s)

2019-07-09 17:53:50 - [TEST_STEP][PASSED] - click(findTestObject("APOLLO- Desktop/Collection page/sort/Filter dropdown")): Object: 'Object Repository/APOLLO- Desktop/Collection page/sort/Filter dropdown' is clicked on

2019-07-09 17:53:51 - [MESSAGE][PASSED] - Object: 'Object Repository/APOLLO- Desktop/Collection page/sort/Filter dropdown' is clicked on

2019-07-09 17:53:51 - [TEST_STEP][PASSED] - delay(2): Delayed 2 second(s)

2019-07-09 17:53:53 - [MESSAGE][PASSED] - Delayed 2 second(s)

2019-07-09 17:53:53 - [TEST_STEP][PASSED] - click(findTestObject("APOLLO- Desktop/Collection page/sort/price-High to low")): Object: 'Object Repository/APOLLO- Desktop/Collection page/sort/price-High to low' is clicked on

2019-07-09 17:53:53 - [MESSAGE][PASSED] - Object: 'Object Repository/APOLLO- Desktop/Collection page/sort/price-High to low' is clicked on

2019-07-09 17:53:53 - [TEST_STEP][PASSED] - delay(2): Delayed 2 second(s)

2019-07-09 17:53:55 - [MESSAGE][PASSED] - Delayed 2 second(s)

2019-07-09 17:53:55 - [TEST_STEP][PASSED] - click(findTestObject("APOLLO- Desktop/Collection page/sort/Filter dropdown")): Object: 'Object Repository/APOLLO- Desktop/Collection page/sort/Filter dropdown' is clicked on

2019-07-09 17:53:55 - [MESSAGE][PASSED] - Object: 'Object Repository/APOLLO- Desktop/Collection page/sort/Filter dropdown' is clicked on

2019-07-09 17:53:55 - [TEST_STEP][PASSED] - delay(2): Delayed 2 second(s)

2019-07-09 17:53:57 - [MESSAGE][PASSED] - Delayed 2 second(s)

2019-07-09 17:53:57 - [TEST_STEP][PASSED] - takeScreenshot(): Taking screenshot successfully

2019-07-09 17:54:00 - [MESSAGE][PASSED] - Taking screenshot successfully
[[ATTACHMENT|/Users/sumankompelly/Katalon Studio/APOLLO - FIRE/APOLLO - FIRE- DESKTOP/Reports/0.5.5/20190709_175214/1562709237759.png]]

2019-07-09 17:54:00 - [TEST_STEP][PASSED] - delay(2): Delayed 2 second(s)

2019-07-09 17:54:02 - [MESSAGE][PASSED] - Delayed 2 second(s)

2019-07-09 17:54:02 - [TEST_STEP][PASSED] - click(findTestObject("APOLLO- Desktop/Collection page/sort/Filter dropdown")): Object: 'Object Repository/APOLLO- Desktop/Collection page/sort/Filter dropdown' is clicked on

2019-07-09 17:54:02 - [MESSAGE][PASSED] - Object: 'Object Repository/APOLLO- Desktop/Collection page/sort/Filter dropdown' is clicked on

2019-07-09 17:54:02 - [TEST_STEP][PASSED] - delay(2): Delayed 2 second(s)

2019-07-09 17:54:04 - [MESSAGE][PASSED] - Delayed 2 second(s)

2019-07-09 17:54:04 - [TEST_STEP][PASSED] - click(findTestObject("APOLLO- Desktop/Collection page/sort/Date - old to new")): Object: 'Object Repository/APOLLO- Desktop/Collection page/sort/Date - old to new' is clicked on

2019-07-09 17:54:04 - [MESSAGE][PASSED] - Object: 'Object Repository/APOLLO- Desktop/Collection page/sort/Date - old to new' is clicked on

2019-07-09 17:54:04 - [TEST_STEP][PASSED] - delay(3): Delayed 3 second(s)

2019-07-09 17:54:07 - [MESSAGE][PASSED] - Delayed 3 second(s)

2019-07-09 17:54:07 - [TEST_STEP][PASSED] - click(findTestObject("APOLLO- Desktop/Collection page/sort/Filter dropdown")): Object: 'Object Repository/APOLLO- Desktop/Collection page/sort/Filter dropdown' is clicked on

2019-07-09 17:54:08 - [MESSAGE][PASSED] - Object: 'Object Repository/APOLLO- Desktop/Collection page/sort/Filter dropdown' is clicked on

2019-07-09 17:54:08 - [TEST_STEP][PASSED] - delay(2): Delayed 2 second(s)

2019-07-09 17:54:10 - [MESSAGE][PASSED] - Delayed 2 second(s)

2019-07-09 17:54:10 - [TEST_STEP][PASSED] - takeScreenshot(): Taking screenshot successfully

2019-07-09 17:54:12 - [MESSAGE][PASSED] - Taking screenshot successfully
[[ATTACHMENT|/Users/sumankompelly/Katalon Studio/APOLLO - FIRE/APOLLO - FIRE- DESKTOP/Reports/0.5.5/20190709_175214/1562709250057.png]]

2019-07-09 17:54:12 - [TEST_STEP][PASSED] - delay(2): Delayed 2 second(s)

2019-07-09 17:54:14 - [MESSAGE][PASSED] - Delayed 2 second(s)

2019-07-09 17:54:14 - [TEST_STEP][PASSED] - click(findTestObject("APOLLO- Desktop/Collection page/sort/Filter dropdown")): Object: 'Object Repository/APOLLO- Desktop/Collection page/sort/Filter dropdown' is clicked on

2019-07-09 17:54:14 - [MESSAGE][PASSED] - Object: 'Object Repository/APOLLO- Desktop/Collection page/sort/Filter dropdown' is clicked on

2019-07-09 17:54:14 - [TEST_STEP][PASSED] - delay(2): Delayed 2 second(s)

2019-07-09 17:54:16 - [MESSAGE][PASSED] - Delayed 2 second(s)

2019-07-09 17:54:16 - [TEST_STEP][PASSED] - click(findTestObject("APOLLO- Desktop/Collection page/sort/Date- new to old")): Object: 'Object Repository/APOLLO- Desktop/Collection page/sort/Date- new to old' is clicked on

2019-07-09 17:54:17 - [MESSAGE][PASSED] - Object: 'Object Repository/APOLLO- Desktop/Collection page/sort/Date- new to old' is clicked on

2019-07-09 17:54:17 - [TEST_STEP][PASSED] - delay(2): Delayed 2 second(s)

2019-07-09 17:54:19 - [MESSAGE][PASSED] - Delayed 2 second(s)

2019-07-09 17:54:19 - [TEST_STEP][PASSED] - click(findTestObject("APOLLO- Desktop/Collection page/sort/Filter dropdown")): Object: 'Object Repository/APOLLO- Desktop/Collection page/sort/Filter dropdown' is clicked on

2019-07-09 17:54:19 - [MESSAGE][PASSED] - Object: 'Object Repository/APOLLO- Desktop/Collection page/sort/Filter dropdown' is clicked on

2019-07-09 17:54:19 - [TEST_STEP][PASSED] - takeScreenshot(): Taking screenshot successfully

2019-07-09 17:54:22 - [MESSAGE][PASSED] - Taking screenshot successfully
[[ATTACHMENT|/Users/sumankompelly/Katalon Studio/APOLLO - FIRE/APOLLO - FIRE- DESKTOP/Reports/0.5.5/20190709_175214/1562709259305.png]]

2019-07-09 17:54:22 - [TEST_STEP][PASSED] - delay(2): Delayed 2 second(s)

2019-07-09 17:54:24 - [MESSAGE][PASSED] - Delayed 2 second(s)]]></system-out>
         <system-err><![CDATA[]]></system-err>
      </testcase>
      <testcase name="Test Cases/COLLECTION PAGE/Prouducts layout style" classname="Test Cases/COLLECTION PAGE/Prouducts layout style" status="PASSED">
         <system-out><![CDATA[2019-07-09 17:54:24 - [TEST_CASE][PASSED] - Test Cases/COLLECTION PAGE/Prouducts layout style: Test Cases/COLLECTION PAGE/Prouducts layout style

2019-07-09 17:54:24 - [TEST_STEP][PASSED] - callTestCase(findTestCase("CALL - URL"), [:], STOP_ON_FAILURE): Call Test Case 'Test Cases/CALL - URL' successfully

2019-07-09 17:54:24 - [TEST_CASE][PASSED] - Test Cases/CALL - URL: Test Cases/CALL - URL

2019-07-09 17:54:24 - [TEST_STEP][PASSED] - openBrowser(""): Browser is opened with url: ''

2019-07-09 17:54:24 - [MESSAGE][WARNING] - A browser is already opened. Closing browser and opening a new one

2019-07-09 17:54:27 - [MESSAGE][INFO] - Starting 'Remote' driver

2019-07-09 17:54:27 - [MESSAGE][INFO] - User set preference: ['os', 'Windows']

2019-07-09 17:54:27 - [MESSAGE][INFO] - User set preference: ['os_version', '10']

2019-07-09 17:54:27 - [MESSAGE][INFO] - User set preference: ['browser', 'Chrome']

2019-07-09 17:54:27 - [MESSAGE][INFO] - User set preference: ['browser_version', '75.0']

2019-07-09 17:54:27 - [MESSAGE][INFO] - User set preference: ['resolution', '1280x1024']

2019-07-09 17:54:27 - [MESSAGE][INFO] - User set preference: ['browserstack.local', 'false']

2019-07-09 17:54:27 - [MESSAGE][INFO] - Connecting to remote web server 'https://dianatest3:Z3oqw9ysqTeRQJq5wFCp@hub-cloud.browserstack.com/wd/hub' with type 'Selenium'

2019-07-09 17:54:35 - [MESSAGE][PASSED] - Browser is opened with url: ''

2019-07-09 17:54:35 - [TEST_STEP][PASSED] - navigateToUrl("https://apollo-fireball.myshopify.com/?_ab=0&_fd=0&_sc=1&key=96c2edace7b9967f3a77c2e2b131937136039831e9ec35f31598610005fa8795&preview_theme_id=46803124304"): Navigate to 'https://apollo-fireball.myshopify.com/?_ab=0&_fd=0&_sc=1&key=96c2edace7b9967f3a77c2e2b131937136039831e9ec35f31598610005fa8795&preview_theme_id=46803124304' successfully

2019-07-09 17:54:40 - [MESSAGE][PASSED] - Navigate to 'https://apollo-fireball.myshopify.com/?_ab=0&_fd=0&_sc=1&key=96c2edace7b9967f3a77c2e2b131937136039831e9ec35f31598610005fa8795&preview_theme_id=46803124304' successfully

2019-07-09 17:54:40 - [TEST_STEP][PASSED] - executeJavaScript("var previewBar = document.getElementById("preview-bar-iframe"); previewBar.style.display = "none";", []): Execute JavaScript 'var previewBar = document.getElementById("preview-bar-iframe"); previewBar.style.display = "none";' successfully

2019-07-09 17:54:41 - [MESSAGE][PASSED] - Execute JavaScript 'var previewBar = document.getElementById("preview-bar-iframe"); previewBar.style.display = "none";' successfully

2019-07-09 17:54:41 - [TEST_STEP][PASSED] - maximizeWindow(): Current window maximized

2019-07-09 17:54:42 - [MESSAGE][PASSED] - Current window maximized

2019-07-09 17:54:42 - [MESSAGE][PASSED] - Call Test Case 'Test Cases/CALL - URL' successfully

2019-07-09 17:54:42 - [TEST_STEP][PASSED] - delay(2): Delayed 2 second(s)

2019-07-09 17:54:44 - [MESSAGE][PASSED] - Delayed 2 second(s)

2019-07-09 17:54:44 - [TEST_STEP][PASSED] - click(findTestObject("APOLLO- Desktop/Burger Menu/Burgermenu")): Object: 'Object Repository/APOLLO- Desktop/Burger Menu/Burgermenu' is clicked on

2019-07-09 17:54:45 - [MESSAGE][PASSED] - Object: 'Object Repository/APOLLO- Desktop/Burger Menu/Burgermenu' is clicked on

2019-07-09 17:54:45 - [TEST_STEP][PASSED] - delay(2): Delayed 2 second(s)

2019-07-09 17:54:47 - [MESSAGE][PASSED] - Delayed 2 second(s)

2019-07-09 17:54:47 - [TEST_STEP][PASSED] - click(findTestObject("APOLLO- Desktop/Burger Menu/Shop food")): Object: 'Object Repository/APOLLO- Desktop/Burger Menu/Shop food' is clicked on

2019-07-09 17:54:47 - [MESSAGE][PASSED] - Object: 'Object Repository/APOLLO- Desktop/Burger Menu/Shop food' is clicked on

2019-07-09 17:54:47 - [TEST_STEP][PASSED] - delay(2): Delayed 2 second(s)

2019-07-09 17:54:49 - [MESSAGE][PASSED] - Delayed 2 second(s)

2019-07-09 17:54:49 - [TEST_STEP][PASSED] - click(findTestObject("APOLLO- Desktop/Burger Menu/Beef")): Object: 'Object Repository/APOLLO- Desktop/Burger Menu/Beef' is clicked on

2019-07-09 17:54:51 - [MESSAGE][PASSED] - Object: 'Object Repository/APOLLO- Desktop/Burger Menu/Beef' is clicked on

2019-07-09 17:54:51 - [TEST_STEP][PASSED] - delay(2): Delayed 2 second(s)

2019-07-09 17:54:53 - [MESSAGE][PASSED] - Delayed 2 second(s)

2019-07-09 17:54:53 - [TEST_STEP][PASSED] - executeJavaScript("var previewBar = document.getElementById("preview-bar-iframe"); previewBar.style.display = "none";", []): Execute JavaScript 'var previewBar = document.getElementById("preview-bar-iframe"); previewBar.style.display = "none";' successfully

2019-07-09 17:54:54 - [MESSAGE][PASSED] - Execute JavaScript 'var previewBar = document.getElementById("preview-bar-iframe"); previewBar.style.display = "none";' successfully

2019-07-09 17:54:54 - [TEST_STEP][PASSED] - delay(2): Delayed 2 second(s)

2019-07-09 17:54:56 - [MESSAGE][PASSED] - Delayed 2 second(s)

2019-07-09 17:54:56 - [TEST_STEP][PASSED] - click(findTestObject("APOLLO- Desktop/Collection page/layout less")): Object: 'Object Repository/APOLLO- Desktop/Collection page/layout less' is clicked on

2019-07-09 17:55:01 - [MESSAGE][PASSED] - Object: 'Object Repository/APOLLO- Desktop/Collection page/layout less' is clicked on

2019-07-09 17:55:01 - [TEST_STEP][PASSED] - delay(2): Delayed 2 second(s)

2019-07-09 17:55:04 - [MESSAGE][PASSED] - Delayed 2 second(s)

2019-07-09 17:55:04 - [TEST_STEP][PASSED] - a = getPageHeight(): Current page's height is 3409

2019-07-09 17:55:04 - [MESSAGE][PASSED] - Current page's height is 3409

2019-07-09 17:55:04 - [TEST_STEP][PASSED] - comment("a=" + a): a=3409

2019-07-09 17:55:04 - [MESSAGE][INFO] - a=3409

2019-07-09 17:55:04 - [TEST_STEP][PASSED] - delay(2): Delayed 2 second(s)

2019-07-09 17:55:06 - [MESSAGE][PASSED] - Delayed 2 second(s)

2019-07-09 17:55:06 - [TEST_STEP][PASSED] - click(findTestObject("APOLLO- Desktop/Collection page/layout more")): Object: 'Object Repository/APOLLO- Desktop/Collection page/layout more' is clicked on

2019-07-09 17:55:08 - [MESSAGE][PASSED] - Object: 'Object Repository/APOLLO- Desktop/Collection page/layout more' is clicked on

2019-07-09 17:55:08 - [TEST_STEP][PASSED] - delay(2): Delayed 2 second(s)

2019-07-09 17:55:10 - [MESSAGE][PASSED] - Delayed 2 second(s)

2019-07-09 17:55:10 - [TEST_STEP][PASSED] - b = getPageHeight(): Current page's height is 1985

2019-07-09 17:55:11 - [MESSAGE][PASSED] - Current page's height is 1985

2019-07-09 17:55:11 - [TEST_STEP][PASSED] - comment("b=" + b): b=1985

2019-07-09 17:55:11 - [MESSAGE][INFO] - b=1985

2019-07-09 17:55:11 - [TEST_STEP][PASSED] - verifyLessThan(b, a): Actual number '1,985' is less than expected number '3,409'

2019-07-09 17:55:11 - [MESSAGE][PASSED] - Actual number '1,985' is less than expected number '3,409']]></system-out>
         <system-err><![CDATA[]]></system-err>
      </testcase>
      <testcase name="Test Cases/COLLECTION PAGE/Filter" classname="Test Cases/COLLECTION PAGE/Filter" status="PASSED">
         <system-out><![CDATA[2019-07-09 17:55:11 - [TEST_CASE][PASSED] - Test Cases/COLLECTION PAGE/Filter: Test Cases/COLLECTION PAGE/Filter

2019-07-09 17:55:11 - [TEST_STEP][PASSED] - callTestCase(findTestCase("CALL - URL"), [:], STOP_ON_FAILURE): Call Test Case 'Test Cases/CALL - URL' successfully

2019-07-09 17:55:11 - [TEST_CASE][PASSED] - Test Cases/CALL - URL: Test Cases/CALL - URL

2019-07-09 17:55:11 - [TEST_STEP][PASSED] - openBrowser(""): Browser is opened with url: ''

2019-07-09 17:55:11 - [MESSAGE][WARNING] - A browser is already opened. Closing browser and opening a new one

2019-07-09 17:55:13 - [MESSAGE][INFO] - Starting 'Remote' driver

2019-07-09 17:55:13 - [MESSAGE][INFO] - User set preference: ['os', 'Windows']

2019-07-09 17:55:13 - [MESSAGE][INFO] - User set preference: ['os_version', '10']

2019-07-09 17:55:13 - [MESSAGE][INFO] - User set preference: ['browser', 'Chrome']

2019-07-09 17:55:13 - [MESSAGE][INFO] - User set preference: ['browser_version', '75.0']

2019-07-09 17:55:13 - [MESSAGE][INFO] - User set preference: ['resolution', '1280x1024']

2019-07-09 17:55:13 - [MESSAGE][INFO] - User set preference: ['browserstack.local', 'false']

2019-07-09 17:55:13 - [MESSAGE][INFO] - Connecting to remote web server 'https://dianatest3:Z3oqw9ysqTeRQJq5wFCp@hub-cloud.browserstack.com/wd/hub' with type 'Selenium'

2019-07-09 17:55:27 - [MESSAGE][PASSED] - Browser is opened with url: ''

2019-07-09 17:55:27 - [TEST_STEP][PASSED] - navigateToUrl("https://apollo-fireball.myshopify.com/?_ab=0&_fd=0&_sc=1&key=96c2edace7b9967f3a77c2e2b131937136039831e9ec35f31598610005fa8795&preview_theme_id=46803124304"): Navigate to 'https://apollo-fireball.myshopify.com/?_ab=0&_fd=0&_sc=1&key=96c2edace7b9967f3a77c2e2b131937136039831e9ec35f31598610005fa8795&preview_theme_id=46803124304' successfully

2019-07-09 17:55:34 - [MESSAGE][PASSED] - Navigate to 'https://apollo-fireball.myshopify.com/?_ab=0&_fd=0&_sc=1&key=96c2edace7b9967f3a77c2e2b131937136039831e9ec35f31598610005fa8795&preview_theme_id=46803124304' successfully

2019-07-09 17:55:34 - [TEST_STEP][PASSED] - executeJavaScript("var previewBar = document.getElementById("preview-bar-iframe"); previewBar.style.display = "none";", []): Execute JavaScript 'var previewBar = document.getElementById("preview-bar-iframe"); previewBar.style.display = "none";' successfully

2019-07-09 17:55:34 - [MESSAGE][PASSED] - Execute JavaScript 'var previewBar = document.getElementById("preview-bar-iframe"); previewBar.style.display = "none";' successfully

2019-07-09 17:55:34 - [TEST_STEP][PASSED] - maximizeWindow(): Current window maximized

2019-07-09 17:55:36 - [MESSAGE][PASSED] - Current window maximized

2019-07-09 17:55:36 - [MESSAGE][PASSED] - Call Test Case 'Test Cases/CALL - URL' successfully

2019-07-09 17:55:36 - [TEST_STEP][PASSED] - delay(2): Delayed 2 second(s)

2019-07-09 17:55:38 - [MESSAGE][PASSED] - Delayed 2 second(s)

2019-07-09 17:55:38 - [TEST_STEP][PASSED] - click(findTestObject("APOLLO- Desktop/Burger Menu/Burgermenu")): Object: 'Object Repository/APOLLO- Desktop/Burger Menu/Burgermenu' is clicked on

2019-07-09 17:55:39 - [MESSAGE][PASSED] - Object: 'Object Repository/APOLLO- Desktop/Burger Menu/Burgermenu' is clicked on

2019-07-09 17:55:39 - [TEST_STEP][PASSED] - delay(2): Delayed 2 second(s)

2019-07-09 17:55:41 - [MESSAGE][PASSED] - Delayed 2 second(s)

2019-07-09 17:55:41 - [TEST_STEP][PASSED] - click(findTestObject("APOLLO- Desktop/Burger Menu/Shop food")): Object: 'Object Repository/APOLLO- Desktop/Burger Menu/Shop food' is clicked on

2019-07-09 17:55:42 - [MESSAGE][PASSED] - Object: 'Object Repository/APOLLO- Desktop/Burger Menu/Shop food' is clicked on

2019-07-09 17:55:42 - [TEST_STEP][PASSED] - delay(2): Delayed 2 second(s)

2019-07-09 17:55:44 - [MESSAGE][PASSED] - Delayed 2 second(s)

2019-07-09 17:55:44 - [TEST_STEP][PASSED] - click(findTestObject("APOLLO- Desktop/Burger Menu/Sides")): Object: 'Object Repository/APOLLO- Desktop/Burger Menu/Sides' is clicked on

2019-07-09 17:55:52 - [MESSAGE][PASSED] - Object: 'Object Repository/APOLLO- Desktop/Burger Menu/Sides' is clicked on

2019-07-09 17:55:52 - [TEST_STEP][PASSED] - delay(2): Delayed 2 second(s)

2019-07-09 17:55:54 - [MESSAGE][PASSED] - Delayed 2 second(s)

2019-07-09 17:55:54 - [TEST_STEP][PASSED] - executeJavaScript("var previewBar = document.getElementById("preview-bar-iframe"); previewBar.style.display = "none";", []): Execute JavaScript 'var previewBar = document.getElementById("preview-bar-iframe"); previewBar.style.display = "none";' successfully

2019-07-09 17:55:54 - [MESSAGE][PASSED] - Execute JavaScript 'var previewBar = document.getElementById("preview-bar-iframe"); previewBar.style.display = "none";' successfully

2019-07-09 17:55:54 - [TEST_STEP][PASSED] - delay(2): Delayed 2 second(s)

2019-07-09 17:55:56 - [MESSAGE][PASSED] - Delayed 2 second(s)

2019-07-09 17:55:56 - [TEST_STEP][PASSED] - click(findTestObject("APOLLO- Desktop/Collection page/Filter/Filter dropdown")): Object: 'Object Repository/APOLLO- Desktop/Collection page/Filter/Filter dropdown' is clicked on

2019-07-09 17:55:56 - [MESSAGE][PASSED] - Object: 'Object Repository/APOLLO- Desktop/Collection page/Filter/Filter dropdown' is clicked on

2019-07-09 17:55:56 - [TEST_STEP][PASSED] - delay(2): Delayed 2 second(s)

2019-07-09 17:55:58 - [MESSAGE][PASSED] - Delayed 2 second(s)

2019-07-09 17:55:58 - [TEST_STEP][PASSED] - click(findTestObject("APOLLO- Desktop/Collection page/Filter/Pork")): Object: 'Object Repository/APOLLO- Desktop/Collection page/Filter/Pork' is clicked on

2019-07-09 17:55:59 - [MESSAGE][PASSED] - Object: 'Object Repository/APOLLO- Desktop/Collection page/Filter/Pork' is clicked on

2019-07-09 17:55:59 - [TEST_STEP][PASSED] - delay(2): Delayed 2 second(s)

2019-07-09 17:56:01 - [MESSAGE][PASSED] - Delayed 2 second(s)

2019-07-09 17:56:01 - [TEST_STEP][PASSED] - click(findTestObject("APOLLO- Desktop/Collection page/Filter/Filter dropdown")): Object: 'Object Repository/APOLLO- Desktop/Collection page/Filter/Filter dropdown' is clicked on

2019-07-09 17:56:01 - [MESSAGE][PASSED] - Object: 'Object Repository/APOLLO- Desktop/Collection page/Filter/Filter dropdown' is clicked on

2019-07-09 17:56:01 - [TEST_STEP][PASSED] - delay(2): Delayed 2 second(s)

2019-07-09 17:56:03 - [MESSAGE][PASSED] - Delayed 2 second(s)

2019-07-09 17:56:03 - [TEST_STEP][PASSED] - a = getText(findTestObject("APOLLO- Desktop/Collection page/Filter/Filtered count")): Text of object 'Object Repository/APOLLO- Desktop/Collection page/Filter/Filtered count' is: '1'

2019-07-09 17:56:03 - [MESSAGE][PASSED] - Text of object 'Object Repository/APOLLO- Desktop/Collection page/Filter/Filtered count' is: '1'

2019-07-09 17:56:03 - [TEST_STEP][PASSED] - delay(2): Delayed 2 second(s)

2019-07-09 17:56:05 - [MESSAGE][PASSED] - Delayed 2 second(s)

2019-07-09 17:56:05 - [TEST_STEP][PASSED] - comment("a=" + a): a=1

2019-07-09 17:56:05 - [MESSAGE][INFO] - a=1

2019-07-09 17:56:05 - [TEST_STEP][PASSED] - b = 0: null

2019-07-09 17:56:05 - [TEST_STEP][PASSED] - verifyNotEqual("a", "b"): Actual object 'a' and expected object 'b' are not equal

2019-07-09 17:56:05 - [MESSAGE][PASSED] - Actual object 'a' and expected object 'b' are not equal

2019-07-09 17:56:05 - [TEST_STEP][PASSED] - delay(2): Delayed 2 second(s)

2019-07-09 17:56:07 - [MESSAGE][PASSED] - Delayed 2 second(s)

2019-07-09 17:56:07 - [TEST_STEP][PASSED] - click(findTestObject("APOLLO- Desktop/Collection page/Filter/Filter dropdown")): Object: 'Object Repository/APOLLO- Desktop/Collection page/Filter/Filter dropdown' is clicked on

2019-07-09 17:56:08 - [MESSAGE][PASSED] - Object: 'Object Repository/APOLLO- Desktop/Collection page/Filter/Filter dropdown' is clicked on

2019-07-09 17:56:08 - [TEST_STEP][PASSED] - delay(2): Delayed 2 second(s)

2019-07-09 17:56:10 - [MESSAGE][PASSED] - Delayed 2 second(s)

2019-07-09 17:56:10 - [TEST_STEP][PASSED] - click(findTestObject("APOLLO- Desktop/Collection page/Filter/Sides")): Object: 'Object Repository/APOLLO- Desktop/Collection page/Filter/Sides' is clicked on

2019-07-09 17:56:10 - [MESSAGE][PASSED] - Object: 'Object Repository/APOLLO- Desktop/Collection page/Filter/Sides' is clicked on

2019-07-09 17:56:10 - [TEST_STEP][PASSED] - delay(2): Delayed 2 second(s)

2019-07-09 17:56:12 - [MESSAGE][PASSED] - Delayed 2 second(s)

2019-07-09 17:56:12 - [TEST_STEP][PASSED] - click(findTestObject("APOLLO- Desktop/Collection page/Filter/Filter dropdown")): Object: 'Object Repository/APOLLO- Desktop/Collection page/Filter/Filter dropdown' is clicked on

2019-07-09 17:56:12 - [MESSAGE][PASSED] - Object: 'Object Repository/APOLLO- Desktop/Collection page/Filter/Filter dropdown' is clicked on

2019-07-09 17:56:12 - [TEST_STEP][PASSED] - delay(2): Delayed 2 second(s)

2019-07-09 17:56:14 - [MESSAGE][PASSED] - Delayed 2 second(s)

2019-07-09 17:56:14 - [TEST_STEP][PASSED] - a4 = getText(findTestObject("APOLLO- Desktop/Collection page/Filter/Filtered count")): Text of object 'Object Repository/APOLLO- Desktop/Collection page/Filter/Filtered count' is: '6'

2019-07-09 17:56:15 - [MESSAGE][PASSED] - Text of object 'Object Repository/APOLLO- Desktop/Collection page/Filter/Filtered count' is: '6'

2019-07-09 17:56:15 - [TEST_STEP][PASSED] - comment("a4=" + a4): a4=6

2019-07-09 17:56:15 - [MESSAGE][INFO] - a4=6

2019-07-09 17:56:15 - [TEST_STEP][PASSED] - verifyNotEqual("a4", "b"): Actual object 'a4' and expected object 'b' are not equal

2019-07-09 17:56:15 - [MESSAGE][PASSED] - Actual object 'a4' and expected object 'b' are not equal

2019-07-09 17:56:15 - [TEST_STEP][PASSED] - delay(4): Delayed 4 second(s)

2019-07-09 17:56:19 - [MESSAGE][PASSED] - Delayed 4 second(s)

2019-07-09 17:56:19 - [TEST_STEP][PASSED] - delay(2): Delayed 2 second(s)

2019-07-09 17:56:21 - [MESSAGE][PASSED] - Delayed 2 second(s)

2019-07-09 17:56:21 - [TEST_STEP][PASSED] - click(findTestObject("APOLLO- Desktop/Collection page/Filter/a_Clear all filters")): Object: 'Object Repository/APOLLO- Desktop/Collection page/Filter/a_Clear all filters' is clicked on

2019-07-09 17:56:21 - [MESSAGE][PASSED] - Object: 'Object Repository/APOLLO- Desktop/Collection page/Filter/a_Clear all filters' is clicked on

2019-07-09 17:56:21 - [TEST_STEP][PASSED] - delay(2): Delayed 2 second(s)

2019-07-09 17:56:23 - [MESSAGE][PASSED] - Delayed 2 second(s)

2019-07-09 17:56:23 - [TEST_STEP][PASSED] - a12 = getText(findTestObject("APOLLO- Desktop/Collection page/Filter/Filtered count")): Text of object 'Object Repository/APOLLO- Desktop/Collection page/Filter/Filtered count' is: '6'

2019-07-09 17:56:23 - [MESSAGE][PASSED] - Text of object 'Object Repository/APOLLO- Desktop/Collection page/Filter/Filtered count' is: '6'

2019-07-09 17:56:23 - [TEST_STEP][PASSED] - delay(2): Delayed 2 second(s)

2019-07-09 17:56:25 - [MESSAGE][PASSED] - Delayed 2 second(s)

2019-07-09 17:56:25 - [TEST_STEP][PASSED] - comment("a12=" + a12): a12=6

2019-07-09 17:56:25 - [MESSAGE][INFO] - a12=6

2019-07-09 17:56:25 - [TEST_STEP][PASSED] - verifyNotEqual("a12", "b"): Actual object 'a12' and expected object 'b' are not equal

2019-07-09 17:56:25 - [MESSAGE][PASSED] - Actual object 'a12' and expected object 'b' are not equal]]></system-out>
         <system-err><![CDATA[]]></system-err>
      </testcase>
      <testcase name="Test Cases/HOME PAGE/Welcome to ur store and gettting hungry" classname="Test Cases/HOME PAGE/Welcome to ur store and gettting hungry" status="PASSED">
         <system-out><![CDATA[2019-07-09 17:56:25 - [TEST_CASE][PASSED] - Test Cases/HOME PAGE/Welcome to ur store and gettting hungry: Test Cases/HOME PAGE/Welcome to ur store and gettting hungry

2019-07-09 17:56:25 - [TEST_STEP][PASSED] - callTestCase(findTestCase("CALL - URL"), [:], STOP_ON_FAILURE): Call Test Case 'Test Cases/CALL - URL' successfully

2019-07-09 17:56:25 - [TEST_CASE][PASSED] - Test Cases/CALL - URL: Test Cases/CALL - URL

2019-07-09 17:56:25 - [TEST_STEP][PASSED] - openBrowser(""): Browser is opened with url: ''

2019-07-09 17:56:25 - [MESSAGE][WARNING] - A browser is already opened. Closing browser and opening a new one

2019-07-09 17:56:28 - [MESSAGE][INFO] - Starting 'Remote' driver

2019-07-09 17:56:28 - [MESSAGE][INFO] - User set preference: ['os', 'Windows']

2019-07-09 17:56:28 - [MESSAGE][INFO] - User set preference: ['os_version', '10']

2019-07-09 17:56:28 - [MESSAGE][INFO] - User set preference: ['browser', 'Chrome']

2019-07-09 17:56:28 - [MESSAGE][INFO] - User set preference: ['browser_version', '75.0']

2019-07-09 17:56:28 - [MESSAGE][INFO] - User set preference: ['resolution', '1280x1024']

2019-07-09 17:56:28 - [MESSAGE][INFO] - User set preference: ['browserstack.local', 'false']

2019-07-09 17:56:28 - [MESSAGE][INFO] - Connecting to remote web server 'https://dianatest3:Z3oqw9ysqTeRQJq5wFCp@hub-cloud.browserstack.com/wd/hub' with type 'Selenium'

2019-07-09 17:56:39 - [MESSAGE][PASSED] - Browser is opened with url: ''

2019-07-09 17:56:39 - [TEST_STEP][PASSED] - navigateToUrl("https://apollo-fireball.myshopify.com/?_ab=0&_fd=0&_sc=1&key=96c2edace7b9967f3a77c2e2b131937136039831e9ec35f31598610005fa8795&preview_theme_id=46803124304"): Navigate to 'https://apollo-fireball.myshopify.com/?_ab=0&_fd=0&_sc=1&key=96c2edace7b9967f3a77c2e2b131937136039831e9ec35f31598610005fa8795&preview_theme_id=46803124304' successfully

2019-07-09 17:56:46 - [MESSAGE][PASSED] - Navigate to 'https://apollo-fireball.myshopify.com/?_ab=0&_fd=0&_sc=1&key=96c2edace7b9967f3a77c2e2b131937136039831e9ec35f31598610005fa8795&preview_theme_id=46803124304' successfully

2019-07-09 17:56:46 - [TEST_STEP][PASSED] - executeJavaScript("var previewBar = document.getElementById("preview-bar-iframe"); previewBar.style.display = "none";", []): Execute JavaScript 'var previewBar = document.getElementById("preview-bar-iframe"); previewBar.style.display = "none";' successfully

2019-07-09 17:56:46 - [MESSAGE][PASSED] - Execute JavaScript 'var previewBar = document.getElementById("preview-bar-iframe"); previewBar.style.display = "none";' successfully

2019-07-09 17:56:46 - [TEST_STEP][PASSED] - maximizeWindow(): Current window maximized

2019-07-09 17:56:49 - [MESSAGE][PASSED] - Current window maximized

2019-07-09 17:56:49 - [MESSAGE][PASSED] - Call Test Case 'Test Cases/CALL - URL' successfully

2019-07-09 17:56:49 - [TEST_STEP][PASSED] - delay(2): Delayed 2 second(s)

2019-07-09 17:56:51 - [MESSAGE][PASSED] - Delayed 2 second(s)

2019-07-09 17:56:51 - [TEST_STEP][PASSED] - scrollToElement(findTestObject("APOLLO- Desktop/Home page/Welcome to our store/Welcome to ur stire"), 0): Scroll to object 'Object Repository/APOLLO- Desktop/Home page/Welcome to our store/Welcome to ur stire' successfully

2019-07-09 17:56:51 - [MESSAGE][WARNING] - Timeout '0' is invalid. Using default page load timeout: '30'

2019-07-09 17:56:51 - [MESSAGE][PASSED] - Scroll to object 'Object Repository/APOLLO- Desktop/Home page/Welcome to our store/Welcome to ur stire' successfully

2019-07-09 17:56:51 - [TEST_STEP][PASSED] - delay(2): Delayed 2 second(s)

2019-07-09 17:56:53 - [MESSAGE][PASSED] - Delayed 2 second(s)

2019-07-09 17:56:53 - [TEST_STEP][PASSED] - click(findTestObject("APOLLO- Desktop/Home page/Welcome to our store/About Us")): Object: 'Object Repository/APOLLO- Desktop/Home page/Welcome to our store/About Us' is clicked on

2019-07-09 17:56:54 - [MESSAGE][PASSED] - Object: 'Object Repository/APOLLO- Desktop/Home page/Welcome to our store/About Us' is clicked on

2019-07-09 17:56:54 - [TEST_STEP][PASSED] - back(): Navigate back successfully

2019-07-09 17:56:59 - [MESSAGE][PASSED] - Navigate back successfully

2019-07-09 17:56:59 - [TEST_STEP][PASSED] - executeJavaScript("var previewBar = document.getElementById("preview-bar-iframe"); previewBar.style.display = "none";", []): Execute JavaScript 'var previewBar = document.getElementById("preview-bar-iframe"); previewBar.style.display = "none";' successfully

2019-07-09 17:56:59 - [MESSAGE][PASSED] - Execute JavaScript 'var previewBar = document.getElementById("preview-bar-iframe"); previewBar.style.display = "none";' successfully

2019-07-09 17:56:59 - [TEST_STEP][PASSED] - click(findTestObject("APOLLO- Desktop/Home page/Welcome to our store/Shop collection")): Object: 'Object Repository/APOLLO- Desktop/Home page/Welcome to our store/Shop collection' is clicked on

2019-07-09 17:57:01 - [MESSAGE][PASSED] - Object: 'Object Repository/APOLLO- Desktop/Home page/Welcome to our store/Shop collection' is clicked on

2019-07-09 17:57:01 - [TEST_STEP][PASSED] - back(): Navigate back successfully

2019-07-09 17:57:05 - [MESSAGE][PASSED] - Navigate back successfully

2019-07-09 17:57:05 - [TEST_STEP][PASSED] - executeJavaScript("var previewBar = document.getElementById("preview-bar-iframe"); previewBar.style.display = "none";", []): Execute JavaScript 'var previewBar = document.getElementById("preview-bar-iframe"); previewBar.style.display = "none";' successfully

2019-07-09 17:57:05 - [MESSAGE][PASSED] - Execute JavaScript 'var previewBar = document.getElementById("preview-bar-iframe"); previewBar.style.display = "none";' successfully

2019-07-09 17:57:05 - [TEST_STEP][PASSED] - click(findTestObject("APOLLO- Desktop/Home page/Welcome to our store/learn more about us")): Object: 'Object Repository/APOLLO- Desktop/Home page/Welcome to our store/learn more about us' is clicked on

2019-07-09 17:57:08 - [MESSAGE][PASSED] - Object: 'Object Repository/APOLLO- Desktop/Home page/Welcome to our store/learn more about us' is clicked on

2019-07-09 17:57:08 - [TEST_STEP][PASSED] - back(): Navigate back successfully

2019-07-09 17:57:11 - [MESSAGE][PASSED] - Navigate back successfully

2019-07-09 17:57:11 - [TEST_STEP][PASSED] - executeJavaScript("var previewBar = document.getElementById("preview-bar-iframe"); previewBar.style.display = "none";", []): Execute JavaScript 'var previewBar = document.getElementById("preview-bar-iframe"); previewBar.style.display = "none";' successfully

2019-07-09 17:57:11 - [MESSAGE][PASSED] - Execute JavaScript 'var previewBar = document.getElementById("preview-bar-iframe"); previewBar.style.display = "none";' successfully

2019-07-09 17:57:11 - [TEST_STEP][PASSED] - scrollToElement(findTestObject("APOLLO- Desktop/Home page/Welcome to our store/Getting hungry"), 0): Scroll to object 'Object Repository/APOLLO- Desktop/Home page/Welcome to our store/Getting hungry' successfully

2019-07-09 17:57:11 - [MESSAGE][WARNING] - Timeout '0' is invalid. Using default page load timeout: '30'

2019-07-09 17:57:11 - [MESSAGE][PASSED] - Scroll to object 'Object Repository/APOLLO- Desktop/Home page/Welcome to our store/Getting hungry' successfully

2019-07-09 17:57:11 - [TEST_STEP][PASSED] - delay(2): Delayed 2 second(s)

2019-07-09 17:57:14 - [MESSAGE][PASSED] - Delayed 2 second(s)

2019-07-09 17:57:14 - [TEST_STEP][PASSED] - click(findTestObject("APOLLO- Desktop/Home page/Welcome to our store/COntact us")): Object: 'Object Repository/APOLLO- Desktop/Home page/Welcome to our store/COntact us' is clicked on

2019-07-09 17:57:14 - [MESSAGE][PASSED] - Object: 'Object Repository/APOLLO- Desktop/Home page/Welcome to our store/COntact us' is clicked on]]></system-out>
         <system-err><![CDATA[]]></system-err>
      </testcase>
      <testcase name="Test Cases/HOME PAGE/Hero banner - CTA" classname="Test Cases/HOME PAGE/Hero banner - CTA" status="PASSED">
         <system-out><![CDATA[2019-07-09 17:57:14 - [TEST_CASE][PASSED] - Test Cases/HOME PAGE/Hero banner - CTA: Test Cases/HOME PAGE/Hero banner - CTA

2019-07-09 17:57:14 - [TEST_STEP][PASSED] - callTestCase(findTestCase("CALL - URL"), [:], STOP_ON_FAILURE): Call Test Case 'Test Cases/CALL - URL' successfully

2019-07-09 17:57:14 - [TEST_CASE][PASSED] - Test Cases/CALL - URL: Test Cases/CALL - URL

2019-07-09 17:57:14 - [TEST_STEP][PASSED] - openBrowser(""): Browser is opened with url: ''

2019-07-09 17:57:14 - [MESSAGE][WARNING] - A browser is already opened. Closing browser and opening a new one

2019-07-09 17:57:17 - [MESSAGE][INFO] - Starting 'Remote' driver

2019-07-09 17:57:17 - [MESSAGE][INFO] - User set preference: ['os', 'Windows']

2019-07-09 17:57:17 - [MESSAGE][INFO] - User set preference: ['os_version', '10']

2019-07-09 17:57:17 - [MESSAGE][INFO] - User set preference: ['browser', 'Chrome']

2019-07-09 17:57:17 - [MESSAGE][INFO] - User set preference: ['browser_version', '75.0']

2019-07-09 17:57:17 - [MESSAGE][INFO] - User set preference: ['resolution', '1280x1024']

2019-07-09 17:57:17 - [MESSAGE][INFO] - User set preference: ['browserstack.local', 'false']

2019-07-09 17:57:17 - [MESSAGE][INFO] - Connecting to remote web server 'https://dianatest3:Z3oqw9ysqTeRQJq5wFCp@hub-cloud.browserstack.com/wd/hub' with type 'Selenium'

2019-07-09 17:57:23 - [MESSAGE][PASSED] - Browser is opened with url: ''

2019-07-09 17:57:23 - [TEST_STEP][PASSED] - navigateToUrl("https://apollo-fireball.myshopify.com/?_ab=0&_fd=0&_sc=1&key=96c2edace7b9967f3a77c2e2b131937136039831e9ec35f31598610005fa8795&preview_theme_id=46803124304"): Navigate to 'https://apollo-fireball.myshopify.com/?_ab=0&_fd=0&_sc=1&key=96c2edace7b9967f3a77c2e2b131937136039831e9ec35f31598610005fa8795&preview_theme_id=46803124304' successfully

2019-07-09 17:57:29 - [MESSAGE][PASSED] - Navigate to 'https://apollo-fireball.myshopify.com/?_ab=0&_fd=0&_sc=1&key=96c2edace7b9967f3a77c2e2b131937136039831e9ec35f31598610005fa8795&preview_theme_id=46803124304' successfully

2019-07-09 17:57:29 - [TEST_STEP][PASSED] - executeJavaScript("var previewBar = document.getElementById("preview-bar-iframe"); previewBar.style.display = "none";", []): Execute JavaScript 'var previewBar = document.getElementById("preview-bar-iframe"); previewBar.style.display = "none";' successfully

2019-07-09 17:57:29 - [MESSAGE][PASSED] - Execute JavaScript 'var previewBar = document.getElementById("preview-bar-iframe"); previewBar.style.display = "none";' successfully

2019-07-09 17:57:29 - [TEST_STEP][PASSED] - maximizeWindow(): Current window maximized

2019-07-09 17:57:31 - [MESSAGE][PASSED] - Current window maximized

2019-07-09 17:57:31 - [MESSAGE][PASSED] - Call Test Case 'Test Cases/CALL - URL' successfully

2019-07-09 17:57:31 - [TEST_STEP][PASSED] - delay(2): Delayed 2 second(s)

2019-07-09 17:57:33 - [MESSAGE][PASSED] - Delayed 2 second(s)

2019-07-09 17:57:33 - [TEST_STEP][PASSED] - click(findTestObject("APOLLO- Desktop/Home page/Hero banner - CTA/First slick slide")): Object: 'Object Repository/APOLLO- Desktop/Home page/Hero banner - CTA/First slick slide' is clicked on

2019-07-09 17:57:33 - [MESSAGE][PASSED] - Object: 'Object Repository/APOLLO- Desktop/Home page/Hero banner - CTA/First slick slide' is clicked on

2019-07-09 17:57:33 - [TEST_STEP][PASSED] - delay(2): Delayed 2 second(s)

2019-07-09 17:57:35 - [MESSAGE][PASSED] - Delayed 2 second(s)

2019-07-09 17:57:35 - [TEST_STEP][PASSED] - click(findTestObject("APOLLO- Desktop/Home page/Hero banner - CTA/Shop healthy meals")): Object: 'Object Repository/APOLLO- Desktop/Home page/Hero banner - CTA/Shop healthy meals' is clicked on

2019-07-09 17:57:37 - [MESSAGE][PASSED] - Object: 'Object Repository/APOLLO- Desktop/Home page/Hero banner - CTA/Shop healthy meals' is clicked on

2019-07-09 17:57:37 - [TEST_STEP][PASSED] - delay(2): Delayed 2 second(s)

2019-07-09 17:57:39 - [MESSAGE][PASSED] - Delayed 2 second(s)

2019-07-09 17:57:39 - [TEST_STEP][PASSED] - click(findTestObject("APOLLO- Desktop/Home page/Hero banner - CTA/Apollo icon")): Object: 'Object Repository/APOLLO- Desktop/Home page/Hero banner - CTA/Apollo icon' is clicked on

2019-07-09 17:57:43 - [MESSAGE][PASSED] - Object: 'Object Repository/APOLLO- Desktop/Home page/Hero banner - CTA/Apollo icon' is clicked on

2019-07-09 17:57:43 - [TEST_STEP][PASSED] - delay(2): Delayed 2 second(s)

2019-07-09 17:57:45 - [MESSAGE][PASSED] - Delayed 2 second(s)

2019-07-09 17:57:45 - [TEST_STEP][PASSED] - click(findTestObject("APOLLO- Desktop/Home page/Hero banner - CTA/second slick slide")): Object: 'Object Repository/APOLLO- Desktop/Home page/Hero banner - CTA/second slick slide' is clicked on

2019-07-09 17:57:46 - [MESSAGE][PASSED] - Object: 'Object Repository/APOLLO- Desktop/Home page/Hero banner - CTA/second slick slide' is clicked on

2019-07-09 17:57:46 - [TEST_STEP][PASSED] - delay(2): Delayed 2 second(s)

2019-07-09 17:57:48 - [MESSAGE][PASSED] - Delayed 2 second(s)

2019-07-09 17:57:48 - [TEST_STEP][PASSED] - click(findTestObject("APOLLO- Desktop/Home page/Hero banner - CTA/Shop sides")): Object: 'Object Repository/APOLLO- Desktop/Home page/Hero banner - CTA/Shop sides' is clicked on

2019-07-09 17:57:54 - [MESSAGE][PASSED] - Object: 'Object Repository/APOLLO- Desktop/Home page/Hero banner - CTA/Shop sides' is clicked on

2019-07-09 17:57:54 - [TEST_STEP][PASSED] - delay(2): Delayed 2 second(s)

2019-07-09 17:57:56 - [MESSAGE][PASSED] - Delayed 2 second(s)

2019-07-09 17:57:56 - [TEST_STEP][PASSED] - click(findTestObject("APOLLO- Desktop/Home page/Hero banner - CTA/Apollo icon")): Object: 'Object Repository/APOLLO- Desktop/Home page/Hero banner - CTA/Apollo icon' is clicked on

2019-07-09 17:57:59 - [MESSAGE][PASSED] - Object: 'Object Repository/APOLLO- Desktop/Home page/Hero banner - CTA/Apollo icon' is clicked on

2019-07-09 17:57:59 - [TEST_STEP][PASSED] - delay(2): Delayed 2 second(s)

2019-07-09 17:58:01 - [MESSAGE][PASSED] - Delayed 2 second(s)

2019-07-09 17:58:01 - [TEST_STEP][PASSED] - click(findTestObject("APOLLO- Desktop/Home page/Hero banner - CTA/First slick slide")): Object: 'Object Repository/APOLLO- Desktop/Home page/Hero banner - CTA/First slick slide' is clicked on

2019-07-09 17:58:01 - [MESSAGE][PASSED] - Object: 'Object Repository/APOLLO- Desktop/Home page/Hero banner - CTA/First slick slide' is clicked on

2019-07-09 17:58:01 - [TEST_STEP][PASSED] - delay(2): Delayed 2 second(s)

2019-07-09 17:58:03 - [MESSAGE][PASSED] - Delayed 2 second(s)

2019-07-09 17:58:03 - [TEST_STEP][PASSED] - mouseOver(findTestObject("APOLLO- Desktop/Home page/Hero banner - CTA/Next button chevron")): Object: 'Object Repository/APOLLO- Desktop/Home page/Hero banner - CTA/Next button chevron' is hovered

2019-07-09 17:58:04 - [MESSAGE][PASSED] - Object: 'Object Repository/APOLLO- Desktop/Home page/Hero banner - CTA/Next button chevron' is hovered

2019-07-09 17:58:04 - [TEST_STEP][PASSED] - delay(2): Delayed 2 second(s)

2019-07-09 17:58:06 - [MESSAGE][PASSED] - Delayed 2 second(s)

2019-07-09 17:58:06 - [TEST_STEP][PASSED] - click(findTestObject("APOLLO- Desktop/Home page/Hero banner - CTA/Next button chevron")): Object: 'Object Repository/APOLLO- Desktop/Home page/Hero banner - CTA/Next button chevron' is clicked on

2019-07-09 17:58:06 - [MESSAGE][PASSED] - Object: 'Object Repository/APOLLO- Desktop/Home page/Hero banner - CTA/Next button chevron' is clicked on

2019-07-09 17:58:06 - [TEST_STEP][PASSED] - delay(2): Delayed 2 second(s)

2019-07-09 17:58:08 - [MESSAGE][PASSED] - Delayed 2 second(s)

2019-07-09 17:58:08 - [TEST_STEP][PASSED] - click(findTestObject("APOLLO- Desktop/Home page/Hero banner - CTA/Previous button chevron")): Object: 'Object Repository/APOLLO- Desktop/Home page/Hero banner - CTA/Previous button chevron' is clicked on

2019-07-09 17:58:09 - [MESSAGE][PASSED] - Object: 'Object Repository/APOLLO- Desktop/Home page/Hero banner - CTA/Previous button chevron' is clicked on

2019-07-09 17:58:09 - [TEST_STEP][PASSED] - delay(2): Delayed 2 second(s)

2019-07-09 17:58:11 - [MESSAGE][PASSED] - Delayed 2 second(s)

2019-07-09 17:58:11 - [TEST_STEP][PASSED] - click(findTestObject("APOLLO- Desktop/Home page/Hero banner - CTA/button_Next section")): Object: 'Object Repository/APOLLO- Desktop/Home page/Hero banner - CTA/button_Next section' is clicked on

2019-07-09 17:58:11 - [MESSAGE][PASSED] - Object: 'Object Repository/APOLLO- Desktop/Home page/Hero banner - CTA/button_Next section' is clicked on

2019-07-09 17:58:11 - [TEST_STEP][PASSED] - delay(2): Delayed 2 second(s)

2019-07-09 17:58:13 - [MESSAGE][PASSED] - Delayed 2 second(s)

2019-07-09 17:58:13 - [TEST_STEP][PASSED] - verifyTextPresent("Chicken Wings", false): Text 'Chicken Wings' is present on page 

2019-07-09 17:58:14 - [MESSAGE][PASSED] - Text 'Chicken Wings' is present on page]]></system-out>
         <system-err><![CDATA[]]></system-err>
      </testcase>
      <testcase name="Test Cases/HOME PAGE/Burger menu - navigation links" classname="Test Cases/HOME PAGE/Burger menu - navigation links" status="PASSED">
         <system-out><![CDATA[2019-07-09 17:58:14 - [TEST_CASE][PASSED] - Test Cases/HOME PAGE/Burger menu - navigation links: Test Cases/HOME PAGE/Burger menu - navigation links

2019-07-09 17:58:14 - [TEST_STEP][PASSED] - callTestCase(findTestCase("CALL - URL"), [:], STOP_ON_FAILURE): Call Test Case 'Test Cases/CALL - URL' successfully

2019-07-09 17:58:14 - [TEST_CASE][PASSED] - Test Cases/CALL - URL: Test Cases/CALL - URL

2019-07-09 17:58:14 - [TEST_STEP][PASSED] - openBrowser(""): Browser is opened with url: ''

2019-07-09 17:58:14 - [MESSAGE][WARNING] - A browser is already opened. Closing browser and opening a new one

2019-07-09 17:58:17 - [MESSAGE][INFO] - Starting 'Remote' driver

2019-07-09 17:58:17 - [MESSAGE][INFO] - User set preference: ['os', 'Windows']

2019-07-09 17:58:17 - [MESSAGE][INFO] - User set preference: ['os_version', '10']

2019-07-09 17:58:17 - [MESSAGE][INFO] - User set preference: ['browser', 'Chrome']

2019-07-09 17:58:17 - [MESSAGE][INFO] - User set preference: ['browser_version', '75.0']

2019-07-09 17:58:17 - [MESSAGE][INFO] - User set preference: ['resolution', '1280x1024']

2019-07-09 17:58:17 - [MESSAGE][INFO] - User set preference: ['browserstack.local', 'false']

2019-07-09 17:58:17 - [MESSAGE][INFO] - Connecting to remote web server 'https://dianatest3:Z3oqw9ysqTeRQJq5wFCp@hub-cloud.browserstack.com/wd/hub' with type 'Selenium'

2019-07-09 17:58:22 - [MESSAGE][PASSED] - Browser is opened with url: ''

2019-07-09 17:58:22 - [TEST_STEP][PASSED] - navigateToUrl("https://apollo-fireball.myshopify.com/?_ab=0&_fd=0&_sc=1&key=96c2edace7b9967f3a77c2e2b131937136039831e9ec35f31598610005fa8795&preview_theme_id=46803124304"): Navigate to 'https://apollo-fireball.myshopify.com/?_ab=0&_fd=0&_sc=1&key=96c2edace7b9967f3a77c2e2b131937136039831e9ec35f31598610005fa8795&preview_theme_id=46803124304' successfully

2019-07-09 17:58:29 - [MESSAGE][PASSED] - Navigate to 'https://apollo-fireball.myshopify.com/?_ab=0&_fd=0&_sc=1&key=96c2edace7b9967f3a77c2e2b131937136039831e9ec35f31598610005fa8795&preview_theme_id=46803124304' successfully

2019-07-09 17:58:29 - [TEST_STEP][PASSED] - executeJavaScript("var previewBar = document.getElementById("preview-bar-iframe"); previewBar.style.display = "none";", []): Execute JavaScript 'var previewBar = document.getElementById("preview-bar-iframe"); previewBar.style.display = "none";' successfully

2019-07-09 17:58:29 - [MESSAGE][PASSED] - Execute JavaScript 'var previewBar = document.getElementById("preview-bar-iframe"); previewBar.style.display = "none";' successfully

2019-07-09 17:58:29 - [TEST_STEP][PASSED] - maximizeWindow(): Current window maximized

2019-07-09 17:58:31 - [MESSAGE][PASSED] - Current window maximized

2019-07-09 17:58:31 - [MESSAGE][PASSED] - Call Test Case 'Test Cases/CALL - URL' successfully

2019-07-09 17:58:31 - [TEST_STEP][PASSED] - delay(2): Delayed 2 second(s)

2019-07-09 17:58:33 - [MESSAGE][PASSED] - Delayed 2 second(s)

2019-07-09 17:58:33 - [TEST_STEP][PASSED] - click(findTestObject("APOLLO- Desktop/Burger Menu/Burgermenu")): Object: 'Object Repository/APOLLO- Desktop/Burger Menu/Burgermenu' is clicked on

2019-07-09 17:58:34 - [MESSAGE][PASSED] - Object: 'Object Repository/APOLLO- Desktop/Burger Menu/Burgermenu' is clicked on

2019-07-09 17:58:34 - [TEST_STEP][PASSED] - delay(2): Delayed 2 second(s)

2019-07-09 17:58:36 - [MESSAGE][PASSED] - Delayed 2 second(s)

2019-07-09 17:58:36 - [TEST_STEP][PASSED] - click(findTestObject("APOLLO- Desktop/Burger Menu/Shop food")): Object: 'Object Repository/APOLLO- Desktop/Burger Menu/Shop food' is clicked on

2019-07-09 17:58:37 - [MESSAGE][PASSED] - Object: 'Object Repository/APOLLO- Desktop/Burger Menu/Shop food' is clicked on

2019-07-09 17:58:37 - [TEST_STEP][PASSED] - delay(2): Delayed 2 second(s)

2019-07-09 17:58:39 - [MESSAGE][PASSED] - Delayed 2 second(s)

2019-07-09 17:58:39 - [TEST_STEP][PASSED] - click(findTestObject("APOLLO- Desktop/Burger Menu/Beef")): Object: 'Object Repository/APOLLO- Desktop/Burger Menu/Beef' is clicked on

2019-07-09 17:58:41 - [MESSAGE][PASSED] - Object: 'Object Repository/APOLLO- Desktop/Burger Menu/Beef' is clicked on

2019-07-09 17:58:41 - [TEST_STEP][PASSED] - delay(2): Delayed 2 second(s)

2019-07-09 17:58:43 - [MESSAGE][PASSED] - Delayed 2 second(s)

2019-07-09 17:58:43 - [TEST_STEP][PASSED] - delay(2): Delayed 2 second(s)

2019-07-09 17:58:45 - [MESSAGE][PASSED] - Delayed 2 second(s)

2019-07-09 17:58:45 - [TEST_STEP][PASSED] - click(findTestObject("APOLLO- Desktop/Burger Menu/Burgermenu")): Object: 'Object Repository/APOLLO- Desktop/Burger Menu/Burgermenu' is clicked on

2019-07-09 17:58:45 - [MESSAGE][PASSED] - Object: 'Object Repository/APOLLO- Desktop/Burger Menu/Burgermenu' is clicked on

2019-07-09 17:58:45 - [TEST_STEP][PASSED] - delay(2): Delayed 2 second(s)

2019-07-09 17:58:47 - [MESSAGE][PASSED] - Delayed 2 second(s)

2019-07-09 17:58:47 - [TEST_STEP][PASSED] - click(findTestObject("APOLLO- Desktop/Burger Menu/Shop food")): Object: 'Object Repository/APOLLO- Desktop/Burger Menu/Shop food' is clicked on

2019-07-09 17:58:48 - [MESSAGE][PASSED] - Object: 'Object Repository/APOLLO- Desktop/Burger Menu/Shop food' is clicked on

2019-07-09 17:58:48 - [TEST_STEP][PASSED] - delay(2): Delayed 2 second(s)

2019-07-09 17:58:50 - [MESSAGE][PASSED] - Delayed 2 second(s)

2019-07-09 17:58:50 - [TEST_STEP][PASSED] - click(findTestObject("APOLLO- Desktop/Burger Menu/Chicken")): Object: 'Object Repository/APOLLO- Desktop/Burger Menu/Chicken' is clicked on

2019-07-09 17:58:56 - [MESSAGE][PASSED] - Object: 'Object Repository/APOLLO- Desktop/Burger Menu/Chicken' is clicked on

2019-07-09 17:58:56 - [TEST_STEP][PASSED] - delay(2): Delayed 2 second(s)

2019-07-09 17:58:58 - [MESSAGE][PASSED] - Delayed 2 second(s)

2019-07-09 17:58:58 - [TEST_STEP][PASSED] - delay(2): Delayed 2 second(s)

2019-07-09 17:59:00 - [MESSAGE][PASSED] - Delayed 2 second(s)

2019-07-09 17:59:00 - [TEST_STEP][PASSED] - click(findTestObject("APOLLO- Desktop/Burger Menu/Burgermenu")): Object: 'Object Repository/APOLLO- Desktop/Burger Menu/Burgermenu' is clicked on

2019-07-09 17:59:01 - [MESSAGE][PASSED] - Object: 'Object Repository/APOLLO- Desktop/Burger Menu/Burgermenu' is clicked on

2019-07-09 17:59:01 - [TEST_STEP][PASSED] - delay(2): Delayed 2 second(s)

2019-07-09 17:59:03 - [MESSAGE][PASSED] - Delayed 2 second(s)

2019-07-09 17:59:03 - [TEST_STEP][PASSED] - click(findTestObject("APOLLO- Desktop/Burger Menu/Shop food")): Object: 'Object Repository/APOLLO- Desktop/Burger Menu/Shop food' is clicked on

2019-07-09 17:59:03 - [MESSAGE][PASSED] - Object: 'Object Repository/APOLLO- Desktop/Burger Menu/Shop food' is clicked on

2019-07-09 17:59:03 - [TEST_STEP][PASSED] - delay(2): Delayed 2 second(s)

2019-07-09 17:59:05 - [MESSAGE][PASSED] - Delayed 2 second(s)

2019-07-09 17:59:05 - [TEST_STEP][PASSED] - click(findTestObject("APOLLO- Desktop/Burger Menu/Pork")): Object: 'Object Repository/APOLLO- Desktop/Burger Menu/Pork' is clicked on

2019-07-09 17:59:10 - [MESSAGE][PASSED] - Object: 'Object Repository/APOLLO- Desktop/Burger Menu/Pork' is clicked on

2019-07-09 17:59:10 - [TEST_STEP][PASSED] - delay(2): Delayed 2 second(s)

2019-07-09 17:59:12 - [MESSAGE][PASSED] - Delayed 2 second(s)

2019-07-09 17:59:12 - [TEST_STEP][PASSED] - delay(2): Delayed 2 second(s)

2019-07-09 17:59:14 - [MESSAGE][PASSED] - Delayed 2 second(s)

2019-07-09 17:59:14 - [TEST_STEP][PASSED] - click(findTestObject("APOLLO- Desktop/Burger Menu/Burgermenu")): Object: 'Object Repository/APOLLO- Desktop/Burger Menu/Burgermenu' is clicked on

2019-07-09 17:59:14 - [MESSAGE][PASSED] - Object: 'Object Repository/APOLLO- Desktop/Burger Menu/Burgermenu' is clicked on

2019-07-09 17:59:14 - [TEST_STEP][PASSED] - delay(2): Delayed 2 second(s)

2019-07-09 17:59:16 - [MESSAGE][PASSED] - Delayed 2 second(s)

2019-07-09 17:59:16 - [TEST_STEP][PASSED] - click(findTestObject("APOLLO- Desktop/Burger Menu/Shop food")): Object: 'Object Repository/APOLLO- Desktop/Burger Menu/Shop food' is clicked on

2019-07-09 17:59:16 - [MESSAGE][PASSED] - Object: 'Object Repository/APOLLO- Desktop/Burger Menu/Shop food' is clicked on

2019-07-09 17:59:16 - [TEST_STEP][PASSED] - delay(2): Delayed 2 second(s)

2019-07-09 17:59:18 - [MESSAGE][PASSED] - Delayed 2 second(s)

2019-07-09 17:59:18 - [TEST_STEP][PASSED] - click(findTestObject("APOLLO- Desktop/Burger Menu/lamb")): Object: 'Object Repository/APOLLO- Desktop/Burger Menu/lamb' is clicked on

2019-07-09 17:59:22 - [MESSAGE][PASSED] - Object: 'Object Repository/APOLLO- Desktop/Burger Menu/lamb' is clicked on

2019-07-09 17:59:22 - [TEST_STEP][PASSED] - delay(2): Delayed 2 second(s)

2019-07-09 17:59:24 - [MESSAGE][PASSED] - Delayed 2 second(s)

2019-07-09 17:59:24 - [TEST_STEP][PASSED] - delay(2): Delayed 2 second(s)

2019-07-09 17:59:26 - [MESSAGE][PASSED] - Delayed 2 second(s)

2019-07-09 17:59:26 - [TEST_STEP][PASSED] - click(findTestObject("APOLLO- Desktop/Burger Menu/Burgermenu")): Object: 'Object Repository/APOLLO- Desktop/Burger Menu/Burgermenu' is clicked on

2019-07-09 17:59:26 - [MESSAGE][PASSED] - Object: 'Object Repository/APOLLO- Desktop/Burger Menu/Burgermenu' is clicked on

2019-07-09 17:59:26 - [TEST_STEP][PASSED] - delay(2): Delayed 2 second(s)

2019-07-09 17:59:28 - [MESSAGE][PASSED] - Delayed 2 second(s)

2019-07-09 17:59:28 - [TEST_STEP][PASSED] - click(findTestObject("APOLLO- Desktop/Burger Menu/Shop food")): Object: 'Object Repository/APOLLO- Desktop/Burger Menu/Shop food' is clicked on

2019-07-09 17:59:29 - [MESSAGE][PASSED] - Object: 'Object Repository/APOLLO- Desktop/Burger Menu/Shop food' is clicked on

2019-07-09 17:59:29 - [TEST_STEP][PASSED] - delay(2): Delayed 2 second(s)

2019-07-09 17:59:31 - [MESSAGE][PASSED] - Delayed 2 second(s)

2019-07-09 17:59:31 - [TEST_STEP][PASSED] - click(findTestObject("APOLLO- Desktop/Burger Menu/Sides")): Object: 'Object Repository/APOLLO- Desktop/Burger Menu/Sides' is clicked on

2019-07-09 17:59:33 - [MESSAGE][PASSED] - Object: 'Object Repository/APOLLO- Desktop/Burger Menu/Sides' is clicked on

2019-07-09 17:59:33 - [TEST_STEP][PASSED] - delay(2): Delayed 2 second(s)

2019-07-09 17:59:35 - [MESSAGE][PASSED] - Delayed 2 second(s)

2019-07-09 17:59:35 - [TEST_STEP][PASSED] - delay(2): Delayed 2 second(s)

2019-07-09 17:59:37 - [MESSAGE][PASSED] - Delayed 2 second(s)

2019-07-09 17:59:37 - [TEST_STEP][PASSED] - click(findTestObject("APOLLO- Desktop/Burger Menu/Burgermenu")): Object: 'Object Repository/APOLLO- Desktop/Burger Menu/Burgermenu' is clicked on

2019-07-09 17:59:37 - [MESSAGE][PASSED] - Object: 'Object Repository/APOLLO- Desktop/Burger Menu/Burgermenu' is clicked on

2019-07-09 17:59:37 - [TEST_STEP][PASSED] - delay(2): Delayed 2 second(s)

2019-07-09 17:59:39 - [MESSAGE][PASSED] - Delayed 2 second(s)

2019-07-09 17:59:39 - [TEST_STEP][PASSED] - click(findTestObject("APOLLO- Desktop/Burger Menu/Shop food")): Object: 'Object Repository/APOLLO- Desktop/Burger Menu/Shop food' is clicked on

2019-07-09 17:59:40 - [MESSAGE][PASSED] - Object: 'Object Repository/APOLLO- Desktop/Burger Menu/Shop food' is clicked on

2019-07-09 17:59:40 - [TEST_STEP][PASSED] - delay(2): Delayed 2 second(s)

2019-07-09 17:59:42 - [MESSAGE][PASSED] - Delayed 2 second(s)

2019-07-09 17:59:42 - [TEST_STEP][PASSED] - click(findTestObject("APOLLO- Desktop/Burger Menu/Burger menu - Shop All")): Object: 'Object Repository/APOLLO- Desktop/Burger Menu/Burger menu - Shop All' is clicked on

2019-07-09 17:59:48 - [MESSAGE][PASSED] - Object: 'Object Repository/APOLLO- Desktop/Burger Menu/Burger menu - Shop All' is clicked on

2019-07-09 17:59:48 - [TEST_STEP][PASSED] - delay(2): Delayed 2 second(s)

2019-07-09 17:59:50 - [MESSAGE][PASSED] - Delayed 2 second(s)

2019-07-09 17:59:50 - [TEST_STEP][PASSED] - delay(2): Delayed 2 second(s)

2019-07-09 17:59:52 - [MESSAGE][PASSED] - Delayed 2 second(s)

2019-07-09 17:59:52 - [TEST_STEP][PASSED] - click(findTestObject("APOLLO- Desktop/Burger Menu/Burgermenu")): Object: 'Object Repository/APOLLO- Desktop/Burger Menu/Burgermenu' is clicked on

2019-07-09 17:59:53 - [MESSAGE][PASSED] - Object: 'Object Repository/APOLLO- Desktop/Burger Menu/Burgermenu' is clicked on

2019-07-09 17:59:53 - [TEST_STEP][PASSED] - delay(2): Delayed 2 second(s)

2019-07-09 17:59:55 - [MESSAGE][PASSED] - Delayed 2 second(s)

2019-07-09 17:59:55 - [TEST_STEP][PASSED] - click(findTestObject("APOLLO- Desktop/Burger Menu/collections")): Object: 'Object Repository/APOLLO- Desktop/Burger Menu/collections' is clicked on

2019-07-09 17:59:56 - [MESSAGE][PASSED] - Object: 'Object Repository/APOLLO- Desktop/Burger Menu/collections' is clicked on

2019-07-09 17:59:56 - [TEST_STEP][PASSED] - delay(2): Delayed 2 second(s)

2019-07-09 17:59:58 - [MESSAGE][PASSED] - Delayed 2 second(s)

2019-07-09 17:59:58 - [TEST_STEP][PASSED] - delay(2): Delayed 2 second(s)

2019-07-09 18:00:00 - [MESSAGE][PASSED] - Delayed 2 second(s)

2019-07-09 18:00:00 - [TEST_STEP][PASSED] - delay(2): Delayed 2 second(s)

2019-07-09 18:00:02 - [MESSAGE][PASSED] - Delayed 2 second(s)

2019-07-09 18:00:02 - [TEST_STEP][PASSED] - click(findTestObject("APOLLO- Desktop/Burger Menu/Burgermenu")): Object: 'Object Repository/APOLLO- Desktop/Burger Menu/Burgermenu' is clicked on

2019-07-09 18:00:03 - [MESSAGE][PASSED] - Object: 'Object Repository/APOLLO- Desktop/Burger Menu/Burgermenu' is clicked on

2019-07-09 18:00:03 - [TEST_STEP][PASSED] - delay(2): Delayed 2 second(s)

2019-07-09 18:00:05 - [MESSAGE][PASSED] - Delayed 2 second(s)

2019-07-09 18:00:05 - [TEST_STEP][PASSED] - click(findTestObject("APOLLO- Desktop/Burger Menu/About")): Object: 'Object Repository/APOLLO- Desktop/Burger Menu/About' is clicked on

2019-07-09 18:00:06 - [MESSAGE][PASSED] - Object: 'Object Repository/APOLLO- Desktop/Burger Menu/About' is clicked on

2019-07-09 18:00:06 - [TEST_STEP][PASSED] - delay(2): Delayed 2 second(s)

2019-07-09 18:00:08 - [MESSAGE][PASSED] - Delayed 2 second(s)

2019-07-09 18:00:08 - [TEST_STEP][PASSED] - delay(2): Delayed 2 second(s)

2019-07-09 18:00:10 - [MESSAGE][PASSED] - Delayed 2 second(s)

2019-07-09 18:00:10 - [TEST_STEP][PASSED] - delay(2): Delayed 2 second(s)

2019-07-09 18:00:12 - [MESSAGE][PASSED] - Delayed 2 second(s)

2019-07-09 18:00:12 - [TEST_STEP][PASSED] - click(findTestObject("APOLLO- Desktop/Burger Menu/Burgermenu")): Object: 'Object Repository/APOLLO- Desktop/Burger Menu/Burgermenu' is clicked on

2019-07-09 18:00:12 - [MESSAGE][PASSED] - Object: 'Object Repository/APOLLO- Desktop/Burger Menu/Burgermenu' is clicked on

2019-07-09 18:00:12 - [TEST_STEP][PASSED] - delay(2): Delayed 2 second(s)

2019-07-09 18:00:14 - [MESSAGE][PASSED] - Delayed 2 second(s)

2019-07-09 18:00:14 - [TEST_STEP][PASSED] - click(findTestObject("APOLLO- Desktop/Burger Menu/Blog")): Object: 'Object Repository/APOLLO- Desktop/Burger Menu/Blog' is clicked on

2019-07-09 18:00:16 - [MESSAGE][PASSED] - Object: 'Object Repository/APOLLO- Desktop/Burger Menu/Blog' is clicked on

2019-07-09 18:00:16 - [TEST_STEP][PASSED] - delay(2): Delayed 2 second(s)

2019-07-09 18:00:18 - [MESSAGE][PASSED] - Delayed 2 second(s)

2019-07-09 18:00:18 - [TEST_STEP][PASSED] - click(findTestObject("APOLLO- Desktop/Burger Menu/Burgermenu")): Object: 'Object Repository/APOLLO- Desktop/Burger Menu/Burgermenu' is clicked on

2019-07-09 18:00:19 - [MESSAGE][PASSED] - Object: 'Object Repository/APOLLO- Desktop/Burger Menu/Burgermenu' is clicked on

2019-07-09 18:00:19 - [TEST_STEP][PASSED] - delay(2): Delayed 2 second(s)

2019-07-09 18:00:21 - [MESSAGE][PASSED] - Delayed 2 second(s)

2019-07-09 18:00:21 - [TEST_STEP][PASSED] - click(findTestObject("APOLLO- Desktop/Burger Menu/Contact us")): Object: 'Object Repository/APOLLO- Desktop/Burger Menu/Contact us' is clicked on

2019-07-09 18:00:22 - [MESSAGE][PASSED] - Object: 'Object Repository/APOLLO- Desktop/Burger Menu/Contact us' is clicked on

2019-07-09 18:00:22 - [TEST_STEP][PASSED] - delay(2): Delayed 2 second(s)

2019-07-09 18:00:24 - [MESSAGE][PASSED] - Delayed 2 second(s)]]></system-out>
         <system-err><![CDATA[]]></system-err>
      </testcase>
      <testcase name="Test Cases/HOME PAGE/Featured blog posts" classname="Test Cases/HOME PAGE/Featured blog posts" status="PASSED">
         <system-out><![CDATA[2019-07-09 18:00:24 - [TEST_CASE][PASSED] - Test Cases/HOME PAGE/Featured blog posts: Test Cases/HOME PAGE/Featured blog posts

2019-07-09 18:00:24 - [TEST_STEP][PASSED] - callTestCase(findTestCase("CALL - URL"), [:], STOP_ON_FAILURE): Call Test Case 'Test Cases/CALL - URL' successfully

2019-07-09 18:00:25 - [TEST_CASE][PASSED] - Test Cases/CALL - URL: Test Cases/CALL - URL

2019-07-09 18:00:25 - [TEST_STEP][PASSED] - openBrowser(""): Browser is opened with url: ''

2019-07-09 18:00:25 - [MESSAGE][WARNING] - A browser is already opened. Closing browser and opening a new one

2019-07-09 18:00:26 - [MESSAGE][INFO] - Starting 'Remote' driver

2019-07-09 18:00:26 - [MESSAGE][INFO] - User set preference: ['os', 'Windows']

2019-07-09 18:00:26 - [MESSAGE][INFO] - User set preference: ['os_version', '10']

2019-07-09 18:00:26 - [MESSAGE][INFO] - User set preference: ['browser', 'Chrome']

2019-07-09 18:00:26 - [MESSAGE][INFO] - User set preference: ['browser_version', '75.0']

2019-07-09 18:00:26 - [MESSAGE][INFO] - User set preference: ['resolution', '1280x1024']

2019-07-09 18:00:26 - [MESSAGE][INFO] - User set preference: ['browserstack.local', 'false']

2019-07-09 18:00:26 - [MESSAGE][INFO] - Connecting to remote web server 'https://dianatest3:Z3oqw9ysqTeRQJq5wFCp@hub-cloud.browserstack.com/wd/hub' with type 'Selenium'

2019-07-09 18:00:39 - [MESSAGE][PASSED] - Browser is opened with url: ''

2019-07-09 18:00:39 - [TEST_STEP][PASSED] - navigateToUrl("https://apollo-fireball.myshopify.com/?_ab=0&_fd=0&_sc=1&key=96c2edace7b9967f3a77c2e2b131937136039831e9ec35f31598610005fa8795&preview_theme_id=46803124304"): Navigate to 'https://apollo-fireball.myshopify.com/?_ab=0&_fd=0&_sc=1&key=96c2edace7b9967f3a77c2e2b131937136039831e9ec35f31598610005fa8795&preview_theme_id=46803124304' successfully

2019-07-09 18:00:45 - [MESSAGE][PASSED] - Navigate to 'https://apollo-fireball.myshopify.com/?_ab=0&_fd=0&_sc=1&key=96c2edace7b9967f3a77c2e2b131937136039831e9ec35f31598610005fa8795&preview_theme_id=46803124304' successfully

2019-07-09 18:00:45 - [TEST_STEP][PASSED] - executeJavaScript("var previewBar = document.getElementById("preview-bar-iframe"); previewBar.style.display = "none";", []): Execute JavaScript 'var previewBar = document.getElementById("preview-bar-iframe"); previewBar.style.display = "none";' successfully

2019-07-09 18:00:45 - [MESSAGE][PASSED] - Execute JavaScript 'var previewBar = document.getElementById("preview-bar-iframe"); previewBar.style.display = "none";' successfully

2019-07-09 18:00:45 - [TEST_STEP][PASSED] - maximizeWindow(): Current window maximized

2019-07-09 18:00:50 - [MESSAGE][PASSED] - Current window maximized

2019-07-09 18:00:50 - [MESSAGE][PASSED] - Call Test Case 'Test Cases/CALL - URL' successfully

2019-07-09 18:00:50 - [TEST_STEP][PASSED] - delay(2): Delayed 2 second(s)

2019-07-09 18:00:52 - [MESSAGE][PASSED] - Delayed 2 second(s)

2019-07-09 18:00:52 - [TEST_STEP][PASSED] - scrollToElement(findTestObject("APOLLO- Desktop/Home page/Featured blog posts/Featured Blog posts"), 0): Scroll to object 'Object Repository/APOLLO- Desktop/Home page/Featured blog posts/Featured Blog posts' successfully

2019-07-09 18:00:52 - [MESSAGE][WARNING] - Timeout '0' is invalid. Using default page load timeout: '30'

2019-07-09 18:00:52 - [MESSAGE][PASSED] - Scroll to object 'Object Repository/APOLLO- Desktop/Home page/Featured blog posts/Featured Blog posts' successfully

2019-07-09 18:00:52 - [TEST_STEP][PASSED] - delay(2): Delayed 2 second(s)

2019-07-09 18:00:54 - [MESSAGE][PASSED] - Delayed 2 second(s)

2019-07-09 18:00:54 - [TEST_STEP][PASSED] - click(findTestObject("APOLLO- Desktop/Home page/Featured blog posts/second slider")): Object: 'Object Repository/APOLLO- Desktop/Home page/Featured blog posts/second slider' is clicked on

2019-07-09 18:00:55 - [MESSAGE][PASSED] - Object: 'Object Repository/APOLLO- Desktop/Home page/Featured blog posts/second slider' is clicked on

[...]

2019-07-09 18:38:38 - [MESSAGE][PASSED] - Text of object 'Object Repository/APOLLO- Desktop/Cart flyout/Unit price - second product' is: '$8.50'

2019-07-09 18:38:38 - [TEST_STEP][PASSED] - comment("b=" + b): b=$8.50

2019-07-09 18:38:38 - [MESSAGE][INFO] - b=$8.50

2019-07-09 18:38:38 - [TEST_STEP][PASSED] - b1 = b.substring(1): null

2019-07-09 18:38:38 - [TEST_STEP][PASSED] - comment("b1=" + b1): b1=8.50

2019-07-09 18:38:38 - [MESSAGE][INFO] - b1=8.50

2019-07-09 18:38:38 - [TEST_STEP][PASSED] - p1 = <not implemented yet for class: org.codehaus.groovy.ast.expr.EmptyExpression>: null

2019-07-09 18:38:38 - [TEST_STEP][PASSED] - p2 = <not implemented yet for class: org.codehaus.groovy.ast.expr.EmptyExpression>: null

2019-07-09 18:38:38 - [TEST_STEP][PASSED] - try: p1=6.25

2019-07-09 18:38:38 - [TEST_STEP][PASSED] - str = a1: null

2019-07-09 18:38:38 - [TEST_STEP][PASSED] - comment("str=" + str): str=6.25

2019-07-09 18:38:38 - [MESSAGE][INFO] - str=6.25

2019-07-09 18:38:38 - [TEST_STEP][PASSED] - p1 = Double.valueOf(str): null

2019-07-09 18:38:38 - [TEST_STEP][PASSED] - comment("p1=" + p1): p1=6.25

2019-07-09 18:38:38 - [MESSAGE][INFO] - p1=6.25

2019-07-09 18:38:38 - [TEST_STEP][PASSED] - try: p2=8.5

2019-07-09 18:38:38 - [TEST_STEP][PASSED] - str5 = b1: null

2019-07-09 18:38:38 - [TEST_STEP][PASSED] - comment("str5=" + str5): str5=8.50

2019-07-09 18:38:38 - [MESSAGE][INFO] - str5=8.50

2019-07-09 18:38:38 - [TEST_STEP][PASSED] - p2 = Double.valueOf(str5): null

2019-07-09 18:38:38 - [TEST_STEP][PASSED] - comment("p2=" + p2): p2=8.5

2019-07-09 18:38:38 - [MESSAGE][INFO] - p2=8.5

2019-07-09 18:38:38 - [TEST_STEP][PASSED] - total = p1 + p2: null

2019-07-09 18:38:38 - [TEST_STEP][PASSED] - comment("total=" + total): total=14.75

2019-07-09 18:38:38 - [MESSAGE][INFO] - total=14.75

2019-07-09 18:38:38 - [TEST_STEP][PASSED] - c = getText(findTestObject("APOLLO- Desktop/Cart flyout/Subtotal in cart flyout")): Text of object 'Object Repository/APOLLO- Desktop/Cart flyout/Subtotal in cart flyout' is: '$14.75'

2019-07-09 18:38:39 - [MESSAGE][PASSED] - Text of object 'Object Repository/APOLLO- Desktop/Cart flyout/Subtotal in cart flyout' is: '$14.75'

2019-07-09 18:38:39 - [TEST_STEP][PASSED] - comment("c=" + c): c=$14.75

2019-07-09 18:38:39 - [MESSAGE][INFO] - c=$14.75

2019-07-09 18:38:39 - [TEST_STEP][PASSED] - c1 = c.substring(1): null

2019-07-09 18:38:39 - [TEST_STEP][PASSED] - comment("c1=" + c1): c1=14.75

2019-07-09 18:38:39 - [MESSAGE][INFO] - c1=14.75

2019-07-09 18:38:39 - [TEST_STEP][PASSED] - p3 = <not implemented yet for class: org.codehaus.groovy.ast.expr.EmptyExpression>: null

2019-07-09 18:38:39 - [TEST_STEP][PASSED] - try: p3=14.75

2019-07-09 18:38:39 - [TEST_STEP][PASSED] - str = c1: null

2019-07-09 18:38:39 - [TEST_STEP][PASSED] - comment("str=" + str): str=14.75

2019-07-09 18:38:39 - [MESSAGE][INFO] - str=14.75

2019-07-09 18:38:39 - [TEST_STEP][PASSED] - p3 = Double.valueOf(str): null

2019-07-09 18:38:39 - [TEST_STEP][PASSED] - comment("p3=" + p3): p3=14.75

2019-07-09 18:38:39 - [MESSAGE][INFO] - p3=14.75

2019-07-09 18:38:39 - [TEST_STEP][PASSED] - verifyEqual(total, p3): Actual object '14.75' and expected object '14.75' are equal

2019-07-09 18:38:39 - [MESSAGE][PASSED] - Actual object '14.75' and expected object '14.75' are equal

2019-07-09 18:38:39 - [TEST_STEP][PASSED] - click(findTestObject("APOLLO- Desktop/Cart flyout/Checkout")): Object: 'Object Repository/APOLLO- Desktop/Cart flyout/Checkout' is clicked on

2019-07-09 18:38:46 - [MESSAGE][PASSED] - Object: 'Object Repository/APOLLO- Desktop/Cart flyout/Checkout' is clicked on

2019-07-09 18:38:46 - [TEST_STEP][PASSED] - callTestCase(findTestCase("CALL- CUSTOMER INFO PAGE"), [:], STOP_ON_FAILURE): Call Test Case 'Test Cases/CALL- CUSTOMER INFO PAGE' successfully

2019-07-09 18:38:46 - [TEST_CASE][PASSED] - Test Cases/CALL- CUSTOMER INFO PAGE: Test Cases/CALL- CUSTOMER INFO PAGE

2019-07-09 18:38:46 - [TEST_STEP][PASSED] - delay(2): Delayed 2 second(s)

2019-07-09 18:38:48 - [MESSAGE][PASSED] - Delayed 2 second(s)

2019-07-09 18:38:48 - [TEST_STEP][PASSED] - executeJavaScript("var previewBar = document.getElementById("preview-bar-iframe"); previewBar.style.display = "none";", []): Execute JavaScript 'var previewBar = document.getElementById("preview-bar-iframe"); previewBar.style.display = "none";' successfully

2019-07-09 18:38:48 - [MESSAGE][PASSED] - Execute JavaScript 'var previewBar = document.getElementById("preview-bar-iframe"); previewBar.style.display = "none";' successfully

2019-07-09 18:38:48 - [TEST_STEP][PASSED] - setText(findTestObject("APOLLO- Desktop/Customer Information page/Email"), "suman@gmail.com"): Text 'suman@gmail.com' is set on object 'Object Repository/APOLLO- Desktop/Customer Information page/Email'

2019-07-09 18:38:49 - [MESSAGE][PASSED] - Text 'suman@gmail.com' is set on object 'Object Repository/APOLLO- Desktop/Customer Information page/Email'

2019-07-09 18:38:49 - [TEST_STEP][PASSED] - delay(2): Delayed 2 second(s)

2019-07-09 18:38:51 - [MESSAGE][PASSED] - Delayed 2 second(s)

2019-07-09 18:38:51 - [TEST_STEP][PASSED] - setText(findTestObject("APOLLO- Desktop/Customer Information page/First name"), "suman"): Text 'suman' is set on object 'Object Repository/APOLLO- Desktop/Customer Information page/First name'

2019-07-09 18:38:52 - [MESSAGE][PASSED] - Text 'suman' is set on object 'Object Repository/APOLLO- Desktop/Customer Information page/First name'

2019-07-09 18:38:52 - [TEST_STEP][PASSED] - delay(2): Delayed 2 second(s)

2019-07-09 18:38:54 - [MESSAGE][PASSED] - Delayed 2 second(s)

2019-07-09 18:38:54 - [TEST_STEP][PASSED] - setText(findTestObject("APOLLO- Desktop/Customer Information page/Last name"), "kompelly"): Text 'kompelly' is set on object 'Object Repository/APOLLO- Desktop/Customer Information page/Last name'

2019-07-09 18:38:56 - [MESSAGE][PASSED] - Text 'kompelly' is set on object 'Object Repository/APOLLO- Desktop/Customer Information page/Last name'

2019-07-09 18:38:56 - [TEST_STEP][PASSED] - delay(2): Delayed 2 second(s)

2019-07-09 18:38:58 - [MESSAGE][PASSED] - Delayed 2 second(s)

2019-07-09 18:38:58 - [TEST_STEP][PASSED] - setText(findTestObject("APOLLO- Desktop/Customer Information page/Address"), "1435 st alxendre"): Text '1435 st alxendre' is set on object 'Object Repository/APOLLO- Desktop/Customer Information page/Address'

2019-07-09 18:39:00 - [MESSAGE][PASSED] - Text '1435 st alxendre' is set on object 'Object Repository/APOLLO- Desktop/Customer Information page/Address'

2019-07-09 18:39:00 - [TEST_STEP][PASSED] - setText(findTestObject("APOLLO- Desktop/Customer Information page/Apartment"), "220"): Text '220' is set on object 'Object Repository/APOLLO- Desktop/Customer Information page/Apartment'

2019-07-09 18:39:01 - [MESSAGE][PASSED] - Text '220' is set on object 'Object Repository/APOLLO- Desktop/Customer Information page/Apartment'

2019-07-09 18:39:01 - [TEST_STEP][PASSED] - setText(findTestObject("APOLLO- Desktop/Customer Information page/City"), "montreal"): Text 'montreal' is set on object 'Object Repository/APOLLO- Desktop/Customer Information page/City'

2019-07-09 18:39:02 - [MESSAGE][PASSED] - Text 'montreal' is set on object 'Object Repository/APOLLO- Desktop/Customer Information page/City'

2019-07-09 18:39:02 - [TEST_STEP][PASSED] - selectOptionByValue(findTestObject("APOLLO- Desktop/Customer Information page/Country dropdown"), "United States", true): All options with value 'United States' are selected in object 'Object Repository/APOLLO- Desktop/Customer Information page/Country dropdown'  using regular expression

2019-07-09 18:39:45 - [MESSAGE][PASSED] - All options with value 'United States' are selected in object 'Object Repository/APOLLO- Desktop/Customer Information page/Country dropdown'  using regular expression

2019-07-09 18:39:45 - [TEST_STEP][PASSED] - selectOptionByValue(findTestObject("APOLLO- Desktop/Customer Information page/states dropdown"), "NJ", true): All options with value 'NJ' are selected in object 'Object Repository/APOLLO- Desktop/Customer Information page/states dropdown'  using regular expression

2019-07-09 18:39:54 - [MESSAGE][PASSED] - All options with value 'NJ' are selected in object 'Object Repository/APOLLO- Desktop/Customer Information page/states dropdown'  using regular expression

2019-07-09 18:39:54 - [TEST_STEP][PASSED] - setText(findTestObject("APOLLO- Desktop/Customer Information page/ZIP code"), "07057"): Text '07057' is set on object 'Object Repository/APOLLO- Desktop/Customer Information page/ZIP code'

2019-07-09 18:39:55 - [MESSAGE][PASSED] - Text '07057' is set on object 'Object Repository/APOLLO- Desktop/Customer Information page/ZIP code'

2019-07-09 18:39:55 - [MESSAGE][PASSED] - Call Test Case 'Test Cases/CALL- CUSTOMER INFO PAGE' successfully

2019-07-09 18:39:55 - [TEST_STEP][PASSED] - delay(2): Delayed 2 second(s)

2019-07-09 18:39:57 - [MESSAGE][PASSED] - Delayed 2 second(s)

2019-07-09 18:39:57 - [TEST_STEP][PASSED] - callTestCase(findTestCase("CALL - SHIPPING TO PAYMENT"), [:], STOP_ON_FAILURE): Call Test Case 'Test Cases/CALL - SHIPPING TO PAYMENT' successfully

2019-07-09 18:39:57 - [TEST_CASE][PASSED] - Test Cases/CALL - SHIPPING TO PAYMENT: Test Cases/CALL - SHIPPING TO PAYMENT

2019-07-09 18:39:57 - [TEST_STEP][PASSED] - click(findTestObject("APOLLO- Desktop/Customer Information page/Continue to shipping")): Object: 'Object Repository/APOLLO- Desktop/Customer Information page/Continue to shipping' is clicked on

2019-07-09 18:40:00 - [MESSAGE][PASSED] - Object: 'Object Repository/APOLLO- Desktop/Customer Information page/Continue to shipping' is clicked on

2019-07-09 18:40:00 - [TEST_STEP][PASSED] - executeJavaScript("var previewBar = document.getElementById("preview-bar-iframe"); previewBar.style.display = "none";", []): Execute JavaScript 'var previewBar = document.getElementById("preview-bar-iframe"); previewBar.style.display = "none";' successfully

2019-07-09 18:40:00 - [MESSAGE][PASSED] - Execute JavaScript 'var previewBar = document.getElementById("preview-bar-iframe"); previewBar.style.display = "none";' successfully

2019-07-09 18:40:00 - [TEST_STEP][PASSED] - click(findTestObject("APOLLO- Desktop/Shipping page/Radio button check")): Object: 'Object Repository/APOLLO- Desktop/Shipping page/Radio button check' is clicked on

2019-07-09 18:40:01 - [MESSAGE][PASSED] - Object: 'Object Repository/APOLLO- Desktop/Shipping page/Radio button check' is clicked on

2019-07-09 18:40:01 - [TEST_STEP][PASSED] - executeJavaScript("var previewBar = document.getElementById("preview-bar-iframe"); previewBar.style.display = "none";", []): Execute JavaScript 'var previewBar = document.getElementById("preview-bar-iframe"); previewBar.style.display = "none";' successfully

2019-07-09 18:40:02 - [MESSAGE][PASSED] - Execute JavaScript 'var previewBar = document.getElementById("preview-bar-iframe"); previewBar.style.display = "none";' successfully

2019-07-09 18:40:02 - [TEST_STEP][PASSED] - click(findTestObject("APOLLO- Desktop/Shipping page/Continue to payment")): Object: 'Object Repository/APOLLO- Desktop/Shipping page/Continue to payment' is clicked on

2019-07-09 18:40:05 - [MESSAGE][PASSED] - Object: 'Object Repository/APOLLO- Desktop/Shipping page/Continue to payment' is clicked on

2019-07-09 18:40:05 - [TEST_STEP][PASSED] - executeJavaScript("var previewBar = document.getElementById("preview-bar-iframe"); previewBar.style.display = "none";", []): Execute JavaScript 'var previewBar = document.getElementById("preview-bar-iframe"); previewBar.style.display = "none";' successfully

2019-07-09 18:40:05 - [MESSAGE][PASSED] - Execute JavaScript 'var previewBar = document.getElementById("preview-bar-iframe"); previewBar.style.display = "none";' successfully

2019-07-09 18:40:05 - [TEST_STEP][PASSED] - verifyTextPresent("Payment", false): Text 'Payment' is present on page 

2019-07-09 18:40:06 - [MESSAGE][PASSED] - Text 'Payment' is present on page 

2019-07-09 18:40:06 - [MESSAGE][PASSED] - Call Test Case 'Test Cases/CALL - SHIPPING TO PAYMENT' successfully]]></system-out>
         <system-err><![CDATA[]]></system-err>
      </testcase>
      <system-out><![CDATA[2019-07-09 17:52:16 - [TEST_SUITE][FAILED] - 0.5.5: Test Cases/HOME PAGE/Follow us FAILED.
Reason:
com.kms.katalon.core.exception.StepFailedException: Unable to click on object 'Object Repository/APOLLO- Desktop/Home page/Follow us/button-previous' (Root cause: org.openqa.selenium.ElementNotVisibleException: element not interactable
  (Session info: chrome=75.0.3770.80)
  (Driver info: chromedriver=75.0.3770.8 (681f24ea911fe754973dda2fdc6d2a2e159dd300-refs/branch-heads/3770@{#40}),platform=Windows NT 10.0.18362 x86_64) (WARNING: The server did not provide any stacktrace information)
Command duration or timeout: 67 milliseconds
Build info: version: '2.53.0', revision: '35ae25b', time: '2016-03-15 17:00:58'
System info: host: '207-254-11-0', ip: '207.254.11.0', os.name: 'windows', os.arch: 'x86', os.version: '10.0', java.version: '1.8.0_181'
Driver info: org.openqa.selenium.chrome.ChromeDriver
Capabilities [{mobileEmulationEnabled=false, timeouts={implicit=0, pageLoad=300000, script=30000}, hasTouchScreen=false, platform=XP, acceptSslCerts=false, goog:chromeOptions={debuggerAddress=localhost:1783}, acceptInsecureCerts=false, webStorageEnabled=true, browserName=chrome, takesScreenshot=true, javascriptEnabled=true, setWindowRect=true, unexpectedAlertBehaviour=ignore, applicationCacheEnabled=false, rotatable=false, networkConnectionEnabled=false, chrome={chromedriverVersion=75.0.3770.8 (681f24ea911fe754973dda2fdc6d2a2e159dd300-refs/branch-heads/3770@{#40}), userDataDir=C:\Windows\proxy\scoped_dir9328_18684}, takesHeapSnapshot=true, pageLoadStrategy=normal, strictFileInteractability=false, databaseEnabled=false, handlesAlerts=true, version=75.0.3770.80, browserConnectionEnabled=false, proxy={}, nativeEvents=true, locationContextEnabled=true, cssSelectorsEnabled=true}]
Session ID: 8e725921466d1d6aa8f7775ad0151987
Command duration or timeout: 0 milliseconds)
	at com.kms.katalon.core.keyword.internal.KeywordMain.stepFailed(KeywordMain.groovy:36)
	at com.kms.katalon.core.webui.keyword.internal.WebUIKeywordMain.stepFailed(WebUIKeywordMain.groovy:65)
	at com.kms.katalon.core.webui.keyword.internal.WebUIKeywordMain.runKeyword(WebUIKeywordMain.groovy:27)
	at com.kms.katalon.core.webui.keyword.builtin.ClickKeyword.click(ClickKeyword.groovy:86)
	at com.kms.katalon.core.webui.keyword.builtin.ClickKeyword.execute(ClickKeyword.groovy:67)
	at com.kms.katalon.core.keyword.internal.KeywordExecutor.executeKeywordForPlatform(KeywordExecutor.groovy:53)
	at com.kms.katalon.core.webui.keyword.WebUiBuiltInKeywords.click(WebUiBuiltInKeywords.groovy:616)
	at com.kms.katalon.core.webui.keyword.WebUiBuiltInKeywords$click$3.call(Unknown Source)
	at Follow us.run(Follow us:40)
	at com.kms.katalon.core.main.ScriptEngine.run(ScriptEngine.java:194)
	at com.kms.katalon.core.main.ScriptEngine.runScriptAsRawText(ScriptEngine.java:119)
	at com.kms.katalon.core.main.TestCaseExecutor.runScript(TestCaseExecutor.java:328)
	at com.kms.katalon.core.main.TestCaseExecutor.doExecute(TestCaseExecutor.java:319)
	at com.kms.katalon.core.main.TestCaseExecutor.processExecutionPhase(TestCaseExecutor.java:298)
	at com.kms.katalon.core.main.TestCaseExecutor.accessMainPhase(TestCaseExecutor.java:290)
	at com.kms.katalon.core.main.TestCaseExecutor.execute(TestCaseExecutor.java:224)
	at com.kms.katalon.core.main.TestSuiteExecutor.accessTestCaseMainPhase(TestSuiteExecutor.java:129)
	at com.kms.katalon.core.main.TestSuiteExecutor.accessTestSuiteMainPhase(TestSuiteExecutor.java:112)
	at com.kms.katalon.core.main.TestSuiteExecutor.execute(TestSuiteExecutor.java:81)
	at com.kms.katalon.core.main.TestCaseMain.startTestSuite(TestCaseMain.java:149)
	at com.kms.katalon.core.main.TestCaseMain$startTestSuite$0.call(Unknown Source)
	at TempTestSuite1562709134358.run(TempTestSuite1562709134358.groovy:36)]]></system-out>
      <system-err><![CDATA[2019-07-09 17:52:16 - [TEST_SUITE][FAILED] - 0.5.5: Test Cases/HOME PAGE/Follow us FAILED.
Reason:
com.kms.katalon.core.exception.StepFailedException: Unable to click on object 'Object Repository/APOLLO- Desktop/Home page/Follow us/button-previous' (Root cause: org.openqa.selenium.ElementNotVisibleException: element not interactable
  (Session info: chrome=75.0.3770.80)
  (Driver info: chromedriver=75.0.3770.8 (681f24ea911fe754973dda2fdc6d2a2e159dd300-refs/branch-heads/3770@{#40}),platform=Windows NT 10.0.18362 x86_64) (WARNING: The server did not provide any stacktrace information)
Command duration or timeout: 67 milliseconds
Build info: version: '2.53.0', revision: '35ae25b', time: '2016-03-15 17:00:58'
System info: host: '207-254-11-0', ip: '207.254.11.0', os.name: 'windows', os.arch: 'x86', os.version: '10.0', java.version: '1.8.0_181'
Driver info: org.openqa.selenium.chrome.ChromeDriver
Capabilities [{mobileEmulationEnabled=false, timeouts={implicit=0, pageLoad=300000, script=30000}, hasTouchScreen=false, platform=XP, acceptSslCerts=false, goog:chromeOptions={debuggerAddress=localhost:1783}, acceptInsecureCerts=false, webStorageEnabled=true, browserName=chrome, takesScreenshot=true, javascriptEnabled=true, setWindowRect=true, unexpectedAlertBehaviour=ignore, applicationCacheEnabled=false, rotatable=false, networkConnectionEnabled=false, chrome={chromedriverVersion=75.0.3770.8 (681f24ea911fe754973dda2fdc6d2a2e159dd300-refs/branch-heads/3770@{#40}), userDataDir=C:\Windows\proxy\scoped_dir9328_18684}, takesHeapSnapshot=true, pageLoadStrategy=normal, strictFileInteractability=false, databaseEnabled=false, handlesAlerts=true, version=75.0.3770.80, browserConnectionEnabled=false, proxy={}, nativeEvents=true, locationContextEnabled=true, cssSelectorsEnabled=true}]
Session ID: 8e725921466d1d6aa8f7775ad0151987
Command duration or timeout: 0 milliseconds)
	at com.kms.katalon.core.keyword.internal.KeywordMain.stepFailed(KeywordMain.groovy:36)
	at com.kms.katalon.core.webui.keyword.internal.WebUIKeywordMain.stepFailed(WebUIKeywordMain.groovy:65)
	at com.kms.katalon.core.webui.keyword.internal.WebUIKeywordMain.runKeyword(WebUIKeywordMain.groovy:27)
	at com.kms.katalon.core.webui.keyword.builtin.ClickKeyword.click(ClickKeyword.groovy:86)
	at com.kms.katalon.core.webui.keyword.builtin.ClickKeyword.execute(ClickKeyword.groovy:67)
	at com.kms.katalon.core.keyword.internal.KeywordExecutor.executeKeywordForPlatform(KeywordExecutor.groovy:53)
	at com.kms.katalon.core.webui.keyword.WebUiBuiltInKeywords.click(WebUiBuiltInKeywords.groovy:616)
	at com.kms.katalon.core.webui.keyword.WebUiBuiltInKeywords$click$3.call(Unknown Source)
	at Follow us.run(Follow us:40)
	at com.kms.katalon.core.main.ScriptEngine.run(ScriptEngine.java:194)
	at com.kms.katalon.core.main.ScriptEngine.runScriptAsRawText(ScriptEngine.java:119)
	at com.kms.katalon.core.main.TestCaseExecutor.runScript(TestCaseExecutor.java:328)
	at com.kms.katalon.core.main.TestCaseExecutor.doExecute(TestCaseExecutor.java:319)
	at com.kms.katalon.core.main.TestCaseExecutor.processExecutionPhase(TestCaseExecutor.java:298)
	at com.kms.katalon.core.main.TestCaseExecutor.accessMainPhase(TestCaseExecutor.java:290)
	at com.kms.katalon.core.main.TestCaseExecutor.execute(TestCaseExecutor.java:224)
	at com.kms.katalon.core.main.TestSuiteExecutor.accessTestCaseMainPhase(TestSuiteExecutor.java:129)
	at com.kms.katalon.core.main.TestSuiteExecutor.accessTestSuiteMainPhase(TestSuiteExecutor.java:112)
	at com.kms.katalon.core.main.TestSuiteExecutor.execute(TestSuiteExecutor.java:81)
	at com.kms.katalon.core.main.TestCaseMain.startTestSuite(TestCaseMain.java:149)
	at com.kms.katalon.core.main.TestCaseMain$startTestSuite$0.call(Unknown Source)
	at TempTestSuite1562709134358.run(TempTestSuite1562709134358.groovy:36)]]></system-err>
   </testsuite>
</testsuites>
