<?xml version="1.0" encoding="UTF-8"?>
<testsuites name="0.5.5" time="1188" tests="16" failures="11" errors="0">
   <testsuite name="0.5.5" tests="16" failures="11" errors="0" time="1188" timestamp="2019-07-09 17:12:45" hostname="sumankompelly - 10.0.126.233" id="Test Suites/0.5.5">
      <properties>
[...]
</properties>
      <testcase name="Test Cases/COLLECTION PAGE/Sort" classname="Test Cases/COLLECTION PAGE/Sort" status="PASSED">
         <system-out><![CDATA[2019-07-09 17:12:45 - [TEST_CASE][PASSED] - Test Cases/COLLECTION PAGE/Sort: Test Cases/COLLECTION PAGE/Sort

2019-07-09 17:12:46 - [TEST_STEP][PASSED] - callTestCase(findTestCase("CALL - URL"), [:], STOP_ON_FAILURE): Call Test Case 'Test Cases/CALL - URL' successfully

2019-07-09 17:12:46 - [TEST_CASE][PASSED] - Test Cases/CALL - URL: Test Cases/CALL - URL

2019-07-09 17:12:46 - [TEST_STEP][PASSED] - openBrowser(""): Browser is opened with url: ''

2019-07-09 17:12:47 - [MESSAGE][INFO] - Starting 'Safari' driver

2019-07-09 17:12:47 - [MESSAGE][INFO] - Action delay is set to 0 seconds

2019-07-09 17:12:52 - [MESSAGE][PASSED] - Browser is opened with url: ''

2019-07-09 17:12:52 - [TEST_STEP][PASSED] - navigateToUrl("https://apollo-fireball.myshopify.com/?_ab=0&_fd=0&_sc=1&key=96c2edace7b9967f3a77c2e2b131937136039831e9ec35f31598610005fa8795&preview_theme_id=46803124304"): Navigate to 'https://apollo-fireball.myshopify.com/?_ab=0&_fd=0&_sc=1&key=96c2edace7b9967f3a77c2e2b131937136039831e9ec35f31598610005fa8795&preview_theme_id=46803124304' successfully

2019-07-09 17:12:56 - [MESSAGE][PASSED] - Navigate to 'https://apollo-fireball.myshopify.com/?_ab=0&_fd=0&_sc=1&key=96c2edace7b9967f3a77c2e2b131937136039831e9ec35f31598610005fa8795&preview_theme_id=46803124304' successfully

2019-07-09 17:12:56 - [TEST_STEP][PASSED] - executeJavaScript("var previewBar = document.getElementById("preview-bar-iframe"); previewBar.style.display = "none";", []): Execute JavaScript 'var previewBar = document.getElementById("preview-bar-iframe"); previewBar.style.display = "none";' successfully

2019-07-09 17:12:56 - [MESSAGE][PASSED] - Execute JavaScript 'var previewBar = document.getElementById("preview-bar-iframe"); previewBar.style.display = "none";' successfully

2019-07-09 17:12:56 - [TEST_STEP][PASSED] - maximizeWindow(): Current window maximized

2019-07-09 17:12:56 - [MESSAGE][PASSED] - Current window maximized

2019-07-09 17:12:56 - [MESSAGE][PASSED] - Call Test Case 'Test Cases/CALL - URL' successfully

2019-07-09 17:12:56 - [TEST_STEP][PASSED] - delay(2): Delayed 2 second(s)

2019-07-09 17:12:58 - [MESSAGE][PASSED] - Delayed 2 second(s)

2019-07-09 17:12:58 - [TEST_STEP][PASSED] - click(findTestObject("APOLLO- Desktop/Burger Menu/Burgermenu")): Object: 'Object Repository/APOLLO- Desktop/Burger Menu/Burgermenu' is clicked on

2019-07-09 17:13:06 - [MESSAGE][PASSED] - Object: 'Object Repository/APOLLO- Desktop/Burger Menu/Burgermenu' is clicked on

2019-07-09 17:13:06 - [TEST_STEP][PASSED] - delay(2): Delayed 2 second(s)

2019-07-09 17:13:08 - [MESSAGE][PASSED] - Delayed 2 second(s)

2019-07-09 17:13:08 - [TEST_STEP][PASSED] - click(findTestObject("APOLLO- Desktop/Burger Menu/Shop food")): Object: 'Object Repository/APOLLO- Desktop/Burger Menu/Shop food' is clicked on

2019-07-09 17:13:08 - [MESSAGE][PASSED] - Object: 'Object Repository/APOLLO- Desktop/Burger Menu/Shop food' is clicked on

2019-07-09 17:13:08 - [TEST_STEP][PASSED] - delay(2): Delayed 2 second(s)

2019-07-09 17:13:10 - [MESSAGE][PASSED] - Delayed 2 second(s)

2019-07-09 17:13:10 - [TEST_STEP][PASSED] - click(findTestObject("APOLLO- Desktop/Burger Menu/Beef")): Object: 'Object Repository/APOLLO- Desktop/Burger Menu/Beef' is clicked on

2019-07-09 17:13:10 - [MESSAGE][PASSED] - Object: 'Object Repository/APOLLO- Desktop/Burger Menu/Beef' is clicked on

2019-07-09 17:13:10 - [TEST_STEP][PASSED] - delay(2): Delayed 2 second(s)

2019-07-09 17:13:12 - [MESSAGE][PASSED] - Delayed 2 second(s)

2019-07-09 17:13:12 - [TEST_STEP][PASSED] - executeJavaScript("var previewBar = document.getElementById("preview-bar-iframe"); previewBar.style.display = "none";", []): Execute JavaScript 'var previewBar = document.getElementById("preview-bar-iframe"); previewBar.style.display = "none";' successfully

2019-07-09 17:13:12 - [MESSAGE][PASSED] - Execute JavaScript 'var previewBar = document.getElementById("preview-bar-iframe"); previewBar.style.display = "none";' successfully

2019-07-09 17:13:12 - [TEST_STEP][PASSED] - delay(2): Delayed 2 second(s)

2019-07-09 17:13:14 - [MESSAGE][PASSED] - Delayed 2 second(s)

2019-07-09 17:13:14 - [TEST_STEP][NOT_RUN] - click(findTestObject("APOLLO- Desktop/Collection page/Beef skewers")): NOT_RUN: click(findTestObject("APOLLO- Desktop/Collection page/Beef skewers"))

2019-07-09 17:13:14 - [MESSAGE][NOT_RUN] - NOT_RUN: click(findTestObject("APOLLO- Desktop/Collection page/Beef skewers"))

2019-07-09 17:13:14 - [TEST_STEP][NOT_RUN] - executeJavaScript("var previewBar = document.getElementById("preview-bar-iframe"); previewBar.style.display = "none";", []): NOT_RUN: executeJavaScript("var previewBar = document.getElementById("preview-bar-iframe"); previewBar.style.display = "none";", [])

2019-07-09 17:13:14 - [MESSAGE][NOT_RUN] - NOT_RUN: executeJavaScript("var previewBar = document.getElementById("preview-bar-iframe"); previewBar.style.display = "none";", [])

2019-07-09 17:13:14 - [TEST_STEP][NOT_RUN] - delay(2): NOT_RUN: delay(2)

2019-07-09 17:13:14 - [MESSAGE][NOT_RUN] - NOT_RUN: delay(2)

2019-07-09 17:13:14 - [TEST_STEP][NOT_RUN] - delay(2): NOT_RUN: delay(2)

2019-07-09 17:13:14 - [MESSAGE][NOT_RUN] - NOT_RUN: delay(2)

2019-07-09 17:13:14 - [TEST_STEP][NOT_RUN] - click(findTestObject("APOLLO- Desktop/Burger Menu/Shop food")): NOT_RUN: click(findTestObject("APOLLO- Desktop/Burger Menu/Shop food"))

2019-07-09 17:13:14 - [MESSAGE][NOT_RUN] - NOT_RUN: click(findTestObject("APOLLO- Desktop/Burger Menu/Shop food"))

2019-07-09 17:13:14 - [TEST_STEP][NOT_RUN] - delay(2): NOT_RUN: delay(2)

2019-07-09 17:13:14 - [MESSAGE][NOT_RUN] - NOT_RUN: delay(2)

2019-07-09 17:13:14 - [TEST_STEP][NOT_RUN] - click(findTestObject("APOLLO- Desktop/Burger Menu/Beef")): NOT_RUN: click(findTestObject("APOLLO- Desktop/Burger Menu/Beef"))

2019-07-09 17:13:14 - [MESSAGE][NOT_RUN] - NOT_RUN: click(findTestObject("APOLLO- Desktop/Burger Menu/Beef"))

2019-07-09 17:13:14 - [TEST_STEP][NOT_RUN] - delay(2): NOT_RUN: delay(2)

2019-07-09 17:13:14 - [MESSAGE][NOT_RUN] - NOT_RUN: delay(2)

2019-07-09 17:13:14 - [TEST_STEP][NOT_RUN] - click(findTestObject("APOLLO- Desktop/Burger Menu/Shirts link")): NOT_RUN: click(findTestObject("APOLLO- Desktop/Burger Menu/Shirts link"))

2019-07-09 17:13:14 - [MESSAGE][NOT_RUN] - NOT_RUN: click(findTestObject("APOLLO- Desktop/Burger Menu/Shirts link"))

2019-07-09 17:13:14 - [TEST_STEP][NOT_RUN] - executeJavaScript("var previewBar = document.getElementById("preview-bar-iframe"); previewBar.style.display = "none";", []): NOT_RUN: executeJavaScript("var previewBar = document.getElementById("preview-bar-iframe"); previewBar.style.display = "none";", [])

2019-07-09 17:13:14 - [MESSAGE][NOT_RUN] - NOT_RUN: executeJavaScript("var previewBar = document.getElementById("preview-bar-iframe"); previewBar.style.display = "none";", [])

2019-07-09 17:13:14 - [TEST_STEP][NOT_RUN] - delay(2): NOT_RUN: delay(2)

2019-07-09 17:13:14 - [MESSAGE][NOT_RUN] - NOT_RUN: delay(2)

2019-07-09 17:13:14 - [TEST_STEP][NOT_RUN] - executeJavaScript("var previewBar = document.getElementById("preview-bar-iframe"); previewBar.style.display = "none";", []): NOT_RUN: executeJavaScript("var previewBar = document.getElementById("preview-bar-iframe"); previewBar.style.display = "none";", [])

2019-07-09 17:13:14 - [MESSAGE][NOT_RUN] - NOT_RUN: executeJavaScript("var previewBar = document.getElementById("preview-bar-iframe"); previewBar.style.display = "none";", [])

2019-07-09 17:13:14 - [TEST_STEP][NOT_RUN] - delay(2): NOT_RUN: delay(2)

2019-07-09 17:13:14 - [MESSAGE][NOT_RUN] - NOT_RUN: delay(2)

2019-07-09 17:13:14 - [TEST_STEP][PASSED] - click(findTestObject("APOLLO- Desktop/Collection page/sort/Filter dropdown")): Object: 'Object Repository/APOLLO- Desktop/Collection page/sort/Filter dropdown' is clicked on

2019-07-09 17:13:16 - [MESSAGE][PASSED] - Object: 'Object Repository/APOLLO- Desktop/Collection page/sort/Filter dropdown' is clicked on

2019-07-09 17:13:16 - [TEST_STEP][PASSED] - delay(2): Delayed 2 second(s)

2019-07-09 17:13:18 - [MESSAGE][PASSED] - Delayed 2 second(s)

2019-07-09 17:13:18 - [TEST_STEP][PASSED] - click(findTestObject("APOLLO- Desktop/Collection page/sort/Featured")): Object: 'Object Repository/APOLLO- Desktop/Collection page/sort/Featured' is clicked on

2019-07-09 17:13:18 - [MESSAGE][PASSED] - Object: 'Object Repository/APOLLO- Desktop/Collection page/sort/Featured' is clicked on

2019-07-09 17:13:18 - [TEST_STEP][PASSED] - delay(2): Delayed 2 second(s)

2019-07-09 17:13:20 - [MESSAGE][PASSED] - Delayed 2 second(s)

2019-07-09 17:13:20 - [TEST_STEP][PASSED] - click(findTestObject("APOLLO- Desktop/Collection page/sort/Filter dropdown")): Object: 'Object Repository/APOLLO- Desktop/Collection page/sort/Filter dropdown' is clicked on

2019-07-09 17:13:20 - [MESSAGE][PASSED] - Object: 'Object Repository/APOLLO- Desktop/Collection page/sort/Filter dropdown' is clicked on

2019-07-09 17:13:20 - [TEST_STEP][PASSED] - delay(2): Delayed 2 second(s)

2019-07-09 17:13:22 - [MESSAGE][PASSED] - Delayed 2 second(s)

2019-07-09 17:13:22 - [TEST_STEP][PASSED] - takeScreenshot(): Taking screenshot successfully

2019-07-09 17:13:22 - [MESSAGE][PASSED] - Taking screenshot successfully
[[ATTACHMENT|/Users/sumankompelly/Katalon Studio/APOLLO - FIRE/APOLLO - FIRE- DESKTOP/Reports/0.5.5/20190709_171243/1562706802359.png]]

2019-07-09 17:13:22 - [TEST_STEP][PASSED] - delay(2): Delayed 2 second(s)

2019-07-09 17:13:24 - [MESSAGE][PASSED] - Delayed 2 second(s)

2019-07-09 17:13:24 - [TEST_STEP][PASSED] - click(findTestObject("APOLLO- Desktop/Collection page/sort/Filter dropdown")): Object: 'Object Repository/APOLLO- Desktop/Collection page/sort/Filter dropdown' is clicked on

2019-07-09 17:13:24 - [MESSAGE][PASSED] - Object: 'Object Repository/APOLLO- Desktop/Collection page/sort/Filter dropdown' is clicked on

2019-07-09 17:13:24 - [TEST_STEP][PASSED] - delay(2): Delayed 2 second(s)

2019-07-09 17:13:26 - [MESSAGE][PASSED] - Delayed 2 second(s)

2019-07-09 17:13:26 - [TEST_STEP][PASSED] - click(findTestObject("APOLLO- Desktop/Collection page/sort/Best selling")): Object: 'Object Repository/APOLLO- Desktop/Collection page/sort/Best selling' is clicked on

2019-07-09 17:13:26 - [MESSAGE][PASSED] - Object: 'Object Repository/APOLLO- Desktop/Collection page/sort/Best selling' is clicked on

2019-07-09 17:13:26 - [TEST_STEP][PASSED] - delay(2): Delayed 2 second(s)

2019-07-09 17:13:28 - [MESSAGE][PASSED] - Delayed 2 second(s)

2019-07-09 17:13:28 - [TEST_STEP][PASSED] - click(findTestObject("APOLLO- Desktop/Collection page/sort/Filter dropdown")): Object: 'Object Repository/APOLLO- Desktop/Collection page/sort/Filter dropdown' is clicked on

2019-07-09 17:13:28 - [MESSAGE][PASSED] - Object: 'Object Repository/APOLLO- Desktop/Collection page/sort/Filter dropdown' is clicked on

2019-07-09 17:13:28 - [TEST_STEP][PASSED] - delay(2): Delayed 2 second(s)

2019-07-09 17:13:30 - [MESSAGE][PASSED] - Delayed 2 second(s)

2019-07-09 17:13:30 - [TEST_STEP][PASSED] - takeScreenshot(): Taking screenshot successfully

2019-07-09 17:13:31 - [MESSAGE][PASSED] - Taking screenshot successfully
[[ATTACHMENT|/Users/sumankompelly/Katalon Studio/APOLLO - FIRE/APOLLO - FIRE- DESKTOP/Reports/0.5.5/20190709_171243/1562706810894.png]]

2019-07-09 17:13:31 - [TEST_STEP][PASSED] - delay(2): Delayed 2 second(s)

2019-07-09 17:13:33 - [MESSAGE][PASSED] - Delayed 2 second(s)

2019-07-09 17:13:33 - [TEST_STEP][PASSED] - click(findTestObject("APOLLO- Desktop/Collection page/sort/Filter dropdown")): Object: 'Object Repository/APOLLO- Desktop/Collection page/sort/Filter dropdown' is clicked on

2019-07-09 17:13:33 - [MESSAGE][PASSED] - Object: 'Object Repository/APOLLO- Desktop/Collection page/sort/Filter dropdown' is clicked on

2019-07-09 17:13:33 - [TEST_STEP][PASSED] - delay(2): Delayed 2 second(s)

2019-07-09 17:13:35 - [MESSAGE][PASSED] - Delayed 2 second(s)

2019-07-09 17:13:35 - [TEST_STEP][PASSED] - click(findTestObject("APOLLO- Desktop/Collection page/sort/Alphabetically A-Z")): Object: 'Object Repository/APOLLO- Desktop/Collection page/sort/Alphabetically A-Z' is clicked on

2019-07-09 17:13:35 - [MESSAGE][PASSED] - Object: 'Object Repository/APOLLO- Desktop/Collection page/sort/Alphabetically A-Z' is clicked on

2019-07-09 17:13:35 - [TEST_STEP][PASSED] - delay(2): Delayed 2 second(s)

2019-07-09 17:13:37 - [MESSAGE][PASSED] - Delayed 2 second(s)

2019-07-09 17:13:37 - [TEST_STEP][PASSED] - click(findTestObject("APOLLO- Desktop/Collection page/sort/Filter dropdown")): Object: 'Object Repository/APOLLO- Desktop/Collection page/sort/Filter dropdown' is clicked on

2019-07-09 17:13:37 - [MESSAGE][PASSED] - Object: 'Object Repository/APOLLO- Desktop/Collection page/sort/Filter dropdown' is clicked on

2019-07-09 17:13:37 - [TEST_STEP][PASSED] - delay(2): Delayed 2 second(s)

2019-07-09 17:13:39 - [MESSAGE][PASSED] - Delayed 2 second(s)

2019-07-09 17:13:39 - [TEST_STEP][PASSED] - takeScreenshot(): Taking screenshot successfully

2019-07-09 17:13:39 - [MESSAGE][PASSED] - Taking screenshot successfully
[[ATTACHMENT|/Users/sumankompelly/Katalon Studio/APOLLO - FIRE/APOLLO - FIRE- DESKTOP/Reports/0.5.5/20190709_171243/1562706819303.png]]

2019-07-09 17:13:39 - [TEST_STEP][PASSED] - delay(2): Delayed 2 second(s)

2019-07-09 17:13:41 - [MESSAGE][PASSED] - Delayed 2 second(s)

2019-07-09 17:13:41 - [TEST_STEP][PASSED] - click(findTestObject("APOLLO- Desktop/Collection page/sort/Filter dropdown")): Object: 'Object Repository/APOLLO- Desktop/Collection page/sort/Filter dropdown' is clicked on

2019-07-09 17:13:41 - [MESSAGE][PASSED] - Object: 'Object Repository/APOLLO- Desktop/Collection page/sort/Filter dropdown' is clicked on

2019-07-09 17:13:41 - [TEST_STEP][PASSED] - delay(2): Delayed 2 second(s)

2019-07-09 17:13:43 - [MESSAGE][PASSED] - Delayed 2 second(s)

2019-07-09 17:13:43 - [TEST_STEP][PASSED] - click(findTestObject("APOLLO- Desktop/Collection page/sort/Alphabetically Z-A")): Object: 'Object Repository/APOLLO- Desktop/Collection page/sort/Alphabetically Z-A' is clicked on

2019-07-09 17:13:43 - [MESSAGE][PASSED] - Object: 'Object Repository/APOLLO- Desktop/Collection page/sort/Alphabetically Z-A' is clicked on

2019-07-09 17:13:43 - [TEST_STEP][PASSED] - delay(2): Delayed 2 second(s)

2019-07-09 17:13:45 - [MESSAGE][PASSED] - Delayed 2 second(s)

2019-07-09 17:13:45 - [TEST_STEP][PASSED] - click(findTestObject("APOLLO- Desktop/Collection page/sort/Filter dropdown")): Object: 'Object Repository/APOLLO- Desktop/Collection page/sort/Filter dropdown' is clicked on

2019-07-09 17:13:45 - [MESSAGE][PASSED] - Object: 'Object Repository/APOLLO- Desktop/Collection page/sort/Filter dropdown' is clicked on

2019-07-09 17:13:45 - [TEST_STEP][PASSED] - delay(2): Delayed 2 second(s)

2019-07-09 17:13:47 - [MESSAGE][PASSED] - Delayed 2 second(s)

2019-07-09 17:13:47 - [TEST_STEP][PASSED] - takeScreenshot(): Taking screenshot successfully

2019-07-09 17:13:47 - [MESSAGE][PASSED] - Taking screenshot successfully
[[ATTACHMENT|/Users/sumankompelly/Katalon Studio/APOLLO - FIRE/APOLLO - FIRE- DESKTOP/Reports/0.5.5/20190709_171243/1562706827716.png]]

2019-07-09 17:13:47 - [TEST_STEP][PASSED] - delay(2): Delayed 2 second(s)

2019-07-09 17:13:49 - [MESSAGE][PASSED] - Delayed 2 second(s)

2019-07-09 17:13:49 - [TEST_STEP][PASSED] - click(findTestObject("APOLLO- Desktop/Collection page/sort/Filter dropdown")): Object: 'Object Repository/APOLLO- Desktop/Collection page/sort/Filter dropdown' is clicked on

2019-07-09 17:13:50 - [MESSAGE][PASSED] - Object: 'Object Repository/APOLLO- Desktop/Collection page/sort/Filter dropdown' is clicked on

2019-07-09 17:13:50 - [TEST_STEP][PASSED] - delay(2): Delayed 2 second(s)

2019-07-09 17:13:52 - [MESSAGE][PASSED] - Delayed 2 second(s)

2019-07-09 17:13:52 - [TEST_STEP][PASSED] - click(findTestObject("APOLLO- Desktop/Collection page/sort/Price-Low to high")): Object: 'Object Repository/APOLLO- Desktop/Collection page/sort/Price-Low to high' is clicked on

2019-07-09 17:13:52 - [MESSAGE][PASSED] - Object: 'Object Repository/APOLLO- Desktop/Collection page/sort/Price-Low to high' is clicked on

2019-07-09 17:13:52 - [TEST_STEP][PASSED] - delay(2): Delayed 2 second(s)

2019-07-09 17:13:54 - [MESSAGE][PASSED] - Delayed 2 second(s)

2019-07-09 17:13:54 - [TEST_STEP][PASSED] - click(findTestObject("APOLLO- Desktop/Collection page/sort/Filter dropdown")): Object: 'Object Repository/APOLLO- Desktop/Collection page/sort/Filter dropdown' is clicked on

2019-07-09 17:13:54 - [MESSAGE][PASSED] - Object: 'Object Repository/APOLLO- Desktop/Collection page/sort/Filter dropdown' is clicked on

2019-07-09 17:13:54 - [TEST_STEP][PASSED] - delay(2): Delayed 2 second(s)

2019-07-09 17:13:56 - [MESSAGE][PASSED] - Delayed 2 second(s)

2019-07-09 17:13:56 - [TEST_STEP][PASSED] - takeScreenshot(): Taking screenshot successfully

2019-07-09 17:13:56 - [MESSAGE][PASSED] - Taking screenshot successfully
[[ATTACHMENT|/Users/sumankompelly/Katalon Studio/APOLLO - FIRE/APOLLO - FIRE- DESKTOP/Reports/0.5.5/20190709_171243/1562706836142.png]]

2019-07-09 17:13:56 - [TEST_STEP][PASSED] - delay(2): Delayed 2 second(s)

2019-07-09 17:13:58 - [MESSAGE][PASSED] - Delayed 2 second(s)

2019-07-09 17:13:58 - [TEST_STEP][PASSED] - click(findTestObject("APOLLO- Desktop/Collection page/sort/Filter dropdown")): Object: 'Object Repository/APOLLO- Desktop/Collection page/sort/Filter dropdown' is clicked on

2019-07-09 17:13:58 - [MESSAGE][PASSED] - Object: 'Object Repository/APOLLO- Desktop/Collection page/sort/Filter dropdown' is clicked on

2019-07-09 17:13:58 - [TEST_STEP][PASSED] - delay(2): Delayed 2 second(s)

2019-07-09 17:14:00 - [MESSAGE][PASSED] - Delayed 2 second(s)

2019-07-09 17:14:00 - [TEST_STEP][PASSED] - click(findTestObject("APOLLO- Desktop/Collection page/sort/price-High to low")): Object: 'Object Repository/APOLLO- Desktop/Collection page/sort/price-High to low' is clicked on

2019-07-09 17:14:00 - [MESSAGE][PASSED] - Object: 'Object Repository/APOLLO- Desktop/Collection page/sort/price-High to low' is clicked on

2019-07-09 17:14:00 - [TEST_STEP][PASSED] - delay(2): Delayed 2 second(s)

2019-07-09 17:14:02 - [MESSAGE][PASSED] - Delayed 2 second(s)

2019-07-09 17:14:02 - [TEST_STEP][PASSED] - click(findTestObject("APOLLO- Desktop/Collection page/sort/Filter dropdown")): Object: 'Object Repository/APOLLO- Desktop/Collection page/sort/Filter dropdown' is clicked on

2019-07-09 17:14:02 - [MESSAGE][PASSED] - Object: 'Object Repository/APOLLO- Desktop/Collection page/sort/Filter dropdown' is clicked on

2019-07-09 17:14:02 - [TEST_STEP][PASSED] - delay(2): Delayed 2 second(s)

2019-07-09 17:14:04 - [MESSAGE][PASSED] - Delayed 2 second(s)

2019-07-09 17:14:04 - [TEST_STEP][PASSED] - takeScreenshot(): Taking screenshot successfully

2019-07-09 17:14:04 - [MESSAGE][PASSED] - Taking screenshot successfully
[[ATTACHMENT|/Users/sumankompelly/Katalon Studio/APOLLO - FIRE/APOLLO - FIRE- DESKTOP/Reports/0.5.5/20190709_171243/1562706844474.png]]

2019-07-09 17:14:04 - [TEST_STEP][PASSED] - delay(2): Delayed 2 second(s)

2019-07-09 17:14:06 - [MESSAGE][PASSED] - Delayed 2 second(s)

2019-07-09 17:14:06 - [TEST_STEP][PASSED] - click(findTestObject("APOLLO- Desktop/Collection page/sort/Filter dropdown")): Object: 'Object Repository/APOLLO- Desktop/Collection page/sort/Filter dropdown' is clicked on

2019-07-09 17:14:06 - [MESSAGE][PASSED] - Object: 'Object Repository/APOLLO- Desktop/Collection page/sort/Filter dropdown' is clicked on

2019-07-09 17:14:06 - [TEST_STEP][PASSED] - delay(2): Delayed 2 second(s)

2019-07-09 17:14:08 - [MESSAGE][PASSED] - Delayed 2 second(s)

2019-07-09 17:14:08 - [TEST_STEP][PASSED] - click(findTestObject("APOLLO- Desktop/Collection page/sort/Date - old to new")): Object: 'Object Repository/APOLLO- Desktop/Collection page/sort/Date - old to new' is clicked on

2019-07-09 17:14:08 - [MESSAGE][PASSED] - Object: 'Object Repository/APOLLO- Desktop/Collection page/sort/Date - old to new' is clicked on

2019-07-09 17:14:08 - [TEST_STEP][PASSED] - delay(3): Delayed 3 second(s)

2019-07-09 17:14:11 - [MESSAGE][PASSED] - Delayed 3 second(s)

2019-07-09 17:14:11 - [TEST_STEP][PASSED] - click(findTestObject("APOLLO- Desktop/Collection page/sort/Filter dropdown")): Object: 'Object Repository/APOLLO- Desktop/Collection page/sort/Filter dropdown' is clicked on

2019-07-09 17:14:11 - [MESSAGE][PASSED] - Object: 'Object Repository/APOLLO- Desktop/Collection page/sort/Filter dropdown' is clicked on

2019-07-09 17:14:11 - [TEST_STEP][PASSED] - delay(2): Delayed 2 second(s)

2019-07-09 17:14:13 - [MESSAGE][PASSED] - Delayed 2 second(s)

2019-07-09 17:14:13 - [TEST_STEP][PASSED] - takeScreenshot(): Taking screenshot successfully

2019-07-09 17:14:14 - [MESSAGE][PASSED] - Taking screenshot successfully
[[ATTACHMENT|/Users/sumankompelly/Katalon Studio/APOLLO - FIRE/APOLLO - FIRE- DESKTOP/Reports/0.5.5/20190709_171243/1562706853827.png]]

2019-07-09 17:14:14 - [TEST_STEP][PASSED] - delay(2): Delayed 2 second(s)

2019-07-09 17:14:16 - [MESSAGE][PASSED] - Delayed 2 second(s)

2019-07-09 17:14:16 - [TEST_STEP][PASSED] - click(findTestObject("APOLLO- Desktop/Collection page/sort/Filter dropdown")): Object: 'Object Repository/APOLLO- Desktop/Collection page/sort/Filter dropdown' is clicked on

2019-07-09 17:14:16 - [MESSAGE][PASSED] - Object: 'Object Repository/APOLLO- Desktop/Collection page/sort/Filter dropdown' is clicked on

2019-07-09 17:14:16 - [TEST_STEP][PASSED] - delay(2): Delayed 2 second(s)

2019-07-09 17:14:18 - [MESSAGE][PASSED] - Delayed 2 second(s)

2019-07-09 17:14:18 - [TEST_STEP][PASSED] - click(findTestObject("APOLLO- Desktop/Collection page/sort/Date- new to old")): Object: 'Object Repository/APOLLO- Desktop/Collection page/sort/Date- new to old' is clicked on

2019-07-09 17:14:18 - [MESSAGE][PASSED] - Object: 'Object Repository/APOLLO- Desktop/Collection page/sort/Date- new to old' is clicked on

2019-07-09 17:14:18 - [TEST_STEP][PASSED] - delay(2): Delayed 2 second(s)

2019-07-09 17:14:20 - [MESSAGE][PASSED] - Delayed 2 second(s)

2019-07-09 17:14:20 - [TEST_STEP][PASSED] - click(findTestObject("APOLLO- Desktop/Collection page/sort/Filter dropdown")): Object: 'Object Repository/APOLLO- Desktop/Collection page/sort/Filter dropdown' is clicked on

2019-07-09 17:14:20 - [MESSAGE][PASSED] - Object: 'Object Repository/APOLLO- Desktop/Collection page/sort/Filter dropdown' is clicked on

2019-07-09 17:14:20 - [TEST_STEP][PASSED] - takeScreenshot(): Taking screenshot successfully

2019-07-09 17:14:20 - [MESSAGE][PASSED] - Taking screenshot successfully
[[ATTACHMENT|/Users/sumankompelly/Katalon Studio/APOLLO - FIRE/APOLLO - FIRE- DESKTOP/Reports/0.5.5/20190709_171243/1562706860166.png]]

2019-07-09 17:14:20 - [TEST_STEP][PASSED] - delay(2): Delayed 2 second(s)

2019-07-09 17:14:22 - [MESSAGE][PASSED] - Delayed 2 second(s)]]></system-out>
         <system-err><![CDATA[]]></system-err>
      </testcase>
      <testcase name="Test Cases/COLLECTION PAGE/Prouducts layout style" classname="Test Cases/COLLECTION PAGE/Prouducts layout style" status="PASSED">
         <system-out><![CDATA[2019-07-09 17:14:22 - [TEST_CASE][PASSED] - Test Cases/COLLECTION PAGE/Prouducts layout style: Test Cases/COLLECTION PAGE/Prouducts layout style

2019-07-09 17:14:22 - [TEST_STEP][PASSED] - callTestCase(findTestCase("CALL - URL"), [:], STOP_ON_FAILURE): Call Test Case 'Test Cases/CALL - URL' successfully

2019-07-09 17:14:22 - [TEST_CASE][PASSED] - Test Cases/CALL - URL: Test Cases/CALL - URL

2019-07-09 17:14:22 - [TEST_STEP][PASSED] - openBrowser(""): Browser is opened with url: ''

2019-07-09 17:14:22 - [MESSAGE][WARNING] - A browser is already opened. Closing browser and opening a new one

2019-07-09 17:14:22 - [MESSAGE][INFO] - Starting 'Safari' driver

2019-07-09 17:14:23 - [MESSAGE][PASSED] - Browser is opened with url: ''

2019-07-09 17:14:23 - [TEST_STEP][PASSED] - navigateToUrl("https://apollo-fireball.myshopify.com/?_ab=0&_fd=0&_sc=1&key=96c2edace7b9967f3a77c2e2b131937136039831e9ec35f31598610005fa8795&preview_theme_id=46803124304"): Navigate to 'https://apollo-fireball.myshopify.com/?_ab=0&_fd=0&_sc=1&key=96c2edace7b9967f3a77c2e2b131937136039831e9ec35f31598610005fa8795&preview_theme_id=46803124304' successfully

2019-07-09 17:14:25 - [MESSAGE][PASSED] - Navigate to 'https://apollo-fireball.myshopify.com/?_ab=0&_fd=0&_sc=1&key=96c2edace7b9967f3a77c2e2b131937136039831e9ec35f31598610005fa8795&preview_theme_id=46803124304' successfully

2019-07-09 17:14:25 - [TEST_STEP][PASSED] - executeJavaScript("var previewBar = document.getElementById("preview-bar-iframe"); previewBar.style.display = "none";", []): Execute JavaScript 'var previewBar = document.getElementById("preview-bar-iframe"); previewBar.style.display = "none";' successfully

2019-07-09 17:14:25 - [MESSAGE][PASSED] - Execute JavaScript 'var previewBar = document.getElementById("preview-bar-iframe"); previewBar.style.display = "none";' successfully

2019-07-09 17:14:25 - [TEST_STEP][PASSED] - maximizeWindow(): Current window maximized

2019-07-09 17:14:25 - [MESSAGE][PASSED] - Current window maximized

2019-07-09 17:14:25 - [MESSAGE][PASSED] - Call Test Case 'Test Cases/CALL - URL' successfully

2019-07-09 17:14:25 - [TEST_STEP][PASSED] - delay(2): Delayed 2 second(s)

2019-07-09 17:14:27 - [MESSAGE][PASSED] - Delayed 2 second(s)

2019-07-09 17:14:27 - [TEST_STEP][PASSED] - click(findTestObject("APOLLO- Desktop/Burger Menu/Burgermenu")): Object: 'Object Repository/APOLLO- Desktop/Burger Menu/Burgermenu' is clicked on

2019-07-09 17:14:27 - [MESSAGE][PASSED] - Object: 'Object Repository/APOLLO- Desktop/Burger Menu/Burgermenu' is clicked on

2019-07-09 17:14:27 - [TEST_STEP][PASSED] - delay(2): Delayed 2 second(s)

2019-07-09 17:14:29 - [MESSAGE][PASSED] - Delayed 2 second(s)

2019-07-09 17:14:29 - [TEST_STEP][PASSED] - click(findTestObject("APOLLO- Desktop/Burger Menu/Shop food")): Object: 'Object Repository/APOLLO- Desktop/Burger Menu/Shop food' is clicked on

2019-07-09 17:14:29 - [MESSAGE][PASSED] - Object: 'Object Repository/APOLLO- Desktop/Burger Menu/Shop food' is clicked on

2019-07-09 17:14:29 - [TEST_STEP][PASSED] - delay(2): Delayed 2 second(s)

2019-07-09 17:14:31 - [MESSAGE][PASSED] - Delayed 2 second(s)

2019-07-09 17:14:31 - [TEST_STEP][PASSED] - click(findTestObject("APOLLO- Desktop/Burger Menu/Beef")): Object: 'Object Repository/APOLLO- Desktop/Burger Menu/Beef' is clicked on

2019-07-09 17:14:31 - [MESSAGE][PASSED] - Object: 'Object Repository/APOLLO- Desktop/Burger Menu/Beef' is clicked on

2019-07-09 17:14:31 - [TEST_STEP][PASSED] - delay(2): Delayed 2 second(s)

2019-07-09 17:14:33 - [MESSAGE][PASSED] - Delayed 2 second(s)

2019-07-09 17:14:33 - [TEST_STEP][PASSED] - executeJavaScript("var previewBar = document.getElementById("preview-bar-iframe"); previewBar.style.display = "none";", []): Execute JavaScript 'var previewBar = document.getElementById("preview-bar-iframe"); previewBar.style.display = "none";' successfully

2019-07-09 17:14:33 - [MESSAGE][PASSED] - Execute JavaScript 'var previewBar = document.getElementById("preview-bar-iframe"); previewBar.style.display = "none";' successfully

2019-07-09 17:14:33 - [TEST_STEP][PASSED] - delay(2): Delayed 2 second(s)

2019-07-09 17:14:35 - [MESSAGE][PASSED] - Delayed 2 second(s)

2019-07-09 17:14:35 - [TEST_STEP][PASSED] - click(findTestObject("APOLLO- Desktop/Collection page/layout less")): Object: 'Object Repository/APOLLO- Desktop/Collection page/layout less' is clicked on

2019-07-09 17:14:38 - [MESSAGE][PASSED] - Object: 'Object Repository/APOLLO- Desktop/Collection page/layout less' is clicked on

2019-07-09 17:14:38 - [TEST_STEP][PASSED] - delay(2): Delayed 2 second(s)

2019-07-09 17:14:40 - [MESSAGE][PASSED] - Delayed 2 second(s)

2019-07-09 17:14:40 - [TEST_STEP][PASSED] - a = getPageHeight(): Current page's height is 4372

2019-07-09 17:14:40 - [MESSAGE][PASSED] - Current page's height is 4372

2019-07-09 17:14:40 - [TEST_STEP][PASSED] - comment("a=" + a): a=4372

2019-07-09 17:14:40 - [MESSAGE][INFO] - a=4372

2019-07-09 17:14:40 - [TEST_STEP][PASSED] - delay(2): Delayed 2 second(s)

2019-07-09 17:14:42 - [MESSAGE][PASSED] - Delayed 2 second(s)

2019-07-09 17:14:42 - [TEST_STEP][PASSED] - click(findTestObject("APOLLO- Desktop/Collection page/layout more")): Object: 'Object Repository/APOLLO- Desktop/Collection page/layout more' is clicked on

2019-07-09 17:14:43 - [MESSAGE][PASSED] - Object: 'Object Repository/APOLLO- Desktop/Collection page/layout more' is clicked on

2019-07-09 17:14:43 - [TEST_STEP][PASSED] - delay(2): Delayed 2 second(s)

2019-07-09 17:14:45 - [MESSAGE][PASSED] - Delayed 2 second(s)

2019-07-09 17:14:45 - [TEST_STEP][PASSED] - b = getPageHeight(): Current page's height is 2306

2019-07-09 17:14:45 - [MESSAGE][PASSED] - Current page's height is 2306

2019-07-09 17:14:45 - [TEST_STEP][PASSED] - comment("b=" + b): b=2306

2019-07-09 17:14:45 - [MESSAGE][INFO] - b=2306

2019-07-09 17:14:45 - [TEST_STEP][PASSED] - verifyLessThan(b, a): Actual number '2,306' is less than expected number '4,372'

2019-07-09 17:14:45 - [MESSAGE][PASSED] - Actual number '2,306' is less than expected number '4,372']]></system-out>
         <system-err><![CDATA[]]></system-err>
      </testcase>
      <testcase name="Test Cases/COLLECTION PAGE/Filter" classname="Test Cases/COLLECTION PAGE/Filter" status="PASSED">
         <system-out><![CDATA[2019-07-09 17:14:45 - [TEST_CASE][PASSED] - Test Cases/COLLECTION PAGE/Filter: Test Cases/COLLECTION PAGE/Filter

2019-07-09 17:14:45 - [TEST_STEP][PASSED] - callTestCase(findTestCase("CALL - URL"), [:], STOP_ON_FAILURE): Call Test Case 'Test Cases/CALL - URL' successfully

2019-07-09 17:14:45 - [TEST_CASE][PASSED] - Test Cases/CALL - URL: Test Cases/CALL - URL

2019-07-09 17:14:45 - [TEST_STEP][PASSED] - openBrowser(""): Browser is opened with url: ''

2019-07-09 17:14:45 - [MESSAGE][WARNING] - A browser is already opened. Closing browser and opening a new one

2019-07-09 17:14:45 - [MESSAGE][INFO] - Starting 'Safari' driver

2019-07-09 17:14:46 - [MESSAGE][PASSED] - Browser is opened with url: ''

2019-07-09 17:14:46 - [TEST_STEP][PASSED] - navigateToUrl("https://apollo-fireball.myshopify.com/?_ab=0&_fd=0&_sc=1&key=96c2edace7b9967f3a77c2e2b131937136039831e9ec35f31598610005fa8795&preview_theme_id=46803124304"): Navigate to 'https://apollo-fireball.myshopify.com/?_ab=0&_fd=0&_sc=1&key=96c2edace7b9967f3a77c2e2b131937136039831e9ec35f31598610005fa8795&preview_theme_id=46803124304' successfully

2019-07-09 17:14:48 - [MESSAGE][PASSED] - Navigate to 'https://apollo-fireball.myshopify.com/?_ab=0&_fd=0&_sc=1&key=96c2edace7b9967f3a77c2e2b131937136039831e9ec35f31598610005fa8795&preview_theme_id=46803124304' successfully

2019-07-09 17:14:48 - [TEST_STEP][PASSED] - executeJavaScript("var previewBar = document.getElementById("preview-bar-iframe"); previewBar.style.display = "none";", []): Execute JavaScript 'var previewBar = document.getElementById("preview-bar-iframe"); previewBar.style.display = "none";' successfully

2019-07-09 17:14:48 - [MESSAGE][PASSED] - Execute JavaScript 'var previewBar = document.getElementById("preview-bar-iframe"); previewBar.style.display = "none";' successfully

2019-07-09 17:14:48 - [TEST_STEP][PASSED] - maximizeWindow(): Current window maximized

2019-07-09 17:14:48 - [MESSAGE][PASSED] - Current window maximized

2019-07-09 17:14:48 - [MESSAGE][PASSED] - Call Test Case 'Test Cases/CALL - URL' successfully

2019-07-09 17:14:48 - [TEST_STEP][PASSED] - delay(2): Delayed 2 second(s)

2019-07-09 17:14:50 - [MESSAGE][PASSED] - Delayed 2 second(s)

2019-07-09 17:14:50 - [TEST_STEP][PASSED] - click(findTestObject("APOLLO- Desktop/Burger Menu/Burgermenu")): Object: 'Object Repository/APOLLO- Desktop/Burger Menu/Burgermenu' is clicked on

2019-07-09 17:14:50 - [MESSAGE][PASSED] - Object: 'Object Repository/APOLLO- Desktop/Burger Menu/Burgermenu' is clicked on

2019-07-09 17:14:50 - [TEST_STEP][PASSED] - delay(2): Delayed 2 second(s)

2019-07-09 17:14:52 - [MESSAGE][PASSED] - Delayed 2 second(s)

2019-07-09 17:14:52 - [TEST_STEP][PASSED] - click(findTestObject("APOLLO- Desktop/Burger Menu/Shop food")): Object: 'Object Repository/APOLLO- Desktop/Burger Menu/Shop food' is clicked on

2019-07-09 17:14:52 - [MESSAGE][PASSED] - Object: 'Object Repository/APOLLO- Desktop/Burger Menu/Shop food' is clicked on

2019-07-09 17:14:52 - [TEST_STEP][PASSED] - delay(2): Delayed 2 second(s)

2019-07-09 17:14:54 - [MESSAGE][PASSED] - Delayed 2 second(s)

2019-07-09 17:14:54 - [TEST_STEP][PASSED] - click(findTestObject("APOLLO- Desktop/Burger Menu/Sides")): Object: 'Object Repository/APOLLO- Desktop/Burger Menu/Sides' is clicked on

2019-07-09 17:14:54 - [MESSAGE][PASSED] - Object: 'Object Repository/APOLLO- Desktop/Burger Menu/Sides' is clicked on

2019-07-09 17:14:54 - [TEST_STEP][PASSED] - delay(2): Delayed 2 second(s)

2019-07-09 17:14:56 - [MESSAGE][PASSED] - Delayed 2 second(s)

2019-07-09 17:14:56 - [TEST_STEP][PASSED] - executeJavaScript("var previewBar = document.getElementById("preview-bar-iframe"); previewBar.style.display = "none";", []): Execute JavaScript 'var previewBar = document.getElementById("preview-bar-iframe"); previewBar.style.display = "none";' successfully

2019-07-09 17:14:56 - [MESSAGE][PASSED] - Execute JavaScript 'var previewBar = document.getElementById("preview-bar-iframe"); previewBar.style.display = "none";' successfully

2019-07-09 17:14:56 - [TEST_STEP][PASSED] - delay(2): Delayed 2 second(s)

2019-07-09 17:14:58 - [MESSAGE][PASSED] - Delayed 2 second(s)

2019-07-09 17:14:58 - [TEST_STEP][PASSED] - click(findTestObject("APOLLO- Desktop/Collection page/Filter/Filter dropdown")): Object: 'Object Repository/APOLLO- Desktop/Collection page/Filter/Filter dropdown' is clicked on

2019-07-09 17:14:58 - [MESSAGE][PASSED] - Object: 'Object Repository/APOLLO- Desktop/Collection page/Filter/Filter dropdown' is clicked on

2019-07-09 17:14:58 - [TEST_STEP][PASSED] - delay(2): Delayed 2 second(s)

2019-07-09 17:15:00 - [MESSAGE][PASSED] - Delayed 2 second(s)

2019-07-09 17:15:00 - [TEST_STEP][PASSED] - click(findTestObject("APOLLO- Desktop/Collection page/Filter/Pork")): Object: 'Object Repository/APOLLO- Desktop/Collection page/Filter/Pork' is clicked on

2019-07-09 17:15:00 - [MESSAGE][PASSED] - Object: 'Object Repository/APOLLO- Desktop/Collection page/Filter/Pork' is clicked on

2019-07-09 17:15:00 - [TEST_STEP][PASSED] - delay(2): Delayed 2 second(s)

2019-07-09 17:15:02 - [MESSAGE][PASSED] - Delayed 2 second(s)

2019-07-09 17:15:02 - [TEST_STEP][PASSED] - click(findTestObject("APOLLO- Desktop/Collection page/Filter/Filter dropdown")): Object: 'Object Repository/APOLLO- Desktop/Collection page/Filter/Filter dropdown' is clicked on

2019-07-09 17:15:02 - [MESSAGE][PASSED] - Object: 'Object Repository/APOLLO- Desktop/Collection page/Filter/Filter dropdown' is clicked on

2019-07-09 17:15:02 - [TEST_STEP][PASSED] - delay(2): Delayed 2 second(s)

2019-07-09 17:15:04 - [MESSAGE][PASSED] - Delayed 2 second(s)

2019-07-09 17:15:04 - [TEST_STEP][PASSED] - a = getText(findTestObject("APOLLO- Desktop/Collection page/Filter/Filtered count")): Text of object 'Object Repository/APOLLO- Desktop/Collection page/Filter/Filtered count' is: '1'

2019-07-09 17:15:04 - [MESSAGE][PASSED] - Text of object 'Object Repository/APOLLO- Desktop/Collection page/Filter/Filtered count' is: '1'

2019-07-09 17:15:04 - [TEST_STEP][PASSED] - delay(2): Delayed 2 second(s)

2019-07-09 17:15:06 - [MESSAGE][PASSED] - Delayed 2 second(s)

2019-07-09 17:15:06 - [TEST_STEP][PASSED] - comment("a=" + a): a=1

2019-07-09 17:15:06 - [MESSAGE][INFO] - a=1

2019-07-09 17:15:06 - [TEST_STEP][PASSED] - b = 0: null

2019-07-09 17:15:06 - [TEST_STEP][PASSED] - verifyNotEqual("a", "b"): Actual object 'a' and expected object 'b' are not equal

2019-07-09 17:15:06 - [MESSAGE][PASSED] - Actual object 'a' and expected object 'b' are not equal

2019-07-09 17:15:06 - [TEST_STEP][PASSED] - delay(2): Delayed 2 second(s)

2019-07-09 17:15:08 - [MESSAGE][PASSED] - Delayed 2 second(s)

2019-07-09 17:15:08 - [TEST_STEP][PASSED] - click(findTestObject("APOLLO- Desktop/Collection page/Filter/Filter dropdown")): Object: 'Object Repository/APOLLO- Desktop/Collection page/Filter/Filter dropdown' is clicked on

2019-07-09 17:15:08 - [MESSAGE][PASSED] - Object: 'Object Repository/APOLLO- Desktop/Collection page/Filter/Filter dropdown' is clicked on

2019-07-09 17:15:08 - [TEST_STEP][PASSED] - delay(2): Delayed 2 second(s)

2019-07-09 17:15:10 - [MESSAGE][PASSED] - Delayed 2 second(s)

2019-07-09 17:15:10 - [TEST_STEP][PASSED] - click(findTestObject("APOLLO- Desktop/Collection page/Filter/Sides")): Object: 'Object Repository/APOLLO- Desktop/Collection page/Filter/Sides' is clicked on

2019-07-09 17:15:10 - [MESSAGE][PASSED] - Object: 'Object Repository/APOLLO- Desktop/Collection page/Filter/Sides' is clicked on

2019-07-09 17:15:10 - [TEST_STEP][PASSED] - delay(2): Delayed 2 second(s)

2019-07-09 17:15:12 - [MESSAGE][PASSED] - Delayed 2 second(s)

2019-07-09 17:15:12 - [TEST_STEP][PASSED] - click(findTestObject("APOLLO- Desktop/Collection page/Filter/Filter dropdown")): Object: 'Object Repository/APOLLO- Desktop/Collection page/Filter/Filter dropdown' is clicked on

2019-07-09 17:15:12 - [MESSAGE][PASSED] - Object: 'Object Repository/APOLLO- Desktop/Collection page/Filter/Filter dropdown' is clicked on

2019-07-09 17:15:12 - [TEST_STEP][PASSED] - delay(2): Delayed 2 second(s)

2019-07-09 17:15:14 - [MESSAGE][PASSED] - Delayed 2 second(s)

2019-07-09 17:15:14 - [TEST_STEP][PASSED] - a4 = getText(findTestObject("APOLLO- Desktop/Collection page/Filter/Filtered count")): Text of object 'Object Repository/APOLLO- Desktop/Collection page/Filter/Filtered count' is: '6'

2019-07-09 17:15:14 - [MESSAGE][PASSED] - Text of object 'Object Repository/APOLLO- Desktop/Collection page/Filter/Filtered count' is: '6'

2019-07-09 17:15:14 - [TEST_STEP][PASSED] - comment("a4=" + a4): a4=6

2019-07-09 17:15:14 - [MESSAGE][INFO] - a4=6

2019-07-09 17:15:14 - [TEST_STEP][PASSED] - verifyNotEqual("a4", "b"): Actual object 'a4' and expected object 'b' are not equal

2019-07-09 17:15:14 - [MESSAGE][PASSED] - Actual object 'a4' and expected object 'b' are not equal

2019-07-09 17:15:14 - [TEST_STEP][PASSED] - delay(4): Delayed 4 second(s)

2019-07-09 17:15:18 - [MESSAGE][PASSED] - Delayed 4 second(s)

2019-07-09 17:15:18 - [TEST_STEP][PASSED] - delay(2): Delayed 2 second(s)

2019-07-09 17:15:20 - [MESSAGE][PASSED] - Delayed 2 second(s)

2019-07-09 17:15:20 - [TEST_STEP][PASSED] - click(findTestObject("APOLLO- Desktop/Collection page/Filter/a_Clear all filters")): Object: 'Object Repository/APOLLO- Desktop/Collection page/Filter/a_Clear all filters' is clicked on

2019-07-09 17:15:21 - [MESSAGE][PASSED] - Object: 'Object Repository/APOLLO- Desktop/Collection page/Filter/a_Clear all filters' is clicked on

2019-07-09 17:15:21 - [TEST_STEP][PASSED] - delay(2): Delayed 2 second(s)

2019-07-09 17:15:23 - [MESSAGE][PASSED] - Delayed 2 second(s)

2019-07-09 17:15:23 - [TEST_STEP][PASSED] - a12 = getText(findTestObject("APOLLO- Desktop/Collection page/Filter/Filtered count")): Text of object 'Object Repository/APOLLO- Desktop/Collection page/Filter/Filtered count' is: '6'

2019-07-09 17:15:23 - [MESSAGE][PASSED] - Text of object 'Object Repository/APOLLO- Desktop/Collection page/Filter/Filtered count' is: '6'

2019-07-09 17:15:23 - [TEST_STEP][PASSED] - delay(2): Delayed 2 second(s)

2019-07-09 17:15:25 - [MESSAGE][PASSED] - Delayed 2 second(s)

2019-07-09 17:15:25 - [TEST_STEP][PASSED] - comment("a12=" + a12): a12=6

2019-07-09 17:15:25 - [MESSAGE][INFO] - a12=6

2019-07-09 17:15:25 - [TEST_STEP][PASSED] - verifyNotEqual("a12", "b"): Actual object 'a12' and expected object 'b' are not equal

2019-07-09 17:15:25 - [MESSAGE][PASSED] - Actual object 'a12' and expected object 'b' are not equal]]></system-out>
         <system-err><![CDATA[]]></system-err>
      </testcase>
      <testcase name="Test Cases/HOME PAGE/Welcome to ur store and gettting hungry" classname="Test Cases/HOME PAGE/Welcome to ur store and gettting hungry" status="FAILED">
         <failure type="FAILED" message="Test Cases/HOME PAGE/Welcome to ur store and gettting hungry FAILED.
Reason:
com.kms.katalon.core.exception.StepFailedException: Unable to execute JavaScript. (Root cause: org.openqa.selenium.JavascriptException: A JavaScript exception occured: null is not an object (evaluating 'previewBar.style')
Build info: version: '3.7.1', revision: '8a0099a', time: '2017-11-06T21:07:36.161Z'
System info: host: 'sumans-MacBook-Pro.local', ip: 'fe80:0:0:0:47c:ca88:4245:b7a7%en0', os.name: 'Mac OS X', os.arch: 'x86_64', os.version: '10.13.6', java.version: '1.8.0_181'
Driver info: com.kms.katalon.selenium.driver.CSafariDriver
Capabilities {acceptInsecureCerts: false, browserName: Safari, browserVersion: 12.1, javascriptEnabled: true, platform: MAC, platformName: MAC, safari:automaticInspection: false, safari:automaticProfiling: false, safari:diagnose: false, setWindowRect: true, strictFileInteractability: false, webkit:WebRTC: {DisableICECandidateFiltering: false, DisableInsecureMediaCapture: false}}
Session ID: C89B8BE8-89C3-4BD6-B938-2D4061DEF654)
	at com.kms.katalon.core.keyword.internal.KeywordMain.stepFailed(KeywordMain.groovy:36)
	at com.kms.katalon.core.webui.keyword.internal.WebUIKeywordMain.stepFailed(WebUIKeywordMain.groovy:65)
	at com.kms.katalon.core.webui.keyword.internal.WebUIKeywordMain.runKeyword(WebUIKeywordMain.groovy:27)
	at com.kms.katalon.core.webui.keyword.builtin.ExecuteJavaScriptKeyword.executeJavascript(ExecuteJavascriptKeyword.groovy:42)
	at com.kms.katalon.core.webui.keyword.builtin.ExecuteJavaScriptKeyword.execute(ExecuteJavascriptKeyword.groovy:37)
	at com.kms.katalon.core.keyword.internal.KeywordExecutor.executeKeywordForPlatform(KeywordExecutor.groovy:53)
	at com.kms.katalon.core.webui.keyword.WebUiBuiltInKeywords.executeJavaScript(WebUiBuiltInKeywords.groovy:3787)
	at com.kms.katalon.core.webui.keyword.WebUiBuiltInKeywords$executeJavaScript$1.call(Unknown Source)
	at Welcome to ur store and gettting hungry.run(Welcome to ur store and gettting hungry:29)
	at com.kms.katalon.core.main.ScriptEngine.run(ScriptEngine.java:194)
	at com.kms.katalon.core.main.ScriptEngine.runScriptAsRawText(ScriptEngine.java:119)
	at com.kms.katalon.core.main.TestCaseExecutor.runScript(TestCaseExecutor.java:328)
	at com.kms.katalon.core.main.TestCaseExecutor.doExecute(TestCaseExecutor.java:319)
	at com.kms.katalon.core.main.TestCaseExecutor.processExecutionPhase(TestCaseExecutor.java:298)
	at com.kms.katalon.core.main.TestCaseExecutor.accessMainPhase(TestCaseExecutor.java:290)
	at com.kms.katalon.core.main.TestCaseExecutor.execute(TestCaseExecutor.java:224)
	at com.kms.katalon.core.main.TestSuiteExecutor.accessTestCaseMainPhase(TestSuiteExecutor.java:129)
	at com.kms.katalon.core.main.TestSuiteExecutor.accessTestSuiteMainPhase(TestSuiteExecutor.java:112)
	at com.kms.katalon.core.main.TestSuiteExecutor.execute(TestSuiteExecutor.java:81)
	at com.kms.katalon.core.main.TestCaseMain.startTestSuite(TestCaseMain.java:149)
	at com.kms.katalon.core.main.TestCaseMain$startTestSuite$0.call(Unknown Source)
	at TempTestSuite1562706763156.run(TempTestSuite1562706763156.groovy:36)
"/>
         <system-out><![CDATA[2019-07-09 17:15:25 - [TEST_CASE][FAILED] - Test Cases/HOME PAGE/Welcome to ur store and gettting hungry: Test Cases/HOME PAGE/Welcome to ur store and gettting hungry FAILED.
Reason:
com.kms.katalon.core.exception.StepFailedException: Unable to execute JavaScript. (Root cause: org.openqa.selenium.JavascriptException: A JavaScript exception occured: null is not an object (evaluating 'previewBar.style')
Build info: version: '3.7.1', revision: '8a0099a', time: '2017-11-06T21:07:36.161Z'
System info: host: 'sumans-MacBook-Pro.local', ip: 'fe80:0:0:0:47c:ca88:4245:b7a7%en0', os.name: 'Mac OS X', os.arch: 'x86_64', os.version: '10.13.6', java.version: '1.8.0_181'
Driver info: com.kms.katalon.selenium.driver.CSafariDriver
Capabilities {acceptInsecureCerts: false, browserName: Safari, browserVersion: 12.1, javascriptEnabled: true, platform: MAC, platformName: MAC, safari:automaticInspection: false, safari:automaticProfiling: false, safari:diagnose: false, setWindowRect: true, strictFileInteractability: false, webkit:WebRTC: {DisableICECandidateFiltering: false, DisableInsecureMediaCapture: false}}
Session ID: C89B8BE8-89C3-4BD6-B938-2D4061DEF654)
	at com.kms.katalon.core.keyword.internal.KeywordMain.stepFailed(KeywordMain.groovy:36)
	at com.kms.katalon.core.webui.keyword.internal.WebUIKeywordMain.stepFailed(WebUIKeywordMain.groovy:65)
	at com.kms.katalon.core.webui.keyword.internal.WebUIKeywordMain.runKeyword(WebUIKeywordMain.groovy:27)
	at com.kms.katalon.core.webui.keyword.builtin.ExecuteJavaScriptKeyword.executeJavascript(ExecuteJavascriptKeyword.groovy:42)
	at com.kms.katalon.core.webui.keyword.builtin.ExecuteJavaScriptKeyword.execute(ExecuteJavascriptKeyword.groovy:37)
	at com.kms.katalon.core.keyword.internal.KeywordExecutor.executeKeywordForPlatform(KeywordExecutor.groovy:53)
	at com.kms.katalon.core.webui.keyword.WebUiBuiltInKeywords.executeJavaScript(WebUiBuiltInKeywords.groovy:3787)
	at com.kms.katalon.core.webui.keyword.WebUiBuiltInKeywords$executeJavaScript$1.call(Unknown Source)
	at Welcome to ur store and gettting hungry.run(Welcome to ur store and gettting hungry:29)
	at com.kms.katalon.core.main.ScriptEngine.run(ScriptEngine.java:194)
	at com.kms.katalon.core.main.ScriptEngine.runScriptAsRawText(ScriptEngine.java:119)
	at com.kms.katalon.core.main.TestCaseExecutor.runScript(TestCaseExecutor.java:328)
	at com.kms.katalon.core.main.TestCaseExecutor.doExecute(TestCaseExecutor.java:319)
	at com.kms.katalon.core.main.TestCaseExecutor.processExecutionPhase(TestCaseExecutor.java:298)
	at com.kms.katalon.core.main.TestCaseExecutor.accessMainPhase(TestCaseExecutor.java:290)
	at com.kms.katalon.core.main.TestCaseExecutor.execute(TestCaseExecutor.java:224)
	at com.kms.katalon.core.main.TestSuiteExecutor.accessTestCaseMainPhase(TestSuiteExecutor.java:129)
	at com.kms.katalon.core.main.TestSuiteExecutor.accessTestSuiteMainPhase(TestSuiteExecutor.java:112)
	at com.kms.katalon.core.main.TestSuiteExecutor.execute(TestSuiteExecutor.java:81)
	at com.kms.katalon.core.main.TestCaseMain.startTestSuite(TestCaseMain.java:149)
	at com.kms.katalon.core.main.TestCaseMain$startTestSuite$0.call(Unknown Source)
	at TempTestSuite1562706763156.run(TempTestSuite1562706763156.groovy:36)


2019-07-09 17:15:25 - [TEST_STEP][PASSED] - callTestCase(findTestCase("CALL - URL"), [:], STOP_ON_FAILURE): Call Test Case 'Test Cases/CALL - URL' successfully

2019-07-09 17:15:25 - [TEST_CASE][PASSED] - Test Cases/CALL - URL: Test Cases/CALL - URL

2019-07-09 17:15:25 - [TEST_STEP][PASSED] - openBrowser(""): Browser is opened with url: ''

2019-07-09 17:15:25 - [MESSAGE][WARNING] - A browser is already opened. Closing browser and opening a new one

2019-07-09 17:15:25 - [MESSAGE][INFO] - Starting 'Safari' driver

2019-07-09 17:15:26 - [MESSAGE][PASSED] - Browser is opened with url: ''

2019-07-09 17:15:26 - [TEST_STEP][PASSED] - navigateToUrl("https://apollo-fireball.myshopify.com/?_ab=0&_fd=0&_sc=1&key=96c2edace7b9967f3a77c2e2b131937136039831e9ec35f31598610005fa8795&preview_theme_id=46803124304"): Navigate to 'https://apollo-fireball.myshopify.com/?_ab=0&_fd=0&_sc=1&key=96c2edace7b9967f3a77c2e2b131937136039831e9ec35f31598610005fa8795&preview_theme_id=46803124304' successfully

2019-07-09 17:15:28 - [MESSAGE][PASSED] - Navigate to 'https://apollo-fireball.myshopify.com/?_ab=0&_fd=0&_sc=1&key=96c2edace7b9967f3a77c2e2b131937136039831e9ec35f31598610005fa8795&preview_theme_id=46803124304' successfully

2019-07-09 17:15:28 - [TEST_STEP][PASSED] - executeJavaScript("var previewBar = document.getElementById("preview-bar-iframe"); previewBar.style.display = "none";", []): Execute JavaScript 'var previewBar = document.getElementById("preview-bar-iframe"); previewBar.style.display = "none";' successfully

2019-07-09 17:15:28 - [MESSAGE][PASSED] - Execute JavaScript 'var previewBar = document.getElementById("preview-bar-iframe"); previewBar.style.display = "none";' successfully

2019-07-09 17:15:28 - [TEST_STEP][PASSED] - maximizeWindow(): Current window maximized

2019-07-09 17:15:28 - [MESSAGE][PASSED] - Current window maximized

2019-07-09 17:15:28 - [MESSAGE][PASSED] - Call Test Case 'Test Cases/CALL - URL' successfully

2019-07-09 17:15:28 - [TEST_STEP][PASSED] - delay(2): Delayed 2 second(s)

2019-07-09 17:15:30 - [MESSAGE][PASSED] - Delayed 2 second(s)

2019-07-09 17:15:30 - [TEST_STEP][PASSED] - scrollToElement(findTestObject("APOLLO- Desktop/Home page/Welcome to our store/Welcome to ur stire"), 0): Scroll to object 'Object Repository/APOLLO- Desktop/Home page/Welcome to our store/Welcome to ur stire' successfully

2019-07-09 17:15:30 - [MESSAGE][WARNING] - Timeout '0' is invalid. Using default page load timeout: '30'

2019-07-09 17:15:30 - [MESSAGE][PASSED] - Scroll to object 'Object Repository/APOLLO- Desktop/Home page/Welcome to our store/Welcome to ur stire' successfully

2019-07-09 17:15:30 - [TEST_STEP][PASSED] - delay(2): Delayed 2 second(s)

2019-07-09 17:15:32 - [MESSAGE][PASSED] - Delayed 2 second(s)

2019-07-09 17:15:32 - [TEST_STEP][PASSED] - click(findTestObject("APOLLO- Desktop/Home page/Welcome to our store/About Us")): Object: 'Object Repository/APOLLO- Desktop/Home page/Welcome to our store/About Us' is clicked on

2019-07-09 17:15:32 - [MESSAGE][PASSED] - Object: 'Object Repository/APOLLO- Desktop/Home page/Welcome to our store/About Us' is clicked on

2019-07-09 17:15:32 - [TEST_STEP][PASSED] - back(): Navigate back successfully

2019-07-09 17:15:32 - [MESSAGE][PASSED] - Navigate back successfully

2019-07-09 17:15:32 - [TEST_STEP][FAILED] - executeJavaScript("var previewBar = document.getElementById("preview-bar-iframe"); previewBar.style.display = "none";", []): executeJavaScript("var previewBar = document.getElementById("preview-bar-iframe"); previewBar.style.display = "none";", []) FAILED.
Reason:
com.kms.katalon.core.exception.StepFailedException: Unable to execute JavaScript. (Root cause: org.openqa.selenium.JavascriptException: A JavaScript exception occured: null is not an object (evaluating 'previewBar.style')
Build info: version: '3.7.1', revision: '8a0099a', time: '2017-11-06T21:07:36.161Z'
System info: host: 'sumans-MacBook-Pro.local', ip: 'fe80:0:0:0:47c:ca88:4245:b7a7%en0', os.name: 'Mac OS X', os.arch: 'x86_64', os.version: '10.13.6', java.version: '1.8.0_181'
Driver info: com.kms.katalon.selenium.driver.CSafariDriver
Capabilities {acceptInsecureCerts: false, browserName: Safari, browserVersion: 12.1, javascriptEnabled: true, platform: MAC, platformName: MAC, safari:automaticInspection: false, safari:automaticProfiling: false, safari:diagnose: false, setWindowRect: true, strictFileInteractability: false, webkit:WebRTC: {DisableICECandidateFiltering: false, DisableInsecureMediaCapture: false}}
Session ID: C89B8BE8-89C3-4BD6-B938-2D4061DEF654)
	at com.kms.katalon.core.keyword.internal.KeywordMain.stepFailed(KeywordMain.groovy:36)
	at com.kms.katalon.core.webui.keyword.internal.WebUIKeywordMain.stepFailed(WebUIKeywordMain.groovy:65)
	at com.kms.katalon.core.webui.keyword.internal.WebUIKeywordMain.runKeyword(WebUIKeywordMain.groovy:27)
	at com.kms.katalon.core.webui.keyword.builtin.ExecuteJavaScriptKeyword.executeJavascript(ExecuteJavascriptKeyword.groovy:42)
	at com.kms.katalon.core.webui.keyword.builtin.ExecuteJavaScriptKeyword.execute(ExecuteJavascriptKeyword.groovy:37)
	at com.kms.katalon.core.keyword.internal.KeywordExecutor.executeKeywordForPlatform(KeywordExecutor.groovy:53)
	at com.kms.katalon.core.webui.keyword.WebUiBuiltInKeywords.executeJavaScript(WebUiBuiltInKeywords.groovy:3787)
	at com.kms.katalon.core.webui.keyword.WebUiBuiltInKeywords$executeJavaScript$1.call(Unknown Source)
	at Welcome to ur store and gettting hungry.run(Welcome to ur store and gettting hungry:29)
	at com.kms.katalon.core.main.ScriptEngine.run(ScriptEngine.java:194)
	at com.kms.katalon.core.main.ScriptEngine.runScriptAsRawText(ScriptEngine.java:119)
	at com.kms.katalon.core.main.TestCaseExecutor.runScript(TestCaseExecutor.java:328)
	at com.kms.katalon.core.main.TestCaseExecutor.doExecute(TestCaseExecutor.java:319)
	at com.kms.katalon.core.main.TestCaseExecutor.processExecutionPhase(TestCaseExecutor.java:298)
	at com.kms.katalon.core.main.TestCaseExecutor.accessMainPhase(TestCaseExecutor.java:290)
	at com.kms.katalon.core.main.TestCaseExecutor.execute(TestCaseExecutor.java:224)
	at com.kms.katalon.core.main.TestSuiteExecutor.accessTestCaseMainPhase(TestSuiteExecutor.java:129)
	at com.kms.katalon.core.main.TestSuiteExecutor.accessTestSuiteMainPhase(TestSuiteExecutor.java:112)
	at com.kms.katalon.core.main.TestSuiteExecutor.execute(TestSuiteExecutor.java:81)
	at com.kms.katalon.core.main.TestCaseMain.startTestSuite(TestCaseMain.java:149)
	at com.kms.katalon.core.main.TestCaseMain$startTestSuite$0.call(Unknown Source)
	at TempTestSuite1562706763156.run(TempTestSuite1562706763156.groovy:36)


2019-07-09 17:15:33 - [MESSAGE][FAILED] - Unable to execute JavaScript. (Root cause: org.openqa.selenium.JavascriptException: A JavaScript exception occured: null is not an object (evaluating 'previewBar.style')
Build info: version: '3.7.1', revision: '8a0099a', time: '2017-11-06T21:07:36.161Z'
System info: host: 'sumans-MacBook-Pro.local', ip: 'fe80:0:0:0:47c:ca88:4245:b7a7%en0', os.name: 'Mac OS X', os.arch: 'x86_64', os.version: '10.13.6', java.version: '1.8.0_181'
Driver info: com.kms.katalon.selenium.driver.CSafariDriver
Capabilities {acceptInsecureCerts: false, browserName: Safari, browserVersion: 12.1, javascriptEnabled: true, platform: MAC, platformName: MAC, safari:automaticInspection: false, safari:automaticProfiling: false, safari:diagnose: false, setWindowRect: true, strictFileInteractability: false, webkit:WebRTC: {DisableICECandidateFiltering: false, DisableInsecureMediaCapture: false}}
Session ID: C89B8BE8-89C3-4BD6-B938-2D4061DEF654)
[[ATTACHMENT|/Users/sumankompelly/Katalon Studio/APOLLO - FIRE/APOLLO - FIRE- DESKTOP/Reports/0.5.5/20190709_171243/1562706932994.png]]

2019-07-09 17:15:33 - [MESSAGE][FAILED] - executeJavaScript("var previewBar = document.getElementById("preview-bar-iframe"); previewBar.style.display = "none";", []) FAILED.
Reason:
com.kms.katalon.core.exception.StepFailedException: Unable to execute JavaScript. (Root cause: org.openqa.selenium.JavascriptException: A JavaScript exception occured: null is not an object (evaluating 'previewBar.style')
Build info: version: '3.7.1', revision: '8a0099a', time: '2017-11-06T21:07:36.161Z'
System info: host: 'sumans-MacBook-Pro.local', ip: 'fe80:0:0:0:47c:ca88:4245:b7a7%en0', os.name: 'Mac OS X', os.arch: 'x86_64', os.version: '10.13.6', java.version: '1.8.0_181'
Driver info: com.kms.katalon.selenium.driver.CSafariDriver
Capabilities {acceptInsecureCerts: false, browserName: Safari, browserVersion: 12.1, javascriptEnabled: true, platform: MAC, platformName: MAC, safari:automaticInspection: false, safari:automaticProfiling: false, safari:diagnose: false, setWindowRect: true, strictFileInteractability: false, webkit:WebRTC: {DisableICECandidateFiltering: false, DisableInsecureMediaCapture: false}}
Session ID: C89B8BE8-89C3-4BD6-B938-2D4061DEF654)
	at com.kms.katalon.core.keyword.internal.KeywordMain.stepFailed(KeywordMain.groovy:36)
	at com.kms.katalon.core.webui.keyword.internal.WebUIKeywordMain.stepFailed(WebUIKeywordMain.groovy:65)
	at com.kms.katalon.core.webui.keyword.internal.WebUIKeywordMain.runKeyword(WebUIKeywordMain.groovy:27)
	at com.kms.katalon.core.webui.keyword.builtin.ExecuteJavaScriptKeyword.executeJavascript(ExecuteJavascriptKeyword.groovy:42)
	at com.kms.katalon.core.webui.keyword.builtin.ExecuteJavaScriptKeyword.execute(ExecuteJavascriptKeyword.groovy:37)
	at com.kms.katalon.core.keyword.internal.KeywordExecutor.executeKeywordForPlatform(KeywordExecutor.groovy:53)
	at com.kms.katalon.core.webui.keyword.WebUiBuiltInKeywords.executeJavaScript(WebUiBuiltInKeywords.groovy:3787)
	at com.kms.katalon.core.webui.keyword.WebUiBuiltInKeywords$executeJavaScript$1.call(Unknown Source)
	at Welcome to ur store and gettting hungry.run(Welcome to ur store and gettting hungry:29)
	at com.kms.katalon.core.main.ScriptEngine.run(ScriptEngine.java:194)
	at com.kms.katalon.core.main.ScriptEngine.runScriptAsRawText(ScriptEngine.java:119)
	at com.kms.katalon.core.main.TestCaseExecutor.runScript(TestCaseExecutor.java:328)
	at com.kms.katalon.core.main.TestCaseExecutor.doExecute(TestCaseExecutor.java:319)
	at com.kms.katalon.core.main.TestCaseExecutor.processExecutionPhase(TestCaseExecutor.java:298)
	at com.kms.katalon.core.main.TestCaseExecutor.accessMainPhase(TestCaseExecutor.java:290)
	at com.kms.katalon.core.main.TestCaseExecutor.execute(TestCaseExecutor.java:224)
	at com.kms.katalon.core.main.TestSuiteExecutor.accessTestCaseMainPhase(TestSuiteExecutor.java:129)
	at com.kms.katalon.core.main.TestSuiteExecutor.accessTestSuiteMainPhase(TestSuiteExecutor.java:112)
	at com.kms.katalon.core.main.TestSuiteExecutor.execute(TestSuiteExecutor.java:81)
	at com.kms.katalon.core.main.TestCaseMain.startTestSuite(TestCaseMain.java:149)
	at com.kms.katalon.core.main.TestCaseMain$startTestSuite$0.call(Unknown Source)
	at TempTestSuite1562706763156.run(TempTestSuite1562706763156.groovy:36)]]></system-out>
         <system-err><![CDATA[2019-07-09 17:15:25 - [TEST_CASE][FAILED] - Test Cases/HOME PAGE/Welcome to ur store and gettting hungry: Test Cases/HOME PAGE/Welcome to ur store and gettting hungry FAILED.
Reason:
com.kms.katalon.core.exception.StepFailedException: Unable to execute JavaScript. (Root cause: org.openqa.selenium.JavascriptException: A JavaScript exception occured: null is not an object (evaluating 'previewBar.style')
Build info: version: '3.7.1', revision: '8a0099a', time: '2017-11-06T21:07:36.161Z'
System info: host: 'sumans-MacBook-Pro.local', ip: 'fe80:0:0:0:47c:ca88:4245:b7a7%en0', os.name: 'Mac OS X', os.arch: 'x86_64', os.version: '10.13.6', java.version: '1.8.0_181'
Driver info: com.kms.katalon.selenium.driver.CSafariDriver
Capabilities {acceptInsecureCerts: false, browserName: Safari, browserVersion: 12.1, javascriptEnabled: true, platform: MAC, platformName: MAC, safari:automaticInspection: false, safari:automaticProfiling: false, safari:diagnose: false, setWindowRect: true, strictFileInteractability: false, webkit:WebRTC: {DisableICECandidateFiltering: false, DisableInsecureMediaCapture: false}}
Session ID: C89B8BE8-89C3-4BD6-B938-2D4061DEF654)
	at com.kms.katalon.core.keyword.internal.KeywordMain.stepFailed(KeywordMain.groovy:36)
	at com.kms.katalon.core.webui.keyword.internal.WebUIKeywordMain.stepFailed(WebUIKeywordMain.groovy:65)
	at com.kms.katalon.core.webui.keyword.internal.WebUIKeywordMain.runKeyword(WebUIKeywordMain.groovy:27)
	at com.kms.katalon.core.webui.keyword.builtin.ExecuteJavaScriptKeyword.executeJavascript(ExecuteJavascriptKeyword.groovy:42)
	at com.kms.katalon.core.webui.keyword.builtin.ExecuteJavaScriptKeyword.execute(ExecuteJavascriptKeyword.groovy:37)
	at com.kms.katalon.core.keyword.internal.KeywordExecutor.executeKeywordForPlatform(KeywordExecutor.groovy:53)
	at com.kms.katalon.core.webui.keyword.WebUiBuiltInKeywords.executeJavaScript(WebUiBuiltInKeywords.groovy:3787)
	at com.kms.katalon.core.webui.keyword.WebUiBuiltInKeywords$executeJavaScript$1.call(Unknown Source)
	at Welcome to ur store and gettting hungry.run(Welcome to ur store and gettting hungry:29)
	at com.kms.katalon.core.main.ScriptEngine.run(ScriptEngine.java:194)
	at com.kms.katalon.core.main.ScriptEngine.runScriptAsRawText(ScriptEngine.java:119)
	at com.kms.katalon.core.main.TestCaseExecutor.runScript(TestCaseExecutor.java:328)
	at com.kms.katalon.core.main.TestCaseExecutor.doExecute(TestCaseExecutor.java:319)
	at com.kms.katalon.core.main.TestCaseExecutor.processExecutionPhase(TestCaseExecutor.java:298)
	at com.kms.katalon.core.main.TestCaseExecutor.accessMainPhase(TestCaseExecutor.java:290)
	at com.kms.katalon.core.main.TestCaseExecutor.execute(TestCaseExecutor.java:224)
	at com.kms.katalon.core.main.TestSuiteExecutor.accessTestCaseMainPhase(TestSuiteExecutor.java:129)
	at com.kms.katalon.core.main.TestSuiteExecutor.accessTestSuiteMainPhase(TestSuiteExecutor.java:112)
	at com.kms.katalon.core.main.TestSuiteExecutor.execute(TestSuiteExecutor.java:81)
	at com.kms.katalon.core.main.TestCaseMain.startTestSuite(TestCaseMain.java:149)
	at com.kms.katalon.core.main.TestCaseMain$startTestSuite$0.call(Unknown Source)
	at TempTestSuite1562706763156.run(TempTestSuite1562706763156.groovy:36)]]></system-err>
      </testcase>
      <testcase name="Test Cases/HOME PAGE/Hero banner - CTA" classname="Test Cases/HOME PAGE/Hero banner - CTA" status="PASSED">
         <system-out><![CDATA[2019-07-09 17:15:33 - [TEST_CASE][PASSED] - Test Cases/HOME PAGE/Hero banner - CTA: Test Cases/HOME PAGE/Hero banner - CTA

2019-07-09 17:15:33 - [TEST_STEP][PASSED] - callTestCase(findTestCase("CALL - URL"), [:], STOP_ON_FAILURE): Call Test Case 'Test Cases/CALL - URL' successfully

2019-07-09 17:15:33 - [TEST_CASE][PASSED] - Test Cases/CALL - URL: Test Cases/CALL - URL

2019-07-09 17:15:33 - [TEST_STEP][PASSED] - openBrowser(""): Browser is opened with url: ''

2019-07-09 17:15:33 - [MESSAGE][WARNING] - A browser is already opened. Closing browser and opening a new one

2019-07-09 17:15:33 - [MESSAGE][INFO] - Starting 'Safari' driver

2019-07-09 17:15:34 - [MESSAGE][PASSED] - Browser is opened with url: ''

2019-07-09 17:15:34 - [TEST_STEP][PASSED] - navigateToUrl("https://apollo-fireball.myshopify.com/?_ab=0&_fd=0&_sc=1&key=96c2edace7b9967f3a77c2e2b131937136039831e9ec35f31598610005fa8795&preview_theme_id=46803124304"): Navigate to 'https://apollo-fireball.myshopify.com/?_ab=0&_fd=0&_sc=1&key=96c2edace7b9967f3a77c2e2b131937136039831e9ec35f31598610005fa8795&preview_theme_id=46803124304' successfully

2019-07-09 17:15:35 - [MESSAGE][PASSED] - Navigate to 'https://apollo-fireball.myshopify.com/?_ab=0&_fd=0&_sc=1&key=96c2edace7b9967f3a77c2e2b131937136039831e9ec35f31598610005fa8795&preview_theme_id=46803124304' successfully

2019-07-09 17:15:35 - [TEST_STEP][PASSED] - executeJavaScript("var previewBar = document.getElementById("preview-bar-iframe"); previewBar.style.display = "none";", []): Execute JavaScript 'var previewBar = document.getElementById("preview-bar-iframe"); previewBar.style.display = "none";' successfully

2019-07-09 17:15:35 - [MESSAGE][PASSED] - Execute JavaScript 'var previewBar = document.getElementById("preview-bar-iframe"); previewBar.style.display = "none";' successfully

2019-07-09 17:15:35 - [TEST_STEP][PASSED] - maximizeWindow(): Current window maximized

2019-07-09 17:15:36 - [MESSAGE][PASSED] - Current window maximized

2019-07-09 17:15:36 - [MESSAGE][PASSED] - Call Test Case 'Test Cases/CALL - URL' successfully

2019-07-09 17:15:36 - [TEST_STEP][PASSED] - delay(2): Delayed 2 second(s)

2019-07-09 17:15:38 - [MESSAGE][PASSED] - Delayed 2 second(s)

2019-07-09 17:15:38 - [TEST_STEP][PASSED] - click(findTestObject("APOLLO- Desktop/Home page/Hero banner - CTA/First slick slide")): Object: 'Object Repository/APOLLO- Desktop/Home page/Hero banner - CTA/First slick slide' is clicked on

2019-07-09 17:15:38 - [MESSAGE][PASSED] - Object: 'Object Repository/APOLLO- Desktop/Home page/Hero banner - CTA/First slick slide' is clicked on

2019-07-09 17:15:38 - [TEST_STEP][PASSED] - delay(2): Delayed 2 second(s)

2019-07-09 17:15:40 - [MESSAGE][PASSED] - Delayed 2 second(s)

2019-07-09 17:15:40 - [TEST_STEP][PASSED] - click(findTestObject("APOLLO- Desktop/Home page/Hero banner - CTA/Shop healthy meals")): Object: 'Object Repository/APOLLO- Desktop/Home page/Hero banner - CTA/Shop healthy meals' is clicked on

2019-07-09 17:15:41 - [MESSAGE][PASSED] - Object: 'Object Repository/APOLLO- Desktop/Home page/Hero banner - CTA/Shop healthy meals' is clicked on

2019-07-09 17:15:41 - [TEST_STEP][PASSED] - delay(2): Delayed 2 second(s)

2019-07-09 17:15:43 - [MESSAGE][PASSED] - Delayed 2 second(s)

2019-07-09 17:15:43 - [TEST_STEP][PASSED] - click(findTestObject("APOLLO- Desktop/Home page/Hero banner - CTA/Apollo icon")): Object: 'Object Repository/APOLLO- Desktop/Home page/Hero banner - CTA/Apollo icon' is clicked on

2019-07-09 17:15:44 - [MESSAGE][PASSED] - Object: 'Object Repository/APOLLO- Desktop/Home page/Hero banner - CTA/Apollo icon' is clicked on

2019-07-09 17:15:44 - [TEST_STEP][PASSED] - delay(2): Delayed 2 second(s)

2019-07-09 17:15:46 - [MESSAGE][PASSED] - Delayed 2 second(s)

2019-07-09 17:15:46 - [TEST_STEP][PASSED] - click(findTestObject("APOLLO- Desktop/Home page/Hero banner - CTA/second slick slide")): Object: 'Object Repository/APOLLO- Desktop/Home page/Hero banner - CTA/second slick slide' is clicked on

2019-07-09 17:15:46 - [MESSAGE][PASSED] - Object: 'Object Repository/APOLLO- Desktop/Home page/Hero banner - CTA/second slick slide' is clicked on

2019-07-09 17:15:46 - [TEST_STEP][PASSED] - delay(2): Delayed 2 second(s)

2019-07-09 17:15:48 - [MESSAGE][PASSED] - Delayed 2 second(s)

2019-07-09 17:15:48 - [TEST_STEP][PASSED] - click(findTestObject("APOLLO- Desktop/Home page/Hero banner - CTA/Shop sides")): Object: 'Object Repository/APOLLO- Desktop/Home page/Hero banner - CTA/Shop sides' is clicked on

2019-07-09 17:15:50 - [MESSAGE][PASSED] - Object: 'Object Repository/APOLLO- Desktop/Home page/Hero banner - CTA/Shop sides' is clicked on

2019-07-09 17:15:50 - [TEST_STEP][PASSED] - delay(2): Delayed 2 second(s)

2019-07-09 17:15:52 - [MESSAGE][PASSED] - Delayed 2 second(s)

2019-07-09 17:15:52 - [TEST_STEP][PASSED] - click(findTestObject("APOLLO- Desktop/Home page/Hero banner - CTA/Apollo icon")): Object: 'Object Repository/APOLLO- Desktop/Home page/Hero banner - CTA/Apollo icon' is clicked on

2019-07-09 17:15:55 - [MESSAGE][PASSED] - Object: 'Object Repository/APOLLO- Desktop/Home page/Hero banner - CTA/Apollo icon' is clicked on

2019-07-09 17:15:55 - [TEST_STEP][PASSED] - delay(2): Delayed 2 second(s)

2019-07-09 17:15:57 - [MESSAGE][PASSED] - Delayed 2 second(s)

2019-07-09 17:15:57 - [TEST_STEP][PASSED] - click(findTestObject("APOLLO- Desktop/Home page/Hero banner - CTA/First slick slide")): Object: 'Object Repository/APOLLO- Desktop/Home page/Hero banner - CTA/First slick slide' is clicked on

2019-07-09 17:15:57 - [MESSAGE][PASSED] - Object: 'Object Repository/APOLLO- Desktop/Home page/Hero banner - CTA/First slick slide' is clicked on

2019-07-09 17:15:57 - [TEST_STEP][PASSED] - delay(2): Delayed 2 second(s)

2019-07-09 17:15:59 - [MESSAGE][PASSED] - Delayed 2 second(s)

2019-07-09 17:15:59 - [TEST_STEP][PASSED] - mouseOver(findTestObject("APOLLO- Desktop/Home page/Hero banner - CTA/Next button chevron")): Object: 'Object Repository/APOLLO- Desktop/Home page/Hero banner - CTA/Next button chevron' is hovered

2019-07-09 17:15:59 - [MESSAGE][PASSED] - Object: 'Object Repository/APOLLO- Desktop/Home page/Hero banner - CTA/Next button chevron' is hovered

2019-07-09 17:15:59 - [TEST_STEP][PASSED] - delay(2): Delayed 2 second(s)

2019-07-09 17:16:01 - [MESSAGE][PASSED] - Delayed 2 second(s)

2019-07-09 17:16:01 - [TEST_STEP][PASSED] - click(findTestObject("APOLLO- Desktop/Home page/Hero banner - CTA/Next button chevron")): Object: 'Object Repository/APOLLO- Desktop/Home page/Hero banner - CTA/Next button chevron' is clicked on

2019-07-09 17:16:01 - [MESSAGE][PASSED] - Object: 'Object Repository/APOLLO- Desktop/Home page/Hero banner - CTA/Next button chevron' is clicked on

2019-07-09 17:16:01 - [TEST_STEP][PASSED] - delay(2): Delayed 2 second(s)

2019-07-09 17:16:03 - [MESSAGE][PASSED] - Delayed 2 second(s)

2019-07-09 17:16:03 - [TEST_STEP][PASSED] - click(findTestObject("APOLLO- Desktop/Home page/Hero banner - CTA/Previous button chevron")): Object: 'Object Repository/APOLLO- Desktop/Home page/Hero banner - CTA/Previous button chevron' is clicked on

2019-07-09 17:16:03 - [MESSAGE][PASSED] - Object: 'Object Repository/APOLLO- Desktop/Home page/Hero banner - CTA/Previous button chevron' is clicked on

2019-07-09 17:16:03 - [TEST_STEP][PASSED] - delay(2): Delayed 2 second(s)

2019-07-09 17:16:05 - [MESSAGE][PASSED] - Delayed 2 second(s)

2019-07-09 17:16:05 - [TEST_STEP][PASSED] - click(findTestObject("APOLLO- Desktop/Home page/Hero banner - CTA/button_Next section")): Object: 'Object Repository/APOLLO- Desktop/Home page/Hero banner - CTA/button_Next section' is clicked on

2019-07-09 17:16:05 - [MESSAGE][PASSED] - Object: 'Object Repository/APOLLO- Desktop/Home page/Hero banner - CTA/button_Next section' is clicked on

2019-07-09 17:16:05 - [TEST_STEP][PASSED] - delay(2): Delayed 2 second(s)

2019-07-09 17:16:07 - [MESSAGE][PASSED] - Delayed 2 second(s)

2019-07-09 17:16:07 - [TEST_STEP][PASSED] - verifyTextPresent("Chicken Wings", false): Text 'Chicken Wings' is present on page 

2019-07-09 17:16:07 - [MESSAGE][PASSED] - Text 'Chicken Wings' is present on page]]></system-out>
         <system-err><![CDATA[]]></system-err>
      </testcase>
      <testcase name="Test Cases/HOME PAGE/Burger menu - navigation links" classname="Test Cases/HOME PAGE/Burger menu - navigation links" status="PASSED">
         <system-out><![CDATA[2019-07-09 17:16:07 - [TEST_CASE][PASSED] - Test Cases/HOME PAGE/Burger menu - navigation links: Test Cases/HOME PAGE/Burger menu - navigation links

2019-07-09 17:16:08 - [TEST_STEP][PASSED] - callTestCase(findTestCase("CALL - URL"), [:], STOP_ON_FAILURE): Call Test Case 'Test Cases/CALL - URL' successfully

2019-07-09 17:16:08 - [TEST_CASE][PASSED] - Test Cases/CALL - URL: Test Cases/CALL - URL

2019-07-09 17:16:08 - [TEST_STEP][PASSED] - openBrowser(""): Browser is opened with url: ''

2019-07-09 17:16:08 - [MESSAGE][WARNING] - A browser is already opened. Closing browser and opening a new one

2019-07-09 17:16:08 - [MESSAGE][INFO] - Starting 'Safari' driver

2019-07-09 17:16:09 - [MESSAGE][PASSED] - Browser is opened with url: ''

2019-07-09 17:16:09 - [TEST_STEP][PASSED] - navigateToUrl("https://apollo-fireball.myshopify.com/?_ab=0&_fd=0&_sc=1&key=96c2edace7b9967f3a77c2e2b131937136039831e9ec35f31598610005fa8795&preview_theme_id=46803124304"): Navigate to 'https://apollo-fireball.myshopify.com/?_ab=0&_fd=0&_sc=1&key=96c2edace7b9967f3a77c2e2b131937136039831e9ec35f31598610005fa8795&preview_theme_id=46803124304' successfully

2019-07-09 17:16:11 - [MESSAGE][PASSED] - Navigate to 'https://apollo-fireball.myshopify.com/?_ab=0&_fd=0&_sc=1&key=96c2edace7b9967f3a77c2e2b131937136039831e9ec35f31598610005fa8795&preview_theme_id=46803124304' successfully

2019-07-09 17:16:11 - [TEST_STEP][PASSED] - executeJavaScript("var previewBar = document.getElementById("preview-bar-iframe"); previewBar.style.display = "none";", []): Execute JavaScript 'var previewBar = document.getElementById("preview-bar-iframe"); previewBar.style.display = "none";' successfully

2019-07-09 17:16:11 - [MESSAGE][PASSED] - Execute JavaScript 'var previewBar = document.getElementById("preview-bar-iframe"); previewBar.style.display = "none";' successfully

2019-07-09 17:16:11 - [TEST_STEP][PASSED] - maximizeWindow(): Current window maximized

2019-07-09 17:16:11 - [MESSAGE][PASSED] - Current window maximized

2019-07-09 17:16:11 - [MESSAGE][PASSED] - Call Test Case 'Test Cases/CALL - URL' successfully

2019-07-09 17:16:11 - [TEST_STEP][PASSED] - delay(2): Delayed 2 second(s)

2019-07-09 17:16:13 - [MESSAGE][PASSED] - Delayed 2 second(s)

2019-07-09 17:16:13 - [TEST_STEP][PASSED] - click(findTestObject("APOLLO- Desktop/Burger Menu/Burgermenu")): Object: 'Object Repository/APOLLO- Desktop/Burger Menu/Burgermenu' is clicked on

2019-07-09 17:16:13 - [MESSAGE][PASSED] - Object: 'Object Repository/APOLLO- Desktop/Burger Menu/Burgermenu' is clicked on

2019-07-09 17:16:13 - [TEST_STEP][PASSED] - delay(2): Delayed 2 second(s)

2019-07-09 17:16:15 - [MESSAGE][PASSED] - Delayed 2 second(s)

2019-07-09 17:16:15 - [TEST_STEP][PASSED] - click(findTestObject("APOLLO- Desktop/Burger Menu/Shop food")): Object: 'Object Repository/APOLLO- Desktop/Burger Menu/Shop food' is clicked on

2019-07-09 17:16:15 - [MESSAGE][PASSED] - Object: 'Object Repository/APOLLO- Desktop/Burger Menu/Shop food' is clicked on

2019-07-09 17:16:15 - [TEST_STEP][PASSED] - delay(2): Delayed 2 second(s)

2019-07-09 17:16:17 - [MESSAGE][PASSED] - Delayed 2 second(s)

2019-07-09 17:16:17 - [TEST_STEP][PASSED] - click(findTestObject("APOLLO- Desktop/Burger Menu/Beef")): Object: 'Object Repository/APOLLO- Desktop/Burger Menu/Beef' is clicked on

2019-07-09 17:16:19 - [MESSAGE][PASSED] - Object: 'Object Repository/APOLLO- Desktop/Burger Menu/Beef' is clicked on

2019-07-09 17:16:19 - [TEST_STEP][PASSED] - delay(2): Delayed 2 second(s)

2019-07-09 17:16:21 - [MESSAGE][PASSED] - Delayed 2 second(s)

2019-07-09 17:16:21 - [TEST_STEP][PASSED] - delay(2): Delayed 2 second(s)

2019-07-09 17:16:23 - [MESSAGE][PASSED] - Delayed 2 second(s)

2019-07-09 17:16:23 - [TEST_STEP][PASSED] - click(findTestObject("APOLLO- Desktop/Burger Menu/Burgermenu")): Object: 'Object Repository/APOLLO- Desktop/Burger Menu/Burgermenu' is clicked on

2019-07-09 17:16:23 - [MESSAGE][PASSED] - Object: 'Object Repository/APOLLO- Desktop/Burger Menu/Burgermenu' is clicked on

2019-07-09 17:16:23 - [TEST_STEP][PASSED] - delay(2): Delayed 2 second(s)

2019-07-09 17:16:25 - [MESSAGE][PASSED] - Delayed 2 second(s)

2019-07-09 17:16:25 - [TEST_STEP][PASSED] - click(findTestObject("APOLLO- Desktop/Burger Menu/Shop food")): Object: 'Object Repository/APOLLO- Desktop/Burger Menu/Shop food' is clicked on

2019-07-09 17:16:25 - [MESSAGE][PASSED] - Object: 'Object Repository/APOLLO- Desktop/Burger Menu/Shop food' is clicked on

2019-07-09 17:16:25 - [TEST_STEP][PASSED] - delay(2): Delayed 2 second(s)

2019-07-09 17:16:27 - [MESSAGE][PASSED] - Delayed 2 second(s)

2019-07-09 17:16:27 - [TEST_STEP][PASSED] - click(findTestObject("APOLLO- Desktop/Burger Menu/Chicken")): Object: 'Object Repository/APOLLO- Desktop/Burger Menu/Chicken' is clicked on

2019-07-09 17:16:30 - [MESSAGE][PASSED] - Object: 'Object Repository/APOLLO- Desktop/Burger Menu/Chicken' is clicked on

2019-07-09 17:16:30 - [TEST_STEP][PASSED] - delay(2): Delayed 2 second(s)

2019-07-09 17:16:32 - [MESSAGE][PASSED] - Delayed 2 second(s)

2019-07-09 17:16:32 - [TEST_STEP][PASSED] - delay(2): Delayed 2 second(s)

2019-07-09 17:16:34 - [MESSAGE][PASSED] - Delayed 2 second(s)

2019-07-09 17:16:34 - [TEST_STEP][PASSED] - click(findTestObject("APOLLO- Desktop/Burger Menu/Burgermenu")): Object: 'Object Repository/APOLLO- Desktop/Burger Menu/Burgermenu' is clicked on

2019-07-09 17:16:34 - [MESSAGE][PASSED] - Object: 'Object Repository/APOLLO- Desktop/Burger Menu/Burgermenu' is clicked on

2019-07-09 17:16:34 - [TEST_STEP][PASSED] - delay(2): Delayed 2 second(s)

2019-07-09 17:16:36 - [MESSAGE][PASSED] - Delayed 2 second(s)

2019-07-09 17:16:36 - [TEST_STEP][PASSED] - click(findTestObject("APOLLO- Desktop/Burger Menu/Shop food")): Object: 'Object Repository/APOLLO- Desktop/Burger Menu/Shop food' is clicked on

2019-07-09 17:16:36 - [MESSAGE][PASSED] - Object: 'Object Repository/APOLLO- Desktop/Burger Menu/Shop food' is clicked on

2019-07-09 17:16:36 - [TEST_STEP][PASSED] - delay(2): Delayed 2 second(s)

2019-07-09 17:16:38 - [MESSAGE][PASSED] - Delayed 2 second(s)

2019-07-09 17:16:38 - [TEST_STEP][PASSED] - click(findTestObject("APOLLO- Desktop/Burger Menu/Pork")): Object: 'Object Repository/APOLLO- Desktop/Burger Menu/Pork' is clicked on

2019-07-09 17:16:45 - [MESSAGE][PASSED] - Object: 'Object Repository/APOLLO- Desktop/Burger Menu/Pork' is clicked on

2019-07-09 17:16:45 - [TEST_STEP][PASSED] - delay(2): Delayed 2 second(s)

2019-07-09 17:16:47 - [MESSAGE][PASSED] - Delayed 2 second(s)

2019-07-09 17:16:47 - [TEST_STEP][PASSED] - delay(2): Delayed 2 second(s)

2019-07-09 17:16:49 - [MESSAGE][PASSED] - Delayed 2 second(s)

2019-07-09 17:16:49 - [TEST_STEP][PASSED] - click(findTestObject("APOLLO- Desktop/Burger Menu/Burgermenu")): Object: 'Object Repository/APOLLO- Desktop/Burger Menu/Burgermenu' is clicked on

2019-07-09 17:16:49 - [MESSAGE][PASSED] - Object: 'Object Repository/APOLLO- Desktop/Burger Menu/Burgermenu' is clicked on

2019-07-09 17:16:49 - [TEST_STEP][PASSED] - delay(2): Delayed 2 second(s)

2019-07-09 17:16:51 - [MESSAGE][PASSED] - Delayed 2 second(s)

2019-07-09 17:16:51 - [TEST_STEP][PASSED] - click(findTestObject("APOLLO- Desktop/Burger Menu/Shop food")): Object: 'Object Repository/APOLLO- Desktop/Burger Menu/Shop food' is clicked on

2019-07-09 17:16:51 - [MESSAGE][PASSED] - Object: 'Object Repository/APOLLO- Desktop/Burger Menu/Shop food' is clicked on

2019-07-09 17:16:51 - [TEST_STEP][PASSED] - delay(2): Delayed 2 second(s)

2019-07-09 17:16:53 - [MESSAGE][PASSED] - Delayed 2 second(s)

2019-07-09 17:16:53 - [TEST_STEP][PASSED] - click(findTestObject("APOLLO- Desktop/Burger Menu/lamb")): Object: 'Object Repository/APOLLO- Desktop/Burger Menu/lamb' is clicked on

2019-07-09 17:16:56 - [MESSAGE][PASSED] - Object: 'Object Repository/APOLLO- Desktop/Burger Menu/lamb' is clicked on

2019-07-09 17:16:56 - [TEST_STEP][PASSED] - delay(2): Delayed 2 second(s)

2019-07-09 17:16:58 - [MESSAGE][PASSED] - Delayed 2 second(s)

2019-07-09 17:16:58 - [TEST_STEP][PASSED] - delay(2): Delayed 2 second(s)

2019-07-09 17:17:00 - [MESSAGE][PASSED] - Delayed 2 second(s)

2019-07-09 17:17:00 - [TEST_STEP][PASSED] - click(findTestObject("APOLLO- Desktop/Burger Menu/Burgermenu")): Object: 'Object Repository/APOLLO- Desktop/Burger Menu/Burgermenu' is clicked on

2019-07-09 17:17:00 - [MESSAGE][PASSED] - Object: 'Object Repository/APOLLO- Desktop/Burger Menu/Burgermenu' is clicked on

2019-07-09 17:17:00 - [TEST_STEP][PASSED] - delay(2): Delayed 2 second(s)

2019-07-09 17:17:02 - [MESSAGE][PASSED] - Delayed 2 second(s)

2019-07-09 17:17:02 - [TEST_STEP][PASSED] - click(findTestObject("APOLLO- Desktop/Burger Menu/Shop food")): Object: 'Object Repository/APOLLO- Desktop/Burger Menu/Shop food' is clicked on

2019-07-09 17:17:02 - [MESSAGE][PASSED] - Object: 'Object Repository/APOLLO- Desktop/Burger Menu/Shop food' is clicked on

2019-07-09 17:17:02 - [TEST_STEP][PASSED] - delay(2): Delayed 2 second(s)

2019-07-09 17:17:04 - [MESSAGE][PASSED] - Delayed 2 second(s)

2019-07-09 17:17:04 - [TEST_STEP][PASSED] - click(findTestObject("APOLLO- Desktop/Burger Menu/Sides")): Object: 'Object Repository/APOLLO- Desktop/Burger Menu/Sides' is clicked on

2019-07-09 17:17:04 - [MESSAGE][PASSED] - Object: 'Object Repository/APOLLO- Desktop/Burger Menu/Sides' is clicked on

2019-07-09 17:17:04 - [TEST_STEP][PASSED] - delay(2): Delayed 2 second(s)

2019-07-09 17:17:06 - [MESSAGE][PASSED] - Delayed 2 second(s)

2019-07-09 17:17:06 - [TEST_STEP][PASSED] - delay(2): Delayed 2 second(s)

2019-07-09 17:17:08 - [MESSAGE][PASSED] - Delayed 2 second(s)

2019-07-09 17:17:08 - [TEST_STEP][PASSED] - click(findTestObject("APOLLO- Desktop/Burger Menu/Burgermenu")): Object: 'Object Repository/APOLLO- Desktop/Burger Menu/Burgermenu' is clicked on

2019-07-09 17:17:08 - [MESSAGE][PASSED] - Object: 'Object Repository/APOLLO- Desktop/Burger Menu/Burgermenu' is clicked on

2019-07-09 17:17:08 - [TEST_STEP][PASSED] - delay(2): Delayed 2 second(s)

2019-07-09 17:17:10 - [MESSAGE][PASSED] - Delayed 2 second(s)

[...]

2019-07-09 17:32:13 - [MESSAGE][NOT_RUN] - NOT_RUN: executeJavaScript("var previewBar = document.getElementById("preview-bar-iframe"); previewBar.style.display = "none";", [])

2019-07-09 17:32:13 - [TEST_STEP][PASSED] - a = getText(findTestObject("APOLLO- Desktop/Cart flyout/Unit price - first product")): Text of object 'Object Repository/APOLLO- Desktop/Cart flyout/Unit price - first product' is: '$6.25'

2019-07-09 17:32:13 - [MESSAGE][PASSED] - Text of object 'Object Repository/APOLLO- Desktop/Cart flyout/Unit price - first product' is: '$6.25'

2019-07-09 17:32:13 - [TEST_STEP][PASSED] - comment("a=" + a): a=$6.25

2019-07-09 17:32:13 - [MESSAGE][INFO] - a=$6.25

2019-07-09 17:32:13 - [TEST_STEP][PASSED] - a1 = a.substring(1): null

2019-07-09 17:32:13 - [TEST_STEP][PASSED] - comment("a1=" + a1): a1=6.25

2019-07-09 17:32:13 - [MESSAGE][INFO] - a1=6.25

2019-07-09 17:32:13 - [TEST_STEP][PASSED] - b = getText(findTestObject("APOLLO- Desktop/Cart flyout/Unit price - second product")): Text of object 'Object Repository/APOLLO- Desktop/Cart flyout/Unit price - second product' is: '$8.50'

2019-07-09 17:32:13 - [MESSAGE][PASSED] - Text of object 'Object Repository/APOLLO- Desktop/Cart flyout/Unit price - second product' is: '$8.50'

2019-07-09 17:32:13 - [TEST_STEP][PASSED] - comment("b=" + b): b=$8.50

2019-07-09 17:32:13 - [MESSAGE][INFO] - b=$8.50

2019-07-09 17:32:13 - [TEST_STEP][PASSED] - b1 = b.substring(1): null

2019-07-09 17:32:13 - [TEST_STEP][PASSED] - comment("b1=" + b1): b1=8.50

2019-07-09 17:32:13 - [MESSAGE][INFO] - b1=8.50

2019-07-09 17:32:13 - [TEST_STEP][PASSED] - p1 = <not implemented yet for class: org.codehaus.groovy.ast.expr.EmptyExpression>: null

2019-07-09 17:32:13 - [TEST_STEP][PASSED] - p2 = <not implemented yet for class: org.codehaus.groovy.ast.expr.EmptyExpression>: null

2019-07-09 17:32:13 - [TEST_STEP][PASSED] - try: p1=6.25

2019-07-09 17:32:13 - [TEST_STEP][PASSED] - str = a1: null

2019-07-09 17:32:13 - [TEST_STEP][PASSED] - comment("str=" + str): str=6.25

2019-07-09 17:32:13 - [MESSAGE][INFO] - str=6.25

2019-07-09 17:32:13 - [TEST_STEP][PASSED] - p1 = Double.valueOf(str): null

2019-07-09 17:32:13 - [TEST_STEP][PASSED] - comment("p1=" + p1): p1=6.25

2019-07-09 17:32:13 - [MESSAGE][INFO] - p1=6.25

2019-07-09 17:32:13 - [TEST_STEP][PASSED] - try: p2=8.5

2019-07-09 17:32:13 - [TEST_STEP][PASSED] - str5 = b1: null

2019-07-09 17:32:13 - [TEST_STEP][PASSED] - comment("str5=" + str5): str5=8.50

2019-07-09 17:32:13 - [MESSAGE][INFO] - str5=8.50

2019-07-09 17:32:13 - [TEST_STEP][PASSED] - p2 = Double.valueOf(str5): null

2019-07-09 17:32:13 - [TEST_STEP][PASSED] - comment("p2=" + p2): p2=8.5

2019-07-09 17:32:13 - [MESSAGE][INFO] - p2=8.5

2019-07-09 17:32:13 - [TEST_STEP][PASSED] - total = p1 + p2: null

2019-07-09 17:32:13 - [TEST_STEP][PASSED] - comment("total=" + total): total=14.75

2019-07-09 17:32:13 - [MESSAGE][INFO] - total=14.75

2019-07-09 17:32:13 - [TEST_STEP][PASSED] - c = getText(findTestObject("APOLLO- Desktop/Cart flyout/Subtotal in cart flyout")): Text of object 'Object Repository/APOLLO- Desktop/Cart flyout/Subtotal in cart flyout' is: '$14.75'

2019-07-09 17:32:13 - [MESSAGE][PASSED] - Text of object 'Object Repository/APOLLO- Desktop/Cart flyout/Subtotal in cart flyout' is: '$14.75'

2019-07-09 17:32:13 - [TEST_STEP][PASSED] - comment("c=" + c): c=$14.75

2019-07-09 17:32:13 - [MESSAGE][INFO] - c=$14.75

2019-07-09 17:32:13 - [TEST_STEP][PASSED] - c1 = c.substring(1): null

2019-07-09 17:32:13 - [TEST_STEP][PASSED] - comment("c1=" + c1): c1=14.75

2019-07-09 17:32:13 - [MESSAGE][INFO] - c1=14.75

2019-07-09 17:32:13 - [TEST_STEP][PASSED] - p3 = <not implemented yet for class: org.codehaus.groovy.ast.expr.EmptyExpression>: null

2019-07-09 17:32:13 - [TEST_STEP][PASSED] - try: p3=14.75

2019-07-09 17:32:13 - [TEST_STEP][PASSED] - str = c1: null

2019-07-09 17:32:13 - [TEST_STEP][PASSED] - comment("str=" + str): str=14.75

2019-07-09 17:32:13 - [MESSAGE][INFO] - str=14.75

2019-07-09 17:32:13 - [TEST_STEP][PASSED] - p3 = Double.valueOf(str): null

2019-07-09 17:32:13 - [TEST_STEP][PASSED] - comment("p3=" + p3): p3=14.75

2019-07-09 17:32:13 - [MESSAGE][INFO] - p3=14.75

2019-07-09 17:32:13 - [TEST_STEP][PASSED] - verifyEqual(total, p3): Actual object '14.75' and expected object '14.75' are equal

2019-07-09 17:32:13 - [MESSAGE][PASSED] - Actual object '14.75' and expected object '14.75' are equal

2019-07-09 17:32:13 - [TEST_STEP][PASSED] - click(findTestObject("APOLLO- Desktop/Cart flyout/Checkout")): Object: 'Object Repository/APOLLO- Desktop/Cart flyout/Checkout' is clicked on

2019-07-09 17:32:13 - [MESSAGE][PASSED] - Object: 'Object Repository/APOLLO- Desktop/Cart flyout/Checkout' is clicked on

2019-07-09 17:32:13 - [TEST_STEP][PASSED] - callTestCase(findTestCase("CALL- CUSTOMER INFO PAGE"), [:], STOP_ON_FAILURE): Call Test Case 'Test Cases/CALL- CUSTOMER INFO PAGE' successfully

2019-07-09 17:32:13 - [TEST_CASE][PASSED] - Test Cases/CALL- CUSTOMER INFO PAGE: Test Cases/CALL- CUSTOMER INFO PAGE

2019-07-09 17:32:13 - [TEST_STEP][PASSED] - delay(2): Delayed 2 second(s)

2019-07-09 17:32:15 - [MESSAGE][PASSED] - Delayed 2 second(s)

2019-07-09 17:32:15 - [TEST_STEP][PASSED] - executeJavaScript("var previewBar = document.getElementById("preview-bar-iframe"); previewBar.style.display = "none";", []): Execute JavaScript 'var previewBar = document.getElementById("preview-bar-iframe"); previewBar.style.display = "none";' successfully

2019-07-09 17:32:15 - [MESSAGE][PASSED] - Execute JavaScript 'var previewBar = document.getElementById("preview-bar-iframe"); previewBar.style.display = "none";' successfully

2019-07-09 17:32:15 - [TEST_STEP][PASSED] - setText(findTestObject("APOLLO- Desktop/Customer Information page/Email"), "suman@gmail.com"): Text 'suman@gmail.com' is set on object 'Object Repository/APOLLO- Desktop/Customer Information page/Email'

2019-07-09 17:32:16 - [MESSAGE][PASSED] - Text 'suman@gmail.com' is set on object 'Object Repository/APOLLO- Desktop/Customer Information page/Email'

2019-07-09 17:32:16 - [TEST_STEP][PASSED] - delay(2): Delayed 2 second(s)

2019-07-09 17:32:18 - [MESSAGE][PASSED] - Delayed 2 second(s)

2019-07-09 17:32:18 - [TEST_STEP][PASSED] - setText(findTestObject("APOLLO- Desktop/Customer Information page/First name"), "suman"): Text 'suman' is set on object 'Object Repository/APOLLO- Desktop/Customer Information page/First name'

2019-07-09 17:32:18 - [MESSAGE][PASSED] - Text 'suman' is set on object 'Object Repository/APOLLO- Desktop/Customer Information page/First name'

2019-07-09 17:32:18 - [TEST_STEP][PASSED] - delay(2): Delayed 2 second(s)

2019-07-09 17:32:20 - [MESSAGE][PASSED] - Delayed 2 second(s)

2019-07-09 17:32:20 - [TEST_STEP][PASSED] - setText(findTestObject("APOLLO- Desktop/Customer Information page/Last name"), "kompelly"): Text 'kompelly' is set on object 'Object Repository/APOLLO- Desktop/Customer Information page/Last name'

2019-07-09 17:32:20 - [MESSAGE][PASSED] - Text 'kompelly' is set on object 'Object Repository/APOLLO- Desktop/Customer Information page/Last name'

2019-07-09 17:32:20 - [TEST_STEP][PASSED] - delay(2): Delayed 2 second(s)

2019-07-09 17:32:22 - [MESSAGE][PASSED] - Delayed 2 second(s)

2019-07-09 17:32:22 - [TEST_STEP][PASSED] - setText(findTestObject("APOLLO- Desktop/Customer Information page/Address"), "1435 st alxendre"): Text '1435 st alxendre' is set on object 'Object Repository/APOLLO- Desktop/Customer Information page/Address'

2019-07-09 17:32:22 - [MESSAGE][PASSED] - Text '1435 st alxendre' is set on object 'Object Repository/APOLLO- Desktop/Customer Information page/Address'

2019-07-09 17:32:22 - [TEST_STEP][PASSED] - setText(findTestObject("APOLLO- Desktop/Customer Information page/Apartment"), "220"): Text '220' is set on object 'Object Repository/APOLLO- Desktop/Customer Information page/Apartment'

2019-07-09 17:32:22 - [MESSAGE][PASSED] - Text '220' is set on object 'Object Repository/APOLLO- Desktop/Customer Information page/Apartment'

2019-07-09 17:32:22 - [TEST_STEP][PASSED] - setText(findTestObject("APOLLO- Desktop/Customer Information page/City"), "montreal"): Text 'montreal' is set on object 'Object Repository/APOLLO- Desktop/Customer Information page/City'

2019-07-09 17:32:22 - [MESSAGE][PASSED] - Text 'montreal' is set on object 'Object Repository/APOLLO- Desktop/Customer Information page/City'

2019-07-09 17:32:22 - [TEST_STEP][PASSED] - selectOptionByValue(findTestObject("APOLLO- Desktop/Customer Information page/Country dropdown"), "United States", true): All options with value 'United States' are selected in object 'Object Repository/APOLLO- Desktop/Customer Information page/Country dropdown'  using regular expression

2019-07-09 17:32:27 - [MESSAGE][PASSED] - All options with value 'United States' are selected in object 'Object Repository/APOLLO- Desktop/Customer Information page/Country dropdown'  using regular expression

2019-07-09 17:32:27 - [TEST_STEP][PASSED] - selectOptionByValue(findTestObject("APOLLO- Desktop/Customer Information page/states dropdown"), "NJ", true): All options with value 'NJ' are selected in object 'Object Repository/APOLLO- Desktop/Customer Information page/states dropdown'  using regular expression

2019-07-09 17:32:27 - [MESSAGE][PASSED] - All options with value 'NJ' are selected in object 'Object Repository/APOLLO- Desktop/Customer Information page/states dropdown'  using regular expression

2019-07-09 17:32:27 - [TEST_STEP][PASSED] - setText(findTestObject("APOLLO- Desktop/Customer Information page/ZIP code"), "07057"): Text '07057' is set on object 'Object Repository/APOLLO- Desktop/Customer Information page/ZIP code'

2019-07-09 17:32:28 - [MESSAGE][PASSED] - Text '07057' is set on object 'Object Repository/APOLLO- Desktop/Customer Information page/ZIP code'

2019-07-09 17:32:28 - [MESSAGE][PASSED] - Call Test Case 'Test Cases/CALL- CUSTOMER INFO PAGE' successfully

2019-07-09 17:32:28 - [TEST_STEP][PASSED] - delay(2): Delayed 2 second(s)

2019-07-09 17:32:30 - [MESSAGE][PASSED] - Delayed 2 second(s)

2019-07-09 17:32:30 - [TEST_STEP][PASSED] - callTestCase(findTestCase("CALL - SHIPPING TO PAYMENT"), [:], STOP_ON_FAILURE): Call Test Case 'Test Cases/CALL - SHIPPING TO PAYMENT' successfully

2019-07-09 17:32:30 - [TEST_CASE][PASSED] - Test Cases/CALL - SHIPPING TO PAYMENT: Test Cases/CALL - SHIPPING TO PAYMENT

2019-07-09 17:32:30 - [TEST_STEP][PASSED] - click(findTestObject("APOLLO- Desktop/Customer Information page/Continue to shipping")): Object: 'Object Repository/APOLLO- Desktop/Customer Information page/Continue to shipping' is clicked on

2019-07-09 17:32:30 - [MESSAGE][PASSED] - Object: 'Object Repository/APOLLO- Desktop/Customer Information page/Continue to shipping' is clicked on

2019-07-09 17:32:30 - [TEST_STEP][PASSED] - executeJavaScript("var previewBar = document.getElementById("preview-bar-iframe"); previewBar.style.display = "none";", []): Execute JavaScript 'var previewBar = document.getElementById("preview-bar-iframe"); previewBar.style.display = "none";' successfully

2019-07-09 17:32:30 - [MESSAGE][PASSED] - Execute JavaScript 'var previewBar = document.getElementById("preview-bar-iframe"); previewBar.style.display = "none";' successfully

2019-07-09 17:32:30 - [TEST_STEP][PASSED] - click(findTestObject("APOLLO- Desktop/Shipping page/Radio button check")): Object: 'Object Repository/APOLLO- Desktop/Shipping page/Radio button check' is clicked on

2019-07-09 17:32:33 - [MESSAGE][PASSED] - Object: 'Object Repository/APOLLO- Desktop/Shipping page/Radio button check' is clicked on

2019-07-09 17:32:33 - [TEST_STEP][PASSED] - executeJavaScript("var previewBar = document.getElementById("preview-bar-iframe"); previewBar.style.display = "none";", []): Execute JavaScript 'var previewBar = document.getElementById("preview-bar-iframe"); previewBar.style.display = "none";' successfully

2019-07-09 17:32:33 - [MESSAGE][PASSED] - Execute JavaScript 'var previewBar = document.getElementById("preview-bar-iframe"); previewBar.style.display = "none";' successfully

2019-07-09 17:32:33 - [TEST_STEP][PASSED] - click(findTestObject("APOLLO- Desktop/Shipping page/Continue to payment")): Object: 'Object Repository/APOLLO- Desktop/Shipping page/Continue to payment' is clicked on

2019-07-09 17:32:33 - [MESSAGE][PASSED] - Object: 'Object Repository/APOLLO- Desktop/Shipping page/Continue to payment' is clicked on

2019-07-09 17:32:33 - [TEST_STEP][PASSED] - executeJavaScript("var previewBar = document.getElementById("preview-bar-iframe"); previewBar.style.display = "none";", []): Execute JavaScript 'var previewBar = document.getElementById("preview-bar-iframe"); previewBar.style.display = "none";' successfully

2019-07-09 17:32:33 - [MESSAGE][PASSED] - Execute JavaScript 'var previewBar = document.getElementById("preview-bar-iframe"); previewBar.style.display = "none";' successfully

2019-07-09 17:32:33 - [TEST_STEP][PASSED] - verifyTextPresent("Payment", false): Text 'Payment' is present on page 

2019-07-09 17:32:33 - [MESSAGE][PASSED] - Text 'Payment' is present on page 

2019-07-09 17:32:33 - [MESSAGE][PASSED] - Call Test Case 'Test Cases/CALL - SHIPPING TO PAYMENT' successfully]]></system-out>
         <system-err><![CDATA[]]></system-err>
      </testcase>
      <system-out><![CDATA[2019-07-09 17:12:45 - [TEST_SUITE][FAILED] - 0.5.5: Test Cases/HOME PAGE/Welcome to ur store and gettting hungry FAILED.
Reason:
com.kms.katalon.core.exception.StepFailedException: Unable to execute JavaScript. (Root cause: org.openqa.selenium.JavascriptException: A JavaScript exception occured: null is not an object (evaluating 'previewBar.style')
Build info: version: '3.7.1', revision: '8a0099a', time: '2017-11-06T21:07:36.161Z'
System info: host: 'sumans-MacBook-Pro.local', ip: 'fe80:0:0:0:47c:ca88:4245:b7a7%en0', os.name: 'Mac OS X', os.arch: 'x86_64', os.version: '10.13.6', java.version: '1.8.0_181'
Driver info: com.kms.katalon.selenium.driver.CSafariDriver
Capabilities {acceptInsecureCerts: false, browserName: Safari, browserVersion: 12.1, javascriptEnabled: true, platform: MAC, platformName: MAC, safari:automaticInspection: false, safari:automaticProfiling: false, safari:diagnose: false, setWindowRect: true, strictFileInteractability: false, webkit:WebRTC: {DisableICECandidateFiltering: false, DisableInsecureMediaCapture: false}}
Session ID: C89B8BE8-89C3-4BD6-B938-2D4061DEF654)
	at com.kms.katalon.core.keyword.internal.KeywordMain.stepFailed(KeywordMain.groovy:36)
	at com.kms.katalon.core.webui.keyword.internal.WebUIKeywordMain.stepFailed(WebUIKeywordMain.groovy:65)
	at com.kms.katalon.core.webui.keyword.internal.WebUIKeywordMain.runKeyword(WebUIKeywordMain.groovy:27)
	at com.kms.katalon.core.webui.keyword.builtin.ExecuteJavaScriptKeyword.executeJavascript(ExecuteJavascriptKeyword.groovy:42)
	at com.kms.katalon.core.webui.keyword.builtin.ExecuteJavaScriptKeyword.execute(ExecuteJavascriptKeyword.groovy:37)
	at com.kms.katalon.core.keyword.internal.KeywordExecutor.executeKeywordForPlatform(KeywordExecutor.groovy:53)
	at com.kms.katalon.core.webui.keyword.WebUiBuiltInKeywords.executeJavaScript(WebUiBuiltInKeywords.groovy:3787)
	at com.kms.katalon.core.webui.keyword.WebUiBuiltInKeywords$executeJavaScript$1.call(Unknown Source)
	at Welcome to ur store and gettting hungry.run(Welcome to ur store and gettting hungry:29)
	at com.kms.katalon.core.main.ScriptEngine.run(ScriptEngine.java:194)
	at com.kms.katalon.core.main.ScriptEngine.runScriptAsRawText(ScriptEngine.java:119)
	at com.kms.katalon.core.main.TestCaseExecutor.runScript(TestCaseExecutor.java:328)
	at com.kms.katalon.core.main.TestCaseExecutor.doExecute(TestCaseExecutor.java:319)
	at com.kms.katalon.core.main.TestCaseExecutor.processExecutionPhase(TestCaseExecutor.java:298)
	at com.kms.katalon.core.main.TestCaseExecutor.accessMainPhase(TestCaseExecutor.java:290)
	at com.kms.katalon.core.main.TestCaseExecutor.execute(TestCaseExecutor.java:224)
	at com.kms.katalon.core.main.TestSuiteExecutor.accessTestCaseMainPhase(TestSuiteExecutor.java:129)
	at com.kms.katalon.core.main.TestSuiteExecutor.accessTestSuiteMainPhase(TestSuiteExecutor.java:112)
	at com.kms.katalon.core.main.TestSuiteExecutor.execute(TestSuiteExecutor.java:81)
	at com.kms.katalon.core.main.TestCaseMain.startTestSuite(TestCaseMain.java:149)
	at com.kms.katalon.core.main.TestCaseMain$startTestSuite$0.call(Unknown Source)
	at TempTestSuite1562706763156.run(TempTestSuite1562706763156.groovy:36)]]></system-out>
      <system-err><![CDATA[2019-07-09 17:12:45 - [TEST_SUITE][FAILED] - 0.5.5: Test Cases/HOME PAGE/Welcome to ur store and gettting hungry FAILED.
Reason:
com.kms.katalon.core.exception.StepFailedException: Unable to execute JavaScript. (Root cause: org.openqa.selenium.JavascriptException: A JavaScript exception occured: null is not an object (evaluating 'previewBar.style')
Build info: version: '3.7.1', revision: '8a0099a', time: '2017-11-06T21:07:36.161Z'
System info: host: 'sumans-MacBook-Pro.local', ip: 'fe80:0:0:0:47c:ca88:4245:b7a7%en0', os.name: 'Mac OS X', os.arch: 'x86_64', os.version: '10.13.6', java.version: '1.8.0_181'
Driver info: com.kms.katalon.selenium.driver.CSafariDriver
Capabilities {acceptInsecureCerts: false, browserName: Safari, browserVersion: 12.1, javascriptEnabled: true, platform: MAC, platformName: MAC, safari:automaticInspection: false, safari:automaticProfiling: false, safari:diagnose: false, setWindowRect: true, strictFileInteractability: false, webkit:WebRTC: {DisableICECandidateFiltering: false, DisableInsecureMediaCapture: false}}
Session ID: C89B8BE8-89C3-4BD6-B938-2D4061DEF654)
	at com.kms.katalon.core.keyword.internal.KeywordMain.stepFailed(KeywordMain.groovy:36)
	at com.kms.katalon.core.webui.keyword.internal.WebUIKeywordMain.stepFailed(WebUIKeywordMain.groovy:65)
	at com.kms.katalon.core.webui.keyword.internal.WebUIKeywordMain.runKeyword(WebUIKeywordMain.groovy:27)
	at com.kms.katalon.core.webui.keyword.builtin.ExecuteJavaScriptKeyword.executeJavascript(ExecuteJavascriptKeyword.groovy:42)
	at com.kms.katalon.core.webui.keyword.builtin.ExecuteJavaScriptKeyword.execute(ExecuteJavascriptKeyword.groovy:37)
	at com.kms.katalon.core.keyword.internal.KeywordExecutor.executeKeywordForPlatform(KeywordExecutor.groovy:53)
	at com.kms.katalon.core.webui.keyword.WebUiBuiltInKeywords.executeJavaScript(WebUiBuiltInKeywords.groovy:3787)
	at com.kms.katalon.core.webui.keyword.WebUiBuiltInKeywords$executeJavaScript$1.call(Unknown Source)
	at Welcome to ur store and gettting hungry.run(Welcome to ur store and gettting hungry:29)
	at com.kms.katalon.core.main.ScriptEngine.run(ScriptEngine.java:194)
	at com.kms.katalon.core.main.ScriptEngine.runScriptAsRawText(ScriptEngine.java:119)
	at com.kms.katalon.core.main.TestCaseExecutor.runScript(TestCaseExecutor.java:328)
	at com.kms.katalon.core.main.TestCaseExecutor.doExecute(TestCaseExecutor.java:319)
	at com.kms.katalon.core.main.TestCaseExecutor.processExecutionPhase(TestCaseExecutor.java:298)
	at com.kms.katalon.core.main.TestCaseExecutor.accessMainPhase(TestCaseExecutor.java:290)
	at com.kms.katalon.core.main.TestCaseExecutor.execute(TestCaseExecutor.java:224)
	at com.kms.katalon.core.main.TestSuiteExecutor.accessTestCaseMainPhase(TestSuiteExecutor.java:129)
	at com.kms.katalon.core.main.TestSuiteExecutor.accessTestSuiteMainPhase(TestSuiteExecutor.java:112)
	at com.kms.katalon.core.main.TestSuiteExecutor.execute(TestSuiteExecutor.java:81)
	at com.kms.katalon.core.main.TestCaseMain.startTestSuite(TestCaseMain.java:149)
	at com.kms.katalon.core.main.TestCaseMain$startTestSuite$0.call(Unknown Source)
	at TempTestSuite1562706763156.run(TempTestSuite1562706763156.groovy:36)]]></system-err>
   </testsuite>
</testsuites>
